Using pre-set license
Built from '2022.3/staging' branch; Version is '2022.3.7f1 (b16b3b16c7a0) revision 11627323'; Using compiler version '192829333'; Build Type 'Release'
OS: 'Windows 10  (10.0.19045) 64bit Education' Language: 'ru' Physical Memory: 16085 MB
BatchMode: 1, IsHumanControllingUs: 0, StartBugReporterOnCrash: 0, Is64bit: 1, IsPro: 1

COMMAND LINE ARGUMENTS:
D:\unity\Unity\2022.3.7f1\Editor\Unity.exe
-adb2
-batchMode
-noUpm
-name
AssetImportWorker46
-projectPath
D:/Github/RogueLike_1/RogueLike
-logFile
Logs/AssetImportWorker46.log
-srvPort
62272
Successfully changed project path to: D:/Github/RogueLike_1/RogueLike
D:/Github/RogueLike_1/RogueLike
[UnityMemory] Configuration Parameters - Can be set up in boot.config
    "memorysetup-bucket-allocator-granularity=16"
    "memorysetup-bucket-allocator-bucket-count=8"
    "memorysetup-bucket-allocator-block-size=33554432"
    "memorysetup-bucket-allocator-block-count=8"
    "memorysetup-main-allocator-block-size=16777216"
    "memorysetup-thread-allocator-block-size=16777216"
    "memorysetup-gfx-main-allocator-block-size=16777216"
    "memorysetup-gfx-thread-allocator-block-size=16777216"
    "memorysetup-cache-allocator-block-size=4194304"
    "memorysetup-typetree-allocator-block-size=2097152"
    "memorysetup-profiler-bucket-allocator-granularity=16"
    "memorysetup-profiler-bucket-allocator-bucket-count=8"
    "memorysetup-profiler-bucket-allocator-block-size=33554432"
    "memorysetup-profiler-bucket-allocator-block-count=8"
    "memorysetup-profiler-allocator-block-size=16777216"
    "memorysetup-profiler-editor-allocator-block-size=1048576"
    "memorysetup-temp-allocator-size-main=16777216"
    "memorysetup-job-temp-allocator-block-size=2097152"
    "memorysetup-job-temp-allocator-block-size-background=1048576"
    "memorysetup-job-temp-allocator-reduction-small-platforms=262144"
    "memorysetup-allocator-temp-initial-block-size-main=262144"
    "memorysetup-allocator-temp-initial-block-size-worker=262144"
    "memorysetup-temp-allocator-size-background-worker=32768"
    "memorysetup-temp-allocator-size-job-worker=262144"
    "memorysetup-temp-allocator-size-preload-manager=33554432"
    "memorysetup-temp-allocator-size-nav-mesh-worker=65536"
    "memorysetup-temp-allocator-size-audio-worker=65536"
    "memorysetup-temp-allocator-size-cloud-worker=32768"
    "memorysetup-temp-allocator-size-gi-baking-worker=262144"
    "memorysetup-temp-allocator-size-gfx=262144"
Player connection [24196] Host "[IP] 192.168.0.101 [Port] 0 [Flags] 2 [Guid] 1891665721 [EditorId] 1891665721 [Version] 1048832 [Id] WindowsEditor(7,DESKTOP-6VIK7N9) [Debug] 1 [PackageName] WindowsEditor [ProjectName] Editor" joined multi-casting on [225.0.0.222:54997]...

Player connection [24196] Host "[IP] 192.168.0.101 [Port] 0 [Flags] 2 [Guid] 1891665721 [EditorId] 1891665721 [Version] 1048832 [Id] WindowsEditor(7,DESKTOP-6VIK7N9) [Debug] 1 [PackageName] WindowsEditor [ProjectName] Editor" joined alternative multi-casting on [225.0.0.222:34997]...

Refreshing native plugins compatible for Editor in 5.64 ms, found 4 plugins.
Preloading 0 native plugins for Editor in 0.00 ms.
Initialize engine version: 2022.3.7f1 (b16b3b16c7a0)
[Subsystems] Discovering subsystems at path D:/unity/Unity/2022.3.7f1/Editor/Data/Resources/UnitySubsystems
[Subsystems] Discovering subsystems at path D:/Github/RogueLike_1/RogueLike/Assets
GfxDevice: creating device client; threaded=0; jobified=0
Direct3D:
    Version:  Direct3D 11.0 [level 11.1]
    Renderer: NVIDIA GeForce RTX 3050 Ti Laptop GPU (ID=0x25a0)
    Vendor:   NVIDIA
    VRAM:     3977 MB
    Driver:   31.0.15.4629
Initialize mono
Mono path[0] = 'D:/unity/Unity/2022.3.7f1/Editor/Data/Managed'
Mono path[1] = 'D:/unity/Unity/2022.3.7f1/Editor/Data/MonoBleedingEdge/lib/mono/unityjit-win32'
Mono config path = 'D:/unity/Unity/2022.3.7f1/Editor/Data/MonoBleedingEdge/etc'
Using monoOptions --debugger-agent=transport=dt_socket,embedding=1,server=y,suspend=n,address=127.0.0.1:56728
Begin MonoManager ReloadAssembly
Registering precompiled unity dll's ...
Register platform support module: D:/unity/Unity/2022.3.7f1/Editor/Data/PlaybackEngines/WebGLSupport/UnityEditor.WebGL.Extensions.dll
Register platform support module: D:/unity/Unity/2022.3.7f1/Editor/Data/PlaybackEngines/AndroidPlayer/UnityEditor.Android.Extensions.dll
Register platform support module: D:/unity/Unity/2022.3.7f1/Editor/Data/PlaybackEngines/WindowsStandaloneSupport/UnityEditor.WindowsStandalone.Extensions.dll
Registered in 0.003914 seconds.
- Loaded All Assemblies, in  0.278 seconds
Native extension for WindowsStandalone target not found
Native extension for Android target not found
Android Extension - Scanning For ADB Devices 207 ms
Native extension for WebGL target not found
Mono: successfully reloaded assembly
- Finished resetting the current domain, in  0.471 seconds
Domain Reload Profiling: 749ms
	BeginReloadAssembly (80ms)
		ExecutionOrderSort (0ms)
		DisableScriptedObjects (0ms)
		BackupInstance (0ms)
		ReleaseScriptingObjects (0ms)
		CreateAndSetChildDomain (1ms)
	RebuildCommonClasses (27ms)
	RebuildNativeTypeToScriptingClass (9ms)
	initialDomainReloadingComplete (40ms)
	LoadAllAssembliesAndSetupDomain (122ms)
		LoadAssemblies (80ms)
		RebuildTransferFunctionScriptingTraits (0ms)
		AnalyzeDomain (120ms)
			TypeCache.Refresh (119ms)
				TypeCache.ScanAssembly (108ms)
			ScanForSourceGeneratedMonoScriptInfo (0ms)
			ResolveRequiredComponents (0ms)
	FinalizeReload (471ms)
		ReleaseScriptCaches (0ms)
		RebuildScriptCaches (0ms)
		SetupLoadedEditorAssemblies (422ms)
			LogAssemblyErrors (0ms)
			InitializePlatformSupportModulesInManaged (296ms)
			SetLoadedEditorAssemblies (4ms)
			RefreshPlugins (0ms)
			BeforeProcessingInitializeOnLoad (2ms)
			ProcessInitializeOnLoadAttributes (80ms)
			ProcessInitializeOnLoadMethodAttributes (40ms)
			AfterProcessingInitializeOnLoad (0ms)
			EditorAssembliesLoaded (0ms)
		ExecutionOrderSort2 (0ms)
		AwakeInstancesAfterBackupRestoration (0ms)
========================================================================
Worker process is ready to serve import requests
Begin MonoManager ReloadAssembly
Symbol file LoadedFromMemory doesn't match image D:\Github\RogueLike_1\RogueLike\Library\PackageCache\com.unity.visualscripting@1.8.0\Editor\VisualScripting.Core\Dependencies\YamlDotNet\Unity.VisualScripting.YamlDotNet.dll
Symbol file LoadedFromMemory doesn't match image D:\Github\RogueLike_1\RogueLike\Library\PackageCache\com.unity.visualscripting@1.8.0\Editor\VisualScripting.Core\Dependencies\DotNetZip\Unity.VisualScripting.IonicZip.dll
- Loaded All Assemblies, in  0.632 seconds
Refreshing native plugins compatible for Editor in 2.12 ms, found 4 plugins.
Native extension for WindowsStandalone target not found
Native extension for Android target not found
Native extension for WebGL target not found
Mono: successfully reloaded assembly
- Finished resetting the current domain, in  0.653 seconds
Domain Reload Profiling: 1285ms
	BeginReloadAssembly (145ms)
		ExecutionOrderSort (0ms)
		DisableScriptedObjects (5ms)
		BackupInstance (0ms)
		ReleaseScriptingObjects (0ms)
		CreateAndSetChildDomain (24ms)
	RebuildCommonClasses (34ms)
	RebuildNativeTypeToScriptingClass (10ms)
	initialDomainReloadingComplete (44ms)
	LoadAllAssembliesAndSetupDomain (397ms)
		LoadAssemblies (263ms)
		RebuildTransferFunctionScriptingTraits (0ms)
		AnalyzeDomain (215ms)
			TypeCache.Refresh (176ms)
				TypeCache.ScanAssembly (158ms)
			ScanForSourceGeneratedMonoScriptInfo (28ms)
			ResolveRequiredComponents (10ms)
	FinalizeReload (654ms)
		ReleaseScriptCaches (0ms)
		RebuildScriptCaches (0ms)
		SetupLoadedEditorAssemblies (495ms)
			LogAssemblyErrors (0ms)
			InitializePlatformSupportModulesInManaged (19ms)
			SetLoadedEditorAssemblies (3ms)
			RefreshPlugins (0ms)
			BeforeProcessingInitializeOnLoad (71ms)
			ProcessInitializeOnLoadAttributes (327ms)
			ProcessInitializeOnLoadMethodAttributes (72ms)
			AfterProcessingInitializeOnLoad (2ms)
			EditorAssembliesLoaded (0ms)
		ExecutionOrderSort2 (0ms)
		AwakeInstancesAfterBackupRestoration (5ms)
Launched and connected shader compiler UnityShaderCompiler.exe after 0.03 seconds
Refreshing native plugins compatible for Editor in 2.11 ms, found 4 plugins.
Preloading 0 native plugins for Editor in 0.00 ms.
Unloading 6578 Unused Serialized files (Serialized files now loaded: 0)
Unloading 115 unused Assets / (1.6 MB). Loaded Objects now: 7058.
Memory consumption went from 278.7 MB to 277.1 MB.
Total: 3.811100 ms (FindLiveObjects: 0.436300 ms CreateObjectMapping: 0.284000 ms MarkObjects: 2.832800 ms  DeleteObjects: 0.257000 ms)

AssetImportParameters requested are different than current active one (requested -> active):
  custom:container-demuxer-ogg: 62fdf1f143b41e24485cea50d1cbac27 -> 
  custom:framework-win-MediaFoundation: 216162199b28c13a410421893ffa2e32 -> 
  custom:container-muxer-webm: aa71ff27fc2769a1b78a27578f13a17b -> 
  custom:video-decoder-webm-vp8: 9c59270c3fd7afecdb556c50c9e8de78 -> 
  custom:SearchIndexIgnoredProperties: e643bd26f0fe6173181afceb89e7c659 -> 
  custom:AudioImporter_EditorPlatform: d09bf68614088b80899f8185d706f6e7 -> 
  custom:audio-decoder-ogg-vorbis: bf7c407c2cedff20999df2af8eb42d56 -> 
  custom:audio-encoder-webm-vorbis: bf7c407c2cedff20999df2af8eb42d56 -> 
  custom:video-decoder-ogg-theora: a1e56fd34408186e4bbccfd4996cb3dc -> 
  custom:CustomObjectIndexerAttribute: d54d2f2da18e7612c182cf67624b6b12 -> 
  custom:container-demuxer-webm: 4f35f7cbe854078d1ac9338744f61a02 -> 
  custom:video-encoder-webm-vp8: eb34c28f22e8b96e1ab97ce403110664 -> 
========================================================================
Received Import Request.
  Time since last request: 380532.037278 seconds.
  path: Assets/Craft Items/WeaponMod/WeaponMod 2.asset
  artifactKey: Guid(8f51cd707500b57459fcb0efc3ef07a9) Importer(815301076,1909f56bfc062723c751e8b465ee728b)
Start importing Assets/Craft Items/WeaponMod/WeaponMod 2.asset using Guid(8f51cd707500b57459fcb0efc3ef07a9) Importer(815301076,1909f56bfc062723c751e8b465ee728b)  -> (artifact id: 'd5dd56196666049644d9c23e7a7d29ec') in 0.037949 seconds
Number of updated asset objects reloaded before import = 0
Number of asset objects unloaded after import = 24
========================================================================
Received Import Request.
  Time since last request: 6.532210 seconds.
  path: Assets/Craft Items/Helmets/Helmet 1/2 Helmet 1 green.asset
  artifactKey: Guid(e02a977ca3ed7654ab6dd85568218c40) Importer(815301076,1909f56bfc062723c751e8b465ee728b)
Start importing Assets/Craft Items/Helmets/Helmet 1/2 Helmet 1 green.asset using Guid(e02a977ca3ed7654ab6dd85568218c40) Importer(815301076,1909f56bfc062723c751e8b465ee728b)  -> (artifact id: '4fc9e89dfb55ee3cf2ddde426ea2665b') in 0.061915 seconds
Number of updated asset objects reloaded before import = 0
Number of asset objects unloaded after import = 64
========================================================================
Received Import Request.
  Time since last request: 0.000018 seconds.
  path: Assets/Craft Items/Helmets/Helmet 1/4 Helmet 1_violet.asset
  artifactKey: Guid(64e993748ab292743bfd3fb9b3a637ce) Importer(815301076,1909f56bfc062723c751e8b465ee728b)
Start importing Assets/Craft Items/Helmets/Helmet 1/4 Helmet 1_violet.asset using Guid(64e993748ab292743bfd3fb9b3a637ce) Importer(815301076,1909f56bfc062723c751e8b465ee728b)  -> (artifact id: '4511492af2b5dd35049ea791d5cb0e32') in 0.029161 seconds
Number of updated asset objects reloaded before import = 0
Number of asset objects unloaded after import = 64
========================================================================
Received Import Request.
  Time since last request: 6.520933 seconds.
  path: Assets/Craft Items/Helmets/Helmet 3/3 Helmet 3_blue.asset
  artifactKey: Guid(f4ff6974ed401734ab46eb4d024cbb3b) Importer(815301076,1909f56bfc062723c751e8b465ee728b)
Start importing Assets/Craft Items/Helmets/Helmet 3/3 Helmet 3_blue.asset using Guid(f4ff6974ed401734ab46eb4d024cbb3b) Importer(815301076,1909f56bfc062723c751e8b465ee728b)  -> (artifact id: 'e1ef7acc4920458c497601029a7c1bbd') in 0.002723 seconds
Number of updated asset objects reloaded before import = 0
Number of asset objects unloaded after import = 15
========================================================================
Received Import Request.
  Time since last request: 0.000015 seconds.
  path: Assets/Craft Items/Helmets/Helmet 3/4 Helmet 3_violet.asset
  artifactKey: Guid(eb3661c17c6fb3e46a8043b4470b3f96) Importer(815301076,1909f56bfc062723c751e8b465ee728b)
Start importing Assets/Craft Items/Helmets/Helmet 3/4 Helmet 3_violet.asset using Guid(eb3661c17c6fb3e46a8043b4470b3f96) Importer(815301076,1909f56bfc062723c751e8b465ee728b)  -> (artifact id: '8c4067093a9feeb63e8bf91001946b32') in 0.003291 seconds
Number of updated asset objects reloaded before import = 0
Number of asset objects unloaded after import = 15
========================================================================
Received Import Request.
  Time since last request: 0.000018 seconds.
  path: Assets/Craft Items/Helmets/Helmet 3/5 Helmet 3_red.asset
  artifactKey: Guid(5d70b3b1e0eaf6a4a9a4f725354937f2) Importer(815301076,1909f56bfc062723c751e8b465ee728b)
Start importing Assets/Craft Items/Helmets/Helmet 3/5 Helmet 3_red.asset using Guid(5d70b3b1e0eaf6a4a9a4f725354937f2) Importer(815301076,1909f56bfc062723c751e8b465ee728b)  -> (artifact id: '2ad5ff079ab64321f612fa72afaa23db') in 0.002405 seconds
Number of updated asset objects reloaded before import = 0
Number of asset objects unloaded after import = 15
========================================================================
Received Import Request.
  Time since last request: 174.806270 seconds.
  path: Assets/Sprites/Inventory/Helmet/Helmet 1/Helmet 1_green.png
  artifactKey: Guid(60b8468adc0205a4897f431393f580c9) Importer(815301076,1909f56bfc062723c751e8b465ee728b)
Start importing Assets/Sprites/Inventory/Helmet/Helmet 1/Helmet 1_green.png using Guid(60b8468adc0205a4897f431393f580c9) Importer(815301076,1909f56bfc062723c751e8b465ee728b)  -> (artifact id: '568e0837c20a555fdccc21e88c33e3b4') in 0.002403 seconds
Number of updated asset objects reloaded before import = 0
Number of asset objects unloaded after import = 2
========================================================================
Received Import Request.
  Time since last request: 0.000017 seconds.
  path: Assets/Sprites/Inventory/Helmet/Helmet 1/Helmet 1_white.png
  artifactKey: Guid(3e182177d26368c489671b6e05f377ca) Importer(815301076,1909f56bfc062723c751e8b465ee728b)
Start importing Assets/Sprites/Inventory/Helmet/Helmet 1/Helmet 1_white.png using Guid(3e182177d26368c489671b6e05f377ca) Importer(815301076,1909f56bfc062723c751e8b465ee728b)  -> (artifact id: '79cd04cc2c431de1a8ac3cb5c0820cb4') in 0.001833 seconds
Number of updated asset objects reloaded before import = 0
Number of asset objects unloaded after import = 2
========================================================================
Received Import Request.
  Time since last request: 35.874180 seconds.
  path: Assets/Sprites/Inventory/Helmet/Helmet 2/Helmet 2 green kontur.png
  artifactKey: Guid(a4e33c363625a4f459a487d8b8ca6698) Importer(815301076,1909f56bfc062723c751e8b465ee728b)
Start importing Assets/Sprites/Inventory/Helmet/Helmet 2/Helmet 2 green kontur.png using Guid(a4e33c363625a4f459a487d8b8ca6698) Importer(815301076,1909f56bfc062723c751e8b465ee728b)  -> (artifact id: '2e990634b4e4906186742fd64bfa6cb1') in 0.002317 seconds
Number of updated asset objects reloaded before import = 0
Number of asset objects unloaded after import = 2
========================================================================
Received Import Request.
  Time since last request: 0.000052 seconds.
  path: Assets/Sprites/Inventory/Helmet/Helmet 2/helmet 2 test.png
  artifactKey: Guid(7ed34d84035188b4181925992fcb5515) Importer(815301076,1909f56bfc062723c751e8b465ee728b)
Start importing Assets/Sprites/Inventory/Helmet/Helmet 2/helmet 2 test.png using Guid(7ed34d84035188b4181925992fcb5515) Importer(815301076,1909f56bfc062723c751e8b465ee728b)  -> (artifact id: '97c2d87919ed1393dc743a1042a23dfc') in 0.002034 seconds
Number of updated asset objects reloaded before import = 0
Number of asset objects unloaded after import = 2
========================================================================
Received Import Request.
  Time since last request: 53.956865 seconds.
  path: Assets/Prefabs/Items/Helmets/Helmet 1/4 Helmet 1 Violet.prefab
  artifactKey: Guid(3894656910a6f2843a02c0263c2b9a27) Importer(815301076,1909f56bfc062723c751e8b465ee728b)
Start importing Assets/Prefabs/Items/Helmets/Helmet 1/4 Helmet 1 Violet.prefab using Guid(3894656910a6f2843a02c0263c2b9a27) Importer(815301076,1909f56bfc062723c751e8b465ee728b)  -> (artifact id: '084d14b396298dc1665e4ed7c0485131') in 0.030949 seconds
Number of updated asset objects reloaded before import = 0
Number of asset objects unloaded after import = 64
========================================================================
Received Import Request.
  Time since last request: 2.822800 seconds.
  path: Assets/Prefabs/Items/Helmets/Helmet 1/4 Helmet 1 Violet.prefab
  artifactKey: Guid(3894656910a6f2843a02c0263c2b9a27) Importer(815301076,1909f56bfc062723c751e8b465ee728b)
Start importing Assets/Prefabs/Items/Helmets/Helmet 1/4 Helmet 1 Violet.prefab using Guid(3894656910a6f2843a02c0263c2b9a27) Importer(815301076,1909f56bfc062723c751e8b465ee728b)  -> (artifact id: 'eca65feec4e5ccc137f33c552e6663f3') in 0.028374 seconds
Number of updated asset objects reloaded before import = 0
Number of asset objects unloaded after import = 64
========================================================================
Received Import Request.
  Time since last request: 2.095984 seconds.
  path: Assets/Prefabs/Items/Helmets/Helmet 1/4 Helmet 1 Violet.prefab
  artifactKey: Guid(3894656910a6f2843a02c0263c2b9a27) Importer(815301076,1909f56bfc062723c751e8b465ee728b)
Start importing Assets/Prefabs/Items/Helmets/Helmet 1/4 Helmet 1 Violet.prefab using Guid(3894656910a6f2843a02c0263c2b9a27) Importer(815301076,1909f56bfc062723c751e8b465ee728b)  -> (artifact id: '2e6af6ce9b7ecf76cc66f1ff0a724771') in 0.031907 seconds
Number of updated asset objects reloaded before import = 0
Number of asset objects unloaded after import = 64
========================================================================
Received Prepare
Begin MonoManager ReloadAssembly
Symbol file LoadedFromMemory doesn't match image D:\Github\RogueLike_1\RogueLike\Library\PackageCache\com.unity.visualscripting@1.8.0\Editor\VisualScripting.Core\Dependencies\YamlDotNet\Unity.VisualScripting.YamlDotNet.dll
Symbol file LoadedFromMemory doesn't match image D:\Github\RogueLike_1\RogueLike\Library\PackageCache\com.unity.visualscripting@1.8.0\Editor\VisualScripting.Core\Dependencies\DotNetZip\Unity.VisualScripting.IonicZip.dll
- Loaded All Assemblies, in  0.510 seconds
Refreshing native plugins compatible for Editor in 3.79 ms, found 4 plugins.
Native extension for WindowsStandalone target not found
Native extension for Android target not found
Native extension for WebGL target not found
Mono: successfully reloaded assembly
- Finished resetting the current domain, in  1.452 seconds
Domain Reload Profiling: 1961ms
	BeginReloadAssembly (175ms)
		ExecutionOrderSort (0ms)
		DisableScriptedObjects (19ms)
		BackupInstance (0ms)
		ReleaseScriptingObjects (0ms)
		CreateAndSetChildDomain (54ms)
	RebuildCommonClasses (39ms)
	RebuildNativeTypeToScriptingClass (10ms)
	initialDomainReloadingComplete (24ms)
	LoadAllAssembliesAndSetupDomain (260ms)
		LoadAssemblies (284ms)
		RebuildTransferFunctionScriptingTraits (0ms)
		AnalyzeDomain (46ms)
			TypeCache.Refresh (17ms)
				TypeCache.ScanAssembly (0ms)
			ScanForSourceGeneratedMonoScriptInfo (1ms)
			ResolveRequiredComponents (27ms)
	FinalizeReload (1452ms)
		ReleaseScriptCaches (0ms)
		RebuildScriptCaches (0ms)
		SetupLoadedEditorAssemblies (694ms)
			LogAssemblyErrors (0ms)
			InitializePlatformSupportModulesInManaged (49ms)
			SetLoadedEditorAssemblies (5ms)
			RefreshPlugins (0ms)
			BeforeProcessingInitializeOnLoad (106ms)
			ProcessInitializeOnLoadAttributes (427ms)
			ProcessInitializeOnLoadMethodAttributes (100ms)
			AfterProcessingInitializeOnLoad (5ms)
			EditorAssembliesLoaded (0ms)
		ExecutionOrderSort2 (0ms)
		AwakeInstancesAfterBackupRestoration (16ms)
Refreshing native plugins compatible for Editor in 4.21 ms, found 4 plugins.
Preloading 0 native plugins for Editor in 0.00 ms.
Unloading 6380 Unused Serialized files (Serialized files now loaded: 0)
Unloading 62 unused Assets / (1.6 MB). Loaded Objects now: 7077.
Memory consumption went from 239.2 MB to 237.6 MB.
Total: 6.160200 ms (FindLiveObjects: 0.531600 ms CreateObjectMapping: 0.422600 ms MarkObjects: 4.569100 ms  DeleteObjects: 0.635400 ms)

Prepare: number of updated asset objects reloaded= 0
AssetImportParameters requested are different than current active one (requested -> active):
  custom:container-demuxer-ogg: 62fdf1f143b41e24485cea50d1cbac27 -> 
  custom:framework-win-MediaFoundation: 216162199b28c13a410421893ffa2e32 -> 
  custom:container-muxer-webm: aa71ff27fc2769a1b78a27578f13a17b -> 
  custom:video-decoder-webm-vp8: 9c59270c3fd7afecdb556c50c9e8de78 -> 
  custom:SearchIndexIgnoredProperties: e643bd26f0fe6173181afceb89e7c659 -> 
  custom:AudioImporter_EditorPlatform: d09bf68614088b80899f8185d706f6e7 -> 
  custom:audio-decoder-ogg-vorbis: bf7c407c2cedff20999df2af8eb42d56 -> 
  custom:audio-encoder-webm-vorbis: bf7c407c2cedff20999df2af8eb42d56 -> 
  custom:video-decoder-ogg-theora: a1e56fd34408186e4bbccfd4996cb3dc -> 
  custom:CustomObjectIndexerAttribute: d54d2f2da18e7612c182cf67624b6b12 -> 
  custom:container-demuxer-webm: 4f35f7cbe854078d1ac9338744f61a02 -> 
  custom:video-encoder-webm-vp8: eb34c28f22e8b96e1ab97ce403110664 -> 
Editor requested this worker to shutdown with reason: Scaling down because of idle timeout
TcpMessagingSession - receive error: operation aborted. errorcode: 995, details: ќпераци€ ввода/вывода была прервана из-за завершени€ потока команд или по запросу приложени€.
AssetImportWorker is now disconnected from the server
Process exiting
Exiting without the bug reporter. Application will terminate with return code 0