Using pre-set license
Built from '2022.3/staging' branch; Version is '2022.3.7f1 (b16b3b16c7a0) revision 11627323'; Using compiler version '192829333'; Build Type 'Release'
OS: 'Windows 10  (10.0.19045) 64bit Education' Language: 'ru' Physical Memory: 16085 MB
BatchMode: 1, IsHumanControllingUs: 0, StartBugReporterOnCrash: 0, Is64bit: 1, IsPro: 1

COMMAND LINE ARGUMENTS:
D:\unity\Unity\2022.3.7f1\Editor\Unity.exe
-adb2
-batchMode
-noUpm
-name
AssetImportWorker25
-projectPath
D:/Github/RogueLike_1/RogueLike
-logFile
Logs/AssetImportWorker25.log
-srvPort
62272
Successfully changed project path to: D:/Github/RogueLike_1/RogueLike
D:/Github/RogueLike_1/RogueLike
[UnityMemory] Configuration Parameters - Can be set up in boot.config
    "memorysetup-bucket-allocator-granularity=16"
    "memorysetup-bucket-allocator-bucket-count=8"
    "memorysetup-bucket-allocator-block-size=33554432"
    "memorysetup-bucket-allocator-block-count=8"
    "memorysetup-main-allocator-block-size=16777216"
    "memorysetup-thread-allocator-block-size=16777216"
    "memorysetup-gfx-main-allocator-block-size=16777216"
    "memorysetup-gfx-thread-allocator-block-size=16777216"
    "memorysetup-cache-allocator-block-size=4194304"
    "memorysetup-typetree-allocator-block-size=2097152"
    "memorysetup-profiler-bucket-allocator-granularity=16"
    "memorysetup-profiler-bucket-allocator-bucket-count=8"
    "memorysetup-profiler-bucket-allocator-block-size=33554432"
    "memorysetup-profiler-bucket-allocator-block-count=8"
    "memorysetup-profiler-allocator-block-size=16777216"
    "memorysetup-profiler-editor-allocator-block-size=1048576"
    "memorysetup-temp-allocator-size-main=16777216"
    "memorysetup-job-temp-allocator-block-size=2097152"
    "memorysetup-job-temp-allocator-block-size-background=1048576"
    "memorysetup-job-temp-allocator-reduction-small-platforms=262144"
    "memorysetup-allocator-temp-initial-block-size-main=262144"
    "memorysetup-allocator-temp-initial-block-size-worker=262144"
    "memorysetup-temp-allocator-size-background-worker=32768"
    "memorysetup-temp-allocator-size-job-worker=262144"
    "memorysetup-temp-allocator-size-preload-manager=33554432"
    "memorysetup-temp-allocator-size-nav-mesh-worker=65536"
    "memorysetup-temp-allocator-size-audio-worker=65536"
    "memorysetup-temp-allocator-size-cloud-worker=32768"
    "memorysetup-temp-allocator-size-gi-baking-worker=262144"
    "memorysetup-temp-allocator-size-gfx=262144"
Player connection [2692] Host "[IP] 192.168.0.101 [Port] 0 [Flags] 2 [Guid] 3310026124 [EditorId] 3310026124 [Version] 1048832 [Id] WindowsEditor(7,DESKTOP-6VIK7N9) [Debug] 1 [PackageName] WindowsEditor [ProjectName] Editor" joined multi-casting on [225.0.0.222:54997]...

Player connection [2692] Host "[IP] 192.168.0.101 [Port] 0 [Flags] 2 [Guid] 3310026124 [EditorId] 3310026124 [Version] 1048832 [Id] WindowsEditor(7,DESKTOP-6VIK7N9) [Debug] 1 [PackageName] WindowsEditor [ProjectName] Editor" joined alternative multi-casting on [225.0.0.222:34997]...

Refreshing native plugins compatible for Editor in 5.55 ms, found 4 plugins.
Preloading 0 native plugins for Editor in 0.00 ms.
Initialize engine version: 2022.3.7f1 (b16b3b16c7a0)
[Subsystems] Discovering subsystems at path D:/unity/Unity/2022.3.7f1/Editor/Data/Resources/UnitySubsystems
[Subsystems] Discovering subsystems at path D:/Github/RogueLike_1/RogueLike/Assets
GfxDevice: creating device client; threaded=0; jobified=0
Direct3D:
    Version:  Direct3D 11.0 [level 11.1]
    Renderer: NVIDIA GeForce RTX 3050 Ti Laptop GPU (ID=0x25a0)
    Vendor:   NVIDIA
    VRAM:     3977 MB
    Driver:   31.0.15.4629
Initialize mono
Mono path[0] = 'D:/unity/Unity/2022.3.7f1/Editor/Data/Managed'
Mono path[1] = 'D:/unity/Unity/2022.3.7f1/Editor/Data/MonoBleedingEdge/lib/mono/unityjit-win32'
Mono config path = 'D:/unity/Unity/2022.3.7f1/Editor/Data/MonoBleedingEdge/etc'
Using monoOptions --debugger-agent=transport=dt_socket,embedding=1,server=y,suspend=n,address=127.0.0.1:56808
Begin MonoManager ReloadAssembly
Registering precompiled unity dll's ...
Register platform support module: D:/unity/Unity/2022.3.7f1/Editor/Data/PlaybackEngines/WebGLSupport/UnityEditor.WebGL.Extensions.dll
Register platform support module: D:/unity/Unity/2022.3.7f1/Editor/Data/PlaybackEngines/AndroidPlayer/UnityEditor.Android.Extensions.dll
Register platform support module: D:/unity/Unity/2022.3.7f1/Editor/Data/PlaybackEngines/WindowsStandaloneSupport/UnityEditor.WindowsStandalone.Extensions.dll
Registered in 0.004860 seconds.
- Loaded All Assemblies, in  0.321 seconds
Native extension for WindowsStandalone target not found
Native extension for Android target not found
Android Extension - Scanning For ADB Devices 206 ms
Native extension for WebGL target not found
Mono: successfully reloaded assembly
- Finished resetting the current domain, in  0.476 seconds
Domain Reload Profiling: 796ms
	BeginReloadAssembly (90ms)
		ExecutionOrderSort (0ms)
		DisableScriptedObjects (0ms)
		BackupInstance (0ms)
		ReleaseScriptingObjects (0ms)
		CreateAndSetChildDomain (1ms)
	RebuildCommonClasses (39ms)
	RebuildNativeTypeToScriptingClass (13ms)
	initialDomainReloadingComplete (45ms)
	LoadAllAssembliesAndSetupDomain (133ms)
		LoadAssemblies (90ms)
		RebuildTransferFunctionScriptingTraits (0ms)
		AnalyzeDomain (130ms)
			TypeCache.Refresh (129ms)
				TypeCache.ScanAssembly (115ms)
			ScanForSourceGeneratedMonoScriptInfo (0ms)
			ResolveRequiredComponents (0ms)
	FinalizeReload (476ms)
		ReleaseScriptCaches (0ms)
		RebuildScriptCaches (0ms)
		SetupLoadedEditorAssemblies (428ms)
			LogAssemblyErrors (0ms)
			InitializePlatformSupportModulesInManaged (296ms)
			SetLoadedEditorAssemblies (3ms)
			RefreshPlugins (0ms)
			BeforeProcessingInitializeOnLoad (2ms)
			ProcessInitializeOnLoadAttributes (91ms)
			ProcessInitializeOnLoadMethodAttributes (35ms)
			AfterProcessingInitializeOnLoad (0ms)
			EditorAssembliesLoaded (0ms)
		ExecutionOrderSort2 (0ms)
		AwakeInstancesAfterBackupRestoration (0ms)
========================================================================
Worker process is ready to serve import requests
Begin MonoManager ReloadAssembly
Symbol file LoadedFromMemory doesn't match image D:\Github\RogueLike_1\RogueLike\Library\PackageCache\com.unity.visualscripting@1.8.0\Editor\VisualScripting.Core\Dependencies\YamlDotNet\Unity.VisualScripting.YamlDotNet.dll
Symbol file LoadedFromMemory doesn't match image D:\Github\RogueLike_1\RogueLike\Library\PackageCache\com.unity.visualscripting@1.8.0\Editor\VisualScripting.Core\Dependencies\DotNetZip\Unity.VisualScripting.IonicZip.dll
- Loaded All Assemblies, in  0.615 seconds
Refreshing native plugins compatible for Editor in 2.20 ms, found 4 plugins.
Native extension for WindowsStandalone target not found
Native extension for Android target not found
Native extension for WebGL target not found
Mono: successfully reloaded assembly
- Finished resetting the current domain, in  0.667 seconds
Domain Reload Profiling: 1282ms
	BeginReloadAssembly (126ms)
		ExecutionOrderSort (0ms)
		DisableScriptedObjects (7ms)
		BackupInstance (0ms)
		ReleaseScriptingObjects (0ms)
		CreateAndSetChildDomain (22ms)
	RebuildCommonClasses (27ms)
	RebuildNativeTypeToScriptingClass (10ms)
	initialDomainReloadingComplete (37ms)
	LoadAllAssembliesAndSetupDomain (415ms)
		LoadAssemblies (246ms)
		RebuildTransferFunctionScriptingTraits (0ms)
		AnalyzeDomain (234ms)
			TypeCache.Refresh (188ms)
				TypeCache.ScanAssembly (171ms)
			ScanForSourceGeneratedMonoScriptInfo (32ms)
			ResolveRequiredComponents (14ms)
	FinalizeReload (667ms)
		ReleaseScriptCaches (0ms)
		RebuildScriptCaches (0ms)
		SetupLoadedEditorAssemblies (499ms)
			LogAssemblyErrors (0ms)
			InitializePlatformSupportModulesInManaged (25ms)
			SetLoadedEditorAssemblies (4ms)
			RefreshPlugins (0ms)
			BeforeProcessingInitializeOnLoad (75ms)
			ProcessInitializeOnLoadAttributes (321ms)
			ProcessInitializeOnLoadMethodAttributes (72ms)
			AfterProcessingInitializeOnLoad (2ms)
			EditorAssembliesLoaded (0ms)
		ExecutionOrderSort2 (0ms)
		AwakeInstancesAfterBackupRestoration (5ms)
Launched and connected shader compiler UnityShaderCompiler.exe after 0.03 seconds
Refreshing native plugins compatible for Editor in 2.05 ms, found 4 plugins.
Preloading 0 native plugins for Editor in 0.00 ms.
Unloading 6578 Unused Serialized files (Serialized files now loaded: 0)
Unloading 115 unused Assets / (1.6 MB). Loaded Objects now: 7058.
Memory consumption went from 278.7 MB to 277.1 MB.
Total: 4.120600 ms (FindLiveObjects: 0.457900 ms CreateObjectMapping: 0.238200 ms MarkObjects: 3.165400 ms  DeleteObjects: 0.258200 ms)

AssetImportParameters requested are different than current active one (requested -> active):
  custom:container-demuxer-ogg: 62fdf1f143b41e24485cea50d1cbac27 -> 
  custom:framework-win-MediaFoundation: 216162199b28c13a410421893ffa2e32 -> 
  custom:container-muxer-webm: aa71ff27fc2769a1b78a27578f13a17b -> 
  custom:video-decoder-webm-vp8: 9c59270c3fd7afecdb556c50c9e8de78 -> 
  custom:SearchIndexIgnoredProperties: e643bd26f0fe6173181afceb89e7c659 -> 
  custom:AudioImporter_EditorPlatform: d09bf68614088b80899f8185d706f6e7 -> 
  custom:audio-decoder-ogg-vorbis: bf7c407c2cedff20999df2af8eb42d56 -> 
  custom:audio-encoder-webm-vorbis: bf7c407c2cedff20999df2af8eb42d56 -> 
  custom:video-decoder-ogg-theora: a1e56fd34408186e4bbccfd4996cb3dc -> 
  custom:CustomObjectIndexerAttribute: d54d2f2da18e7612c182cf67624b6b12 -> 
  custom:container-demuxer-webm: 4f35f7cbe854078d1ac9338744f61a02 -> 
  custom:video-encoder-webm-vp8: eb34c28f22e8b96e1ab97ce403110664 -> 
========================================================================
Received Import Request.
  Time since last request: 371875.565210 seconds.
  path: Assets/Prefabs/Items/Boots/Boots 3/2 Boots 2 green.prefab
  artifactKey: Guid(2f248443d9761c04a9904430317fc342) Importer(815301076,1909f56bfc062723c751e8b465ee728b)
Start importing Assets/Prefabs/Items/Boots/Boots 3/2 Boots 2 green.prefab using Guid(2f248443d9761c04a9904430317fc342) Importer(815301076,1909f56bfc062723c751e8b465ee728b)  -> (artifact id: '558d58b8a5c8fc892efa627374a9a2d1') in 0.023237 seconds
Number of updated asset objects reloaded before import = 0
Number of asset objects unloaded after import = 25
========================================================================
Received Import Request.
  Time since last request: 307.078922 seconds.
  path: Assets/Sprites/Inventory/Boots/Boots 3/boots 2 Green.png
  artifactKey: Guid(39cf8500ebe7ff643b8971bfbf391261) Importer(815301076,1909f56bfc062723c751e8b465ee728b)
Start importing Assets/Sprites/Inventory/Boots/Boots 3/boots 2 Green.png using Guid(39cf8500ebe7ff643b8971bfbf391261) Importer(815301076,1909f56bfc062723c751e8b465ee728b)  -> (artifact id: 'e4e46259b083ddf28ecf7796d02725da') in 0.003083 seconds
Number of updated asset objects reloaded before import = 0
Number of asset objects unloaded after import = 2
========================================================================
Received Import Request.
  Time since last request: 0.000019 seconds.
  path: Assets/Sprites/Inventory/Boots/Boots 3/boots 2 Violet.png
  artifactKey: Guid(87a74c585980e714db205ab86d65e43b) Importer(815301076,1909f56bfc062723c751e8b465ee728b)
Start importing Assets/Sprites/Inventory/Boots/Boots 3/boots 2 Violet.png using Guid(87a74c585980e714db205ab86d65e43b) Importer(815301076,1909f56bfc062723c751e8b465ee728b)  -> (artifact id: 'a869ec54dd24caaf029cc2e2d99b8240') in 0.001537 seconds
Number of updated asset objects reloaded before import = 0
Number of asset objects unloaded after import = 2
========================================================================
Received Import Request.
  Time since last request: 8.542558 seconds.
  path: Assets/Sprites/Inventory/Boots/Boots 3/Boots 3 green.png
  artifactKey: Guid(3ad8d145af8ec754eb2c1dc34bae679e) Importer(815301076,1909f56bfc062723c751e8b465ee728b)
Start importing Assets/Sprites/Inventory/Boots/Boots 3/Boots 3 green.png using Guid(3ad8d145af8ec754eb2c1dc34bae679e) Importer(815301076,1909f56bfc062723c751e8b465ee728b)  -> (artifact id: '5d8fd1d5851e2a153b7e9638e9bb7916') in 0.001975 seconds
Number of updated asset objects reloaded before import = 0
Number of asset objects unloaded after import = 2
========================================================================
Received Import Request.
  Time since last request: 0.000024 seconds.
  path: Assets/Sprites/Inventory/Boots/Boots 3/Boots 3 white.png
  artifactKey: Guid(9e65e8af867b61f42ba62d920524abb3) Importer(815301076,1909f56bfc062723c751e8b465ee728b)
Start importing Assets/Sprites/Inventory/Boots/Boots 3/Boots 3 white.png using Guid(9e65e8af867b61f42ba62d920524abb3) Importer(815301076,1909f56bfc062723c751e8b465ee728b)  -> (artifact id: '4286bf093838f8dad1c4c0f05ff4eda2') in 0.002962 seconds
Number of updated asset objects reloaded before import = 0
Number of asset objects unloaded after import = 2
========================================================================
Received Import Request.
  Time since last request: 4.024585 seconds.
  path: Assets/Sprites/Inventory/Boots/Boots 3/Boots 3 green.png
  artifactKey: Guid(3ad8d145af8ec754eb2c1dc34bae679e) Importer(815301076,1909f56bfc062723c751e8b465ee728b)
Start importing Assets/Sprites/Inventory/Boots/Boots 3/Boots 3 green.png using Guid(3ad8d145af8ec754eb2c1dc34bae679e) Importer(815301076,1909f56bfc062723c751e8b465ee728b)  -> (artifact id: 'c2fdb2ebb5749e6a520e961eb201697b') in 0.002087 seconds
Number of updated asset objects reloaded before import = 0
Number of asset objects unloaded after import = 2
========================================================================
Received Import Request.
  Time since last request: 0.000016 seconds.
  path: Assets/Sprites/Inventory/Boots/Boots 3/Boots 3 violet.png
  artifactKey: Guid(716230cfcedbe2545a6edfc9a3ce170f) Importer(815301076,1909f56bfc062723c751e8b465ee728b)
Start importing Assets/Sprites/Inventory/Boots/Boots 3/Boots 3 violet.png using Guid(716230cfcedbe2545a6edfc9a3ce170f) Importer(815301076,1909f56bfc062723c751e8b465ee728b)  -> (artifact id: '8a071ec80ab40525b8085a4f29bb8e3f') in 0.001703 seconds
Number of updated asset objects reloaded before import = 0
Number of asset objects unloaded after import = 2
========================================================================
Received Import Request.
  Time since last request: 28.344800 seconds.
  path: Assets/Craft Items/Boots/Boots 3/2 Boots 3 green.asset
  artifactKey: Guid(f0fbd3ce42971fb4987a1a5632a5c1c4) Importer(815301076,1909f56bfc062723c751e8b465ee728b)
Start importing Assets/Craft Items/Boots/Boots 3/2 Boots 3 green.asset using Guid(f0fbd3ce42971fb4987a1a5632a5c1c4) Importer(815301076,1909f56bfc062723c751e8b465ee728b)  -> (artifact id: '95d2eb7385efaaa8652a0cfca341d523') in 0.003660 seconds
Number of updated asset objects reloaded before import = 0
Number of asset objects unloaded after import = 16
========================================================================
Received Import Request.
  Time since last request: 0.000020 seconds.
  path: Assets/Craft Items/Boots/Boots 3/5 Boots 3 red.asset
  artifactKey: Guid(cc5509da92030674e861927ebf0f0855) Importer(815301076,1909f56bfc062723c751e8b465ee728b)
Start importing Assets/Craft Items/Boots/Boots 3/5 Boots 3 red.asset using Guid(cc5509da92030674e861927ebf0f0855) Importer(815301076,1909f56bfc062723c751e8b465ee728b)  -> (artifact id: 'd2f1dea86a8d6885c79e208c831222fd') in 0.002511 seconds
Number of updated asset objects reloaded before import = 0
Number of asset objects unloaded after import = 16
========================================================================
Received Import Request.
  Time since last request: 5.884779 seconds.
  path: Assets/Craft Items/Boots/Boots 3/Boots 2
  artifactKey: Guid(af0b8c750762f1e4bb1be690740087d6) Importer(815301076,1909f56bfc062723c751e8b465ee728b)
Start importing Assets/Craft Items/Boots/Boots 3/Boots 2 using Guid(af0b8c750762f1e4bb1be690740087d6) Importer(815301076,1909f56bfc062723c751e8b465ee728b)  -> (artifact id: '20205bdc675ba22e454db944a052506e') in 0.000448 seconds
Number of updated asset objects reloaded before import = 0
Number of asset objects unloaded after import = 0
========================================================================
Received Import Request.
  Time since last request: 67.181123 seconds.
  path: Assets/Craft Items/Boots/Boots 3/2 Boots 3 green.asset
  artifactKey: Guid(f0fbd3ce42971fb4987a1a5632a5c1c4) Importer(815301076,1909f56bfc062723c751e8b465ee728b)
Start importing Assets/Craft Items/Boots/Boots 3/2 Boots 3 green.asset using Guid(f0fbd3ce42971fb4987a1a5632a5c1c4) Importer(815301076,1909f56bfc062723c751e8b465ee728b)  -> (artifact id: '29f16b3fb88709b682e62287f3af69ff') in 0.004869 seconds
Number of updated asset objects reloaded before import = 0
Number of asset objects unloaded after import = 15
========================================================================
Received Import Request.
  Time since last request: 0.000024 seconds.
  path: Assets/Craft Items/Boots/Boots 3/3 Boots 3 blue.asset
  artifactKey: Guid(77595894e42e44c4d8c8f179c448fc7e) Importer(815301076,1909f56bfc062723c751e8b465ee728b)
Start importing Assets/Craft Items/Boots/Boots 3/3 Boots 3 blue.asset using Guid(77595894e42e44c4d8c8f179c448fc7e) Importer(815301076,1909f56bfc062723c751e8b465ee728b)  -> (artifact id: '4c63c2c005412b64436f88f11bc82510') in 0.002744 seconds
Number of updated asset objects reloaded before import = 0
Number of asset objects unloaded after import = 15
========================================================================
Received Import Request.
  Time since last request: 0.000017 seconds.
  path: Assets/Craft Items/Boots/Boots 3/5 Boots 3 red.asset
  artifactKey: Guid(cc5509da92030674e861927ebf0f0855) Importer(815301076,1909f56bfc062723c751e8b465ee728b)
Start importing Assets/Craft Items/Boots/Boots 3/5 Boots 3 red.asset using Guid(cc5509da92030674e861927ebf0f0855) Importer(815301076,1909f56bfc062723c751e8b465ee728b)  -> (artifact id: 'c6b8991047e2ed68245f7027caaf1b36') in 0.002361 seconds
Number of updated asset objects reloaded before import = 0
Number of asset objects unloaded after import = 15
========================================================================
Received Import Request.
  Time since last request: 155.674003 seconds.
  path: Assets/Sprites/Inventory/Gloves/Gloves 3/Gloves 2 Blue.png
  artifactKey: Guid(b9229867265cc2e4e846284786bcef34) Importer(815301076,1909f56bfc062723c751e8b465ee728b)
Start importing Assets/Sprites/Inventory/Gloves/Gloves 3/Gloves 2 Blue.png using Guid(b9229867265cc2e4e846284786bcef34) Importer(815301076,1909f56bfc062723c751e8b465ee728b)  -> (artifact id: 'e16a0e6c78cf1dfaadbf614be6a20953') in 0.003329 seconds
Number of updated asset objects reloaded before import = 0
Number of asset objects unloaded after import = 2
========================================================================
Received Import Request.
  Time since last request: 0.000018 seconds.
  path: Assets/Sprites/Inventory/Gloves/Gloves 3/Gloves 2 Violet.png
  artifactKey: Guid(5cdd526e18efb9440894fac5068562a0) Importer(815301076,1909f56bfc062723c751e8b465ee728b)
Start importing Assets/Sprites/Inventory/Gloves/Gloves 3/Gloves 2 Violet.png using Guid(5cdd526e18efb9440894fac5068562a0) Importer(815301076,1909f56bfc062723c751e8b465ee728b)  -> (artifact id: '6b41ae6d841137d38ec51ee5d13a28d0') in 0.001681 seconds
Number of updated asset objects reloaded before import = 0
Number of asset objects unloaded after import = 2
========================================================================
Received Import Request.
  Time since last request: 0.000018 seconds.
  path: Assets/Sprites/Inventory/Gloves/Gloves 3/Gloves 2 White.png
  artifactKey: Guid(0eb93ca5487cafc4cb4173168b31b556) Importer(815301076,1909f56bfc062723c751e8b465ee728b)
Start importing Assets/Sprites/Inventory/Gloves/Gloves 3/Gloves 2 White.png using Guid(0eb93ca5487cafc4cb4173168b31b556) Importer(815301076,1909f56bfc062723c751e8b465ee728b)  -> (artifact id: 'b7a9fa24571f0227793e91ee40f8f932') in 0.001508 seconds
Number of updated asset objects reloaded before import = 0
Number of asset objects unloaded after import = 2
========================================================================
Received Import Request.
  Time since last request: 9.958888 seconds.
  path: Assets/Sprites/Inventory/Gloves/Gloves 3/Gloves 3 blue.png
  artifactKey: Guid(49f2c0185e04e1341b27c017a38b8c77) Importer(815301076,1909f56bfc062723c751e8b465ee728b)
Start importing Assets/Sprites/Inventory/Gloves/Gloves 3/Gloves 3 blue.png using Guid(49f2c0185e04e1341b27c017a38b8c77) Importer(815301076,1909f56bfc062723c751e8b465ee728b)  -> (artifact id: 'c771a327299006c4f909608bf699ebad') in 0.001908 seconds
Number of updated asset objects reloaded before import = 0
Number of asset objects unloaded after import = 2
========================================================================
Received Import Request.
  Time since last request: 0.000017 seconds.
  path: Assets/Sprites/Inventory/Gloves/Gloves 3/Gloves 3 white.png
  artifactKey: Guid(204d1f052cb08814e8cab8de8ffcb8f4) Importer(815301076,1909f56bfc062723c751e8b465ee728b)
Start importing Assets/Sprites/Inventory/Gloves/Gloves 3/Gloves 3 white.png using Guid(204d1f052cb08814e8cab8de8ffcb8f4) Importer(815301076,1909f56bfc062723c751e8b465ee728b)  -> (artifact id: '1ba3bee58673720aa90d33cfc025777d') in 0.002021 seconds
Number of updated asset objects reloaded before import = 0
Number of asset objects unloaded after import = 2
========================================================================
Received Import Request.
  Time since last request: 68.885613 seconds.
  path: Assets/Craft Items/Gloves/Gloves 2/1 Gloves 2 white.asset
  artifactKey: Guid(c2e992b187bdc4649bf221853189ca64) Importer(815301076,1909f56bfc062723c751e8b465ee728b)
Start importing Assets/Craft Items/Gloves/Gloves 2/1 Gloves 2 white.asset using Guid(c2e992b187bdc4649bf221853189ca64) Importer(815301076,1909f56bfc062723c751e8b465ee728b)  -> (artifact id: '1ebce7c74f1e9183119235c13fe679b0') in 0.009109 seconds
Number of updated asset objects reloaded before import = 0
Number of asset objects unloaded after import = 15
========================================================================
Received Import Request.
  Time since last request: 0.000021 seconds.
  path: Assets/Craft Items/Gloves/Gloves 2/4 Gloves 2 violet.asset
  artifactKey: Guid(9436a999bb328ea4c8e9e100de67b083) Importer(815301076,1909f56bfc062723c751e8b465ee728b)
Start importing Assets/Craft Items/Gloves/Gloves 2/4 Gloves 2 violet.asset using Guid(9436a999bb328ea4c8e9e100de67b083) Importer(815301076,1909f56bfc062723c751e8b465ee728b)  -> (artifact id: '482e7890ecf8648be64b7959d4b92755') in 0.006831 seconds
Number of updated asset objects reloaded before import = 0
Number of asset objects unloaded after import = 15
========================================================================
Received Import Request.
  Time since last request: 0.000017 seconds.
  path: Assets/Craft Items/Gloves/Gloves 2/3 Gloves 2 blue.asset
  artifactKey: Guid(a704a2a58d7edd8409495260d865158d) Importer(815301076,1909f56bfc062723c751e8b465ee728b)
Start importing Assets/Craft Items/Gloves/Gloves 2/3 Gloves 2 blue.asset using Guid(a704a2a58d7edd8409495260d865158d) Importer(815301076,1909f56bfc062723c751e8b465ee728b)  -> (artifact id: 'd9982712deb887e72a6da5e7ebee616c') in 0.008129 seconds
Number of updated asset objects reloaded before import = 0
Number of asset objects unloaded after import = 15
========================================================================
Received Import Request.
  Time since last request: 0.933169 seconds.
  path: Assets/Craft Items/Gloves/Gloves 3/1 Gloves 2 white.asset
  artifactKey: Guid(0e7ffb6a9d2cc0540b035920225614ff) Importer(815301076,1909f56bfc062723c751e8b465ee728b)
Start importing Assets/Craft Items/Gloves/Gloves 3/1 Gloves 2 white.asset using Guid(0e7ffb6a9d2cc0540b035920225614ff) Importer(815301076,1909f56bfc062723c751e8b465ee728b)  -> (artifact id: '47f5d36b38879e13548edd4d30f00ffd') in 0.003580 seconds
Number of updated asset objects reloaded before import = 0
Number of asset objects unloaded after import = 16
========================================================================
Received Import Request.
  Time since last request: 0.000027 seconds.
  path: Assets/Craft Items/Gloves/Gloves 3/5 Gloves 2 red.asset
  artifactKey: Guid(e7ef401195e75b64497a724c95283c67) Importer(815301076,1909f56bfc062723c751e8b465ee728b)
Start importing Assets/Craft Items/Gloves/Gloves 3/5 Gloves 2 red.asset using Guid(e7ef401195e75b64497a724c95283c67) Importer(815301076,1909f56bfc062723c751e8b465ee728b)  -> (artifact id: 'e1b8ead17a6b80e51f0c7ab5844f810c') in 0.003421 seconds
Number of updated asset objects reloaded before import = 0
Number of asset objects unloaded after import = 16
========================================================================
Received Import Request.
  Time since last request: 0.000024 seconds.
  path: Assets/Craft Items/Gloves/Gloves 3/4 Gloves 2 violet.asset
  artifactKey: Guid(05ebd3578f704fb4cb82c7cc78eda9bb) Importer(815301076,1909f56bfc062723c751e8b465ee728b)
Start importing Assets/Craft Items/Gloves/Gloves 3/4 Gloves 2 violet.asset using Guid(05ebd3578f704fb4cb82c7cc78eda9bb) Importer(815301076,1909f56bfc062723c751e8b465ee728b)  -> (artifact id: '5d485f929aa8fa0b79e032e091c6c20a') in 0.002217 seconds
Number of updated asset objects reloaded before import = 0
Number of asset objects unloaded after import = 16
========================================================================
Received Import Request.
  Time since last request: 3.532644 seconds.
  path: Assets/Craft Items/Gloves/Gloves 3/1 Gloves 3 white.asset
  artifactKey: Guid(0e7ffb6a9d2cc0540b035920225614ff) Importer(815301076,1909f56bfc062723c751e8b465ee728b)
Start importing Assets/Craft Items/Gloves/Gloves 3/1 Gloves 3 white.asset using Guid(0e7ffb6a9d2cc0540b035920225614ff) Importer(815301076,1909f56bfc062723c751e8b465ee728b)  -> (artifact id: 'd8c6cb7a8e26959bf73252215d34529a') in 0.002711 seconds
Number of updated asset objects reloaded before import = 0
Number of asset objects unloaded after import = 16
========================================================================
Received Import Request.
  Time since last request: 93.517058 seconds.
  path: Assets/Prefabs/Items/Gloves/Gloves 3/2 Gloves 2 green.prefab
  artifactKey: Guid(ff44ab9c2e962844dbadf63bea83119c) Importer(815301076,1909f56bfc062723c751e8b465ee728b)
Start importing Assets/Prefabs/Items/Gloves/Gloves 3/2 Gloves 2 green.prefab using Guid(ff44ab9c2e962844dbadf63bea83119c) Importer(815301076,1909f56bfc062723c751e8b465ee728b)  -> (artifact id: '3ecb27c97384b9978fec1d8e584b10c7') in 0.002946 seconds
Number of updated asset objects reloaded before import = 0
Number of asset objects unloaded after import = 25
========================================================================
Received Import Request.
  Time since last request: 0.000016 seconds.
  path: Assets/Prefabs/Items/Gloves/Gloves 3/5 Gloves 2 red.prefab
  artifactKey: Guid(85657c98b7e76ce4cbf3d85975297c0a) Importer(815301076,1909f56bfc062723c751e8b465ee728b)
Start importing Assets/Prefabs/Items/Gloves/Gloves 3/5 Gloves 2 red.prefab using Guid(85657c98b7e76ce4cbf3d85975297c0a) Importer(815301076,1909f56bfc062723c751e8b465ee728b)  -> (artifact id: 'e609fa1d8b0cd919bbbafb23aecf969c') in 0.002630 seconds
Number of updated asset objects reloaded before import = 0
Number of asset objects unloaded after import = 25
========================================================================
Received Import Request.
  Time since last request: 0.000031 seconds.
  path: Assets/Prefabs/Items/Gloves/Gloves 3/3 Gloves 2 blue.prefab
  artifactKey: Guid(8ef40b7156a803e4a8128a382b8d56a7) Importer(815301076,1909f56bfc062723c751e8b465ee728b)
Start importing Assets/Prefabs/Items/Gloves/Gloves 3/3 Gloves 2 blue.prefab using Guid(8ef40b7156a803e4a8128a382b8d56a7) Importer(815301076,1909f56bfc062723c751e8b465ee728b)  -> (artifact id: '12147b667252ae6681a065acc0b9f07e') in 0.003789 seconds
Number of updated asset objects reloaded before import = 0
Number of asset objects unloaded after import = 25
========================================================================
Received Import Request.
  Time since last request: 37.525943 seconds.
  path: Assets/Craft Items/Gloves/Gloves 3/2 Gloves 3 green.asset
  artifactKey: Guid(deaa719a68ab57d4f9d7e956c7931196) Importer(815301076,1909f56bfc062723c751e8b465ee728b)
Start importing Assets/Craft Items/Gloves/Gloves 3/2 Gloves 3 green.asset using Guid(deaa719a68ab57d4f9d7e956c7931196) Importer(815301076,1909f56bfc062723c751e8b465ee728b)  -> (artifact id: '5de978ddae26185a56a47e9223650e7e') in 0.002775 seconds
Number of updated asset objects reloaded before import = 0
Number of asset objects unloaded after import = 17
========================================================================
Received Import Request.
  Time since last request: 0.000016 seconds.
  path: Assets/Craft Items/Gloves/Gloves 3/4 Gloves 3 violet.asset
  artifactKey: Guid(05ebd3578f704fb4cb82c7cc78eda9bb) Importer(815301076,1909f56bfc062723c751e8b465ee728b)
Start importing Assets/Craft Items/Gloves/Gloves 3/4 Gloves 3 violet.asset using Guid(05ebd3578f704fb4cb82c7cc78eda9bb) Importer(815301076,1909f56bfc062723c751e8b465ee728b)  -> (artifact id: '79448a2536485a2e74f92728ee559523') in 0.002290 seconds
Number of updated asset objects reloaded before import = 0
Number of asset objects unloaded after import = 17
Editor requested this worker to shutdown with reason: Scaling down because of idle timeout
TcpMessagingSession - receive error: operation aborted. errorcode: 995, details: ќпераци€ ввода/вывода была прервана из-за завершени€ потока команд или по запросу приложени€.
AssetImportWorker is now disconnected from the server
Process exiting
Exiting without the bug reporter. Application will terminate with return code 0