Using pre-set license
Built from '2022.3/staging' branch; Version is '2022.3.7f1 (b16b3b16c7a0) revision 11627323'; Using compiler version '192829333'; Build Type 'Release'
OS: 'Windows 10  (10.0.19045) 64bit Education' Language: 'ru' Physical Memory: 16085 MB
BatchMode: 1, IsHumanControllingUs: 0, StartBugReporterOnCrash: 0, Is64bit: 1, IsPro: 1

COMMAND LINE ARGUMENTS:
D:\unity\Unity\2022.3.7f1\Editor\Unity.exe
-adb2
-batchMode
-noUpm
-name
AssetImportWorker32
-projectPath
D:/Github/RogueLike_1/RogueLike
-logFile
Logs/AssetImportWorker32.log
-srvPort
62272
Successfully changed project path to: D:/Github/RogueLike_1/RogueLike
D:/Github/RogueLike_1/RogueLike
[UnityMemory] Configuration Parameters - Can be set up in boot.config
    "memorysetup-bucket-allocator-granularity=16"
    "memorysetup-bucket-allocator-bucket-count=8"
    "memorysetup-bucket-allocator-block-size=33554432"
    "memorysetup-bucket-allocator-block-count=8"
    "memorysetup-main-allocator-block-size=16777216"
    "memorysetup-thread-allocator-block-size=16777216"
    "memorysetup-gfx-main-allocator-block-size=16777216"
    "memorysetup-gfx-thread-allocator-block-size=16777216"
    "memorysetup-cache-allocator-block-size=4194304"
    "memorysetup-typetree-allocator-block-size=2097152"
    "memorysetup-profiler-bucket-allocator-granularity=16"
    "memorysetup-profiler-bucket-allocator-bucket-count=8"
    "memorysetup-profiler-bucket-allocator-block-size=33554432"
    "memorysetup-profiler-bucket-allocator-block-count=8"
    "memorysetup-profiler-allocator-block-size=16777216"
    "memorysetup-profiler-editor-allocator-block-size=1048576"
    "memorysetup-temp-allocator-size-main=16777216"
    "memorysetup-job-temp-allocator-block-size=2097152"
    "memorysetup-job-temp-allocator-block-size-background=1048576"
    "memorysetup-job-temp-allocator-reduction-small-platforms=262144"
    "memorysetup-allocator-temp-initial-block-size-main=262144"
    "memorysetup-allocator-temp-initial-block-size-worker=262144"
    "memorysetup-temp-allocator-size-background-worker=32768"
    "memorysetup-temp-allocator-size-job-worker=262144"
    "memorysetup-temp-allocator-size-preload-manager=33554432"
    "memorysetup-temp-allocator-size-nav-mesh-worker=65536"
    "memorysetup-temp-allocator-size-audio-worker=65536"
    "memorysetup-temp-allocator-size-cloud-worker=32768"
    "memorysetup-temp-allocator-size-gi-baking-worker=262144"
    "memorysetup-temp-allocator-size-gfx=262144"
Player connection [14828] Host "[IP] 192.168.0.101 [Port] 0 [Flags] 2 [Guid] 3226030936 [EditorId] 3226030936 [Version] 1048832 [Id] WindowsEditor(7,DESKTOP-6VIK7N9) [Debug] 1 [PackageName] WindowsEditor [ProjectName] Editor" joined multi-casting on [225.0.0.222:54997]...

Player connection [14828] Host "[IP] 192.168.0.101 [Port] 0 [Flags] 2 [Guid] 3226030936 [EditorId] 3226030936 [Version] 1048832 [Id] WindowsEditor(7,DESKTOP-6VIK7N9) [Debug] 1 [PackageName] WindowsEditor [ProjectName] Editor" joined alternative multi-casting on [225.0.0.222:34997]...

Refreshing native plugins compatible for Editor in 5.66 ms, found 4 plugins.
Preloading 0 native plugins for Editor in 0.00 ms.
Initialize engine version: 2022.3.7f1 (b16b3b16c7a0)
[Subsystems] Discovering subsystems at path D:/unity/Unity/2022.3.7f1/Editor/Data/Resources/UnitySubsystems
[Subsystems] Discovering subsystems at path D:/Github/RogueLike_1/RogueLike/Assets
GfxDevice: creating device client; threaded=0; jobified=0
Direct3D:
    Version:  Direct3D 11.0 [level 11.1]
    Renderer: NVIDIA GeForce RTX 3050 Ti Laptop GPU (ID=0x25a0)
    Vendor:   NVIDIA
    VRAM:     3977 MB
    Driver:   31.0.15.4629
Initialize mono
Mono path[0] = 'D:/unity/Unity/2022.3.7f1/Editor/Data/Managed'
Mono path[1] = 'D:/unity/Unity/2022.3.7f1/Editor/Data/MonoBleedingEdge/lib/mono/unityjit-win32'
Mono config path = 'D:/unity/Unity/2022.3.7f1/Editor/Data/MonoBleedingEdge/etc'
Using monoOptions --debugger-agent=transport=dt_socket,embedding=1,server=y,suspend=n,address=127.0.0.1:56564
Begin MonoManager ReloadAssembly
Registering precompiled unity dll's ...
Register platform support module: D:/unity/Unity/2022.3.7f1/Editor/Data/PlaybackEngines/WebGLSupport/UnityEditor.WebGL.Extensions.dll
Register platform support module: D:/unity/Unity/2022.3.7f1/Editor/Data/PlaybackEngines/AndroidPlayer/UnityEditor.Android.Extensions.dll
Register platform support module: D:/unity/Unity/2022.3.7f1/Editor/Data/PlaybackEngines/WindowsStandaloneSupport/UnityEditor.WindowsStandalone.Extensions.dll
Registered in 0.004331 seconds.
- Loaded All Assemblies, in  0.290 seconds
Native extension for WindowsStandalone target not found
Native extension for Android target not found
Android Extension - Scanning For ADB Devices 217 ms
Native extension for WebGL target not found
Mono: successfully reloaded assembly
- Finished resetting the current domain, in  0.477 seconds
Domain Reload Profiling: 767ms
	BeginReloadAssembly (84ms)
		ExecutionOrderSort (0ms)
		DisableScriptedObjects (0ms)
		BackupInstance (0ms)
		ReleaseScriptingObjects (0ms)
		CreateAndSetChildDomain (1ms)
	RebuildCommonClasses (30ms)
	RebuildNativeTypeToScriptingClass (10ms)
	initialDomainReloadingComplete (42ms)
	LoadAllAssembliesAndSetupDomain (124ms)
		LoadAssemblies (84ms)
		RebuildTransferFunctionScriptingTraits (0ms)
		AnalyzeDomain (122ms)
			TypeCache.Refresh (121ms)
				TypeCache.ScanAssembly (109ms)
			ScanForSourceGeneratedMonoScriptInfo (0ms)
			ResolveRequiredComponents (0ms)
	FinalizeReload (478ms)
		ReleaseScriptCaches (0ms)
		RebuildScriptCaches (0ms)
		SetupLoadedEditorAssemblies (430ms)
			LogAssemblyErrors (0ms)
			InitializePlatformSupportModulesInManaged (308ms)
			SetLoadedEditorAssemblies (4ms)
			RefreshPlugins (0ms)
			BeforeProcessingInitializeOnLoad (2ms)
			ProcessInitializeOnLoadAttributes (80ms)
			ProcessInitializeOnLoadMethodAttributes (36ms)
			AfterProcessingInitializeOnLoad (0ms)
			EditorAssembliesLoaded (0ms)
		ExecutionOrderSort2 (0ms)
		AwakeInstancesAfterBackupRestoration (0ms)
========================================================================
Worker process is ready to serve import requests
Begin MonoManager ReloadAssembly
Symbol file LoadedFromMemory doesn't match image D:\Github\RogueLike_1\RogueLike\Library\PackageCache\com.unity.visualscripting@1.8.0\Editor\VisualScripting.Core\Dependencies\YamlDotNet\Unity.VisualScripting.YamlDotNet.dll
Symbol file LoadedFromMemory doesn't match image D:\Github\RogueLike_1\RogueLike\Library\PackageCache\com.unity.visualscripting@1.8.0\Editor\VisualScripting.Core\Dependencies\DotNetZip\Unity.VisualScripting.IonicZip.dll
- Loaded All Assemblies, in  0.602 seconds
Refreshing native plugins compatible for Editor in 2.25 ms, found 4 plugins.
Native extension for WindowsStandalone target not found
Native extension for Android target not found
Native extension for WebGL target not found
Mono: successfully reloaded assembly
- Finished resetting the current domain, in  0.660 seconds
Domain Reload Profiling: 1262ms
	BeginReloadAssembly (114ms)
		ExecutionOrderSort (0ms)
		DisableScriptedObjects (4ms)
		BackupInstance (0ms)
		ReleaseScriptingObjects (0ms)
		CreateAndSetChildDomain (19ms)
	RebuildCommonClasses (30ms)
	RebuildNativeTypeToScriptingClass (9ms)
	initialDomainReloadingComplete (32ms)
	LoadAllAssembliesAndSetupDomain (417ms)
		LoadAssemblies (268ms)
		RebuildTransferFunctionScriptingTraits (0ms)
		AnalyzeDomain (213ms)
			TypeCache.Refresh (172ms)
				TypeCache.ScanAssembly (154ms)
			ScanForSourceGeneratedMonoScriptInfo (29ms)
			ResolveRequiredComponents (10ms)
	FinalizeReload (660ms)
		ReleaseScriptCaches (0ms)
		RebuildScriptCaches (0ms)
		SetupLoadedEditorAssemblies (501ms)
			LogAssemblyErrors (0ms)
			InitializePlatformSupportModulesInManaged (30ms)
			SetLoadedEditorAssemblies (3ms)
			RefreshPlugins (0ms)
			BeforeProcessingInitializeOnLoad (69ms)
			ProcessInitializeOnLoadAttributes (327ms)
			ProcessInitializeOnLoadMethodAttributes (69ms)
			AfterProcessingInitializeOnLoad (2ms)
			EditorAssembliesLoaded (0ms)
		ExecutionOrderSort2 (0ms)
		AwakeInstancesAfterBackupRestoration (4ms)
Launched and connected shader compiler UnityShaderCompiler.exe after 0.03 seconds
Refreshing native plugins compatible for Editor in 2.21 ms, found 4 plugins.
Preloading 0 native plugins for Editor in 0.00 ms.
Unloading 6578 Unused Serialized files (Serialized files now loaded: 0)
Unloading 115 unused Assets / (1.6 MB). Loaded Objects now: 7058.
Memory consumption went from 278.6 MB to 277.0 MB.
Total: 3.724900 ms (FindLiveObjects: 0.448900 ms CreateObjectMapping: 0.328700 ms MarkObjects: 2.659400 ms  DeleteObjects: 0.287000 ms)

AssetImportParameters requested are different than current active one (requested -> active):
  custom:container-demuxer-ogg: 62fdf1f143b41e24485cea50d1cbac27 -> 
  custom:framework-win-MediaFoundation: 216162199b28c13a410421893ffa2e32 -> 
  custom:container-muxer-webm: aa71ff27fc2769a1b78a27578f13a17b -> 
  custom:video-decoder-webm-vp8: 9c59270c3fd7afecdb556c50c9e8de78 -> 
  custom:SearchIndexIgnoredProperties: e643bd26f0fe6173181afceb89e7c659 -> 
  custom:AudioImporter_EditorPlatform: d09bf68614088b80899f8185d706f6e7 -> 
  custom:audio-decoder-ogg-vorbis: bf7c407c2cedff20999df2af8eb42d56 -> 
  custom:audio-encoder-webm-vorbis: bf7c407c2cedff20999df2af8eb42d56 -> 
  custom:video-decoder-ogg-theora: a1e56fd34408186e4bbccfd4996cb3dc -> 
  custom:CustomObjectIndexerAttribute: d54d2f2da18e7612c182cf67624b6b12 -> 
  custom:container-demuxer-webm: 4f35f7cbe854078d1ac9338744f61a02 -> 
  custom:video-encoder-webm-vp8: eb34c28f22e8b96e1ab97ce403110664 -> 
========================================================================
Received Import Request.
  Time since last request: 373697.300752 seconds.
  path: Assets/Sprites/Inventory/Neck/Neck 3/Neck 3 red.png
  artifactKey: Guid(3a20fc5a7fbcf3041a2eb68c7bbacdfe) Importer(815301076,1909f56bfc062723c751e8b465ee728b)
Start importing Assets/Sprites/Inventory/Neck/Neck 3/Neck 3 red.png using Guid(3a20fc5a7fbcf3041a2eb68c7bbacdfe) Importer(815301076,1909f56bfc062723c751e8b465ee728b)  -> (artifact id: 'aa919a014fac0ab34b5af73677f94da3') in 0.018503 seconds
Number of updated asset objects reloaded before import = 0
Number of asset objects unloaded after import = 2
========================================================================
Received Import Request.
  Time since last request: 8.073900 seconds.
  path: Assets/Sprites/Inventory/Neck/Neck 3/Neck 3 red.png
  artifactKey: Guid(3a20fc5a7fbcf3041a2eb68c7bbacdfe) Importer(815301076,1909f56bfc062723c751e8b465ee728b)
Start importing Assets/Sprites/Inventory/Neck/Neck 3/Neck 3 red.png using Guid(3a20fc5a7fbcf3041a2eb68c7bbacdfe) Importer(815301076,1909f56bfc062723c751e8b465ee728b)  -> (artifact id: '8e1901aba9c9293d33f1c01c1bfc63e2') in 0.002094 seconds
Number of updated asset objects reloaded before import = 0
Number of asset objects unloaded after import = 2
========================================================================
Received Import Request.
  Time since last request: 5.619698 seconds.
  path: Assets/Craft Items/Neck/Neck 3/3 Neck 2 blue.asset
  artifactKey: Guid(28c34cdc554576d4099427c7c88f0d5b) Importer(815301076,1909f56bfc062723c751e8b465ee728b)
Start importing Assets/Craft Items/Neck/Neck 3/3 Neck 2 blue.asset using Guid(28c34cdc554576d4099427c7c88f0d5b) Importer(815301076,1909f56bfc062723c751e8b465ee728b)  -> (artifact id: 'e1c2f1f3b58f076a1b41ae800d51f8ee') in 0.004751 seconds
Number of updated asset objects reloaded before import = 0
Number of asset objects unloaded after import = 16
========================================================================
Received Import Request.
  Time since last request: 0.000018 seconds.
  path: Assets/Craft Items/Neck/Neck 3/4 Neck 2 violet.asset
  artifactKey: Guid(45ece10895d7a494dbf5526d7a00f820) Importer(815301076,1909f56bfc062723c751e8b465ee728b)
Start importing Assets/Craft Items/Neck/Neck 3/4 Neck 2 violet.asset using Guid(45ece10895d7a494dbf5526d7a00f820) Importer(815301076,1909f56bfc062723c751e8b465ee728b)  -> (artifact id: 'a076af228ec66fe31a91aa1f7e58730a') in 0.002932 seconds
Number of updated asset objects reloaded before import = 0
Number of asset objects unloaded after import = 16
========================================================================
Received Import Request.
  Time since last request: 84.941885 seconds.
  path: Assets/Prefabs/Items/Neck/Neck 3/2 Neck 2 green.prefab
  artifactKey: Guid(726f3bb4e4118324593f26704c4a4799) Importer(815301076,1909f56bfc062723c751e8b465ee728b)
Start importing Assets/Prefabs/Items/Neck/Neck 3/2 Neck 2 green.prefab using Guid(726f3bb4e4118324593f26704c4a4799) Importer(815301076,1909f56bfc062723c751e8b465ee728b)  -> (artifact id: '047ef0404ec6ab6e708bbaec829ce037') in 0.003755 seconds
Number of updated asset objects reloaded before import = 0
Number of asset objects unloaded after import = 25
========================================================================
Received Import Request.
  Time since last request: 0.000023 seconds.
  path: Assets/Prefabs/Items/Neck/Neck 3/4 Neck 2 violet.prefab
  artifactKey: Guid(ef271c01a6fffc5488a36300be733c92) Importer(815301076,1909f56bfc062723c751e8b465ee728b)
Start importing Assets/Prefabs/Items/Neck/Neck 3/4 Neck 2 violet.prefab using Guid(ef271c01a6fffc5488a36300be733c92) Importer(815301076,1909f56bfc062723c751e8b465ee728b)  -> (artifact id: 'f0a7584364ff4859d6ae1a3a2999e651') in 0.002418 seconds
Number of updated asset objects reloaded before import = 0
Number of asset objects unloaded after import = 25
========================================================================
Received Import Request.
  Time since last request: 0.000022 seconds.
  path: Assets/Craft Items/Neck/Neck 3/5 Neck 3 red.asset
  artifactKey: Guid(0a0f23fadaa187e4b916285b37339a91) Importer(815301076,1909f56bfc062723c751e8b465ee728b)
Start importing Assets/Craft Items/Neck/Neck 3/5 Neck 3 red.asset using Guid(0a0f23fadaa187e4b916285b37339a91) Importer(815301076,1909f56bfc062723c751e8b465ee728b)  -> (artifact id: '7eba0cf9c32408e354d335a5e128cc91') in 0.003364 seconds
Number of updated asset objects reloaded before import = 0
Number of asset objects unloaded after import = 17
========================================================================
Received Import Request.
  Time since last request: 46.974793 seconds.
  path: Assets/Craft Items/Neck/Neck 3/3 Neck 3 blue.asset
  artifactKey: Guid(28c34cdc554576d4099427c7c88f0d5b) Importer(815301076,1909f56bfc062723c751e8b465ee728b)
Start importing Assets/Craft Items/Neck/Neck 3/3 Neck 3 blue.asset using Guid(28c34cdc554576d4099427c7c88f0d5b) Importer(815301076,1909f56bfc062723c751e8b465ee728b)  -> (artifact id: 'b08fd6e741e15fba562545e96b901fba') in 0.003153 seconds
Number of updated asset objects reloaded before import = 0
Number of asset objects unloaded after import = 17
========================================================================
Received Import Request.
  Time since last request: 281.242111 seconds.
  path: Assets/Sprites/Inventory/Pants/Pants 3/Pants 2 Green.png
  artifactKey: Guid(b38ae8a84ee6d89438337d73d9ceef1a) Importer(815301076,1909f56bfc062723c751e8b465ee728b)
Start importing Assets/Sprites/Inventory/Pants/Pants 3/Pants 2 Green.png using Guid(b38ae8a84ee6d89438337d73d9ceef1a) Importer(815301076,1909f56bfc062723c751e8b465ee728b)  -> (artifact id: '937e6f1dc683f2c02897e03fdbfeb491') in 0.002595 seconds
Number of updated asset objects reloaded before import = 0
Number of asset objects unloaded after import = 2
========================================================================
Received Import Request.
  Time since last request: 0.000087 seconds.
  path: Assets/Sprites/Inventory/Pants/Pants 3/Pants 2 Violet.png
  artifactKey: Guid(3ae392266c9f66144800ee0c304310ac) Importer(815301076,1909f56bfc062723c751e8b465ee728b)
Start importing Assets/Sprites/Inventory/Pants/Pants 3/Pants 2 Violet.png using Guid(3ae392266c9f66144800ee0c304310ac) Importer(815301076,1909f56bfc062723c751e8b465ee728b)  -> (artifact id: 'ae5e8a63c18ae04ab188f82c1a4f909c') in 0.001195 seconds
Number of updated asset objects reloaded before import = 0
Number of asset objects unloaded after import = 2
========================================================================
Received Import Request.
  Time since last request: 0.000019 seconds.
  path: Assets/Sprites/Inventory/Pants/Pants 3/Pants 2 White.png
  artifactKey: Guid(1f5d896ca5a30b641bd2246bb483232e) Importer(815301076,1909f56bfc062723c751e8b465ee728b)
Start importing Assets/Sprites/Inventory/Pants/Pants 3/Pants 2 White.png using Guid(1f5d896ca5a30b641bd2246bb483232e) Importer(815301076,1909f56bfc062723c751e8b465ee728b)  -> (artifact id: '860297cff2197306299e2860f3bac788') in 0.001147 seconds
Number of updated asset objects reloaded before import = 0
Number of asset objects unloaded after import = 2
========================================================================
Received Import Request.
  Time since last request: 15.107758 seconds.
  path: Assets/Sprites/Inventory/Pants/Pants 3/Pants 3 green.png
  artifactKey: Guid(0920e42df1caf4949afb48cdd4a78564) Importer(815301076,1909f56bfc062723c751e8b465ee728b)
Start importing Assets/Sprites/Inventory/Pants/Pants 3/Pants 3 green.png using Guid(0920e42df1caf4949afb48cdd4a78564) Importer(815301076,1909f56bfc062723c751e8b465ee728b)  -> (artifact id: '953c7a1906d1c480e014da26d97df80a') in 0.003067 seconds
Number of updated asset objects reloaded before import = 0
Number of asset objects unloaded after import = 2
========================================================================
Received Import Request.
  Time since last request: 0.000024 seconds.
  path: Assets/Sprites/Inventory/Pants/Pants 3/Pants 3 white.png
  artifactKey: Guid(5253a076574e4054e8b09806983c65f6) Importer(815301076,1909f56bfc062723c751e8b465ee728b)
Start importing Assets/Sprites/Inventory/Pants/Pants 3/Pants 3 white.png using Guid(5253a076574e4054e8b09806983c65f6) Importer(815301076,1909f56bfc062723c751e8b465ee728b)  -> (artifact id: '306c63b5e57702436ec12ddd0dfe6283') in 0.002194 seconds
Number of updated asset objects reloaded before import = 0
Number of asset objects unloaded after import = 2
========================================================================
Received Import Request.
  Time since last request: 10.763835 seconds.
  path: Assets/Sprites/Inventory/Pants/Pants 3/Pants 3 green.png
  artifactKey: Guid(0920e42df1caf4949afb48cdd4a78564) Importer(815301076,1909f56bfc062723c751e8b465ee728b)
Start importing Assets/Sprites/Inventory/Pants/Pants 3/Pants 3 green.png using Guid(0920e42df1caf4949afb48cdd4a78564) Importer(815301076,1909f56bfc062723c751e8b465ee728b)  -> (artifact id: 'a1b599f822d00b3d5a0cf3d89996d6ae') in 0.002526 seconds
Number of updated asset objects reloaded before import = 0
Number of asset objects unloaded after import = 2
========================================================================
Received Import Request.
  Time since last request: 0.000023 seconds.
  path: Assets/Sprites/Inventory/Pants/Pants 3/Pants 3 violet.png
  artifactKey: Guid(77f9d48839015d34a9918eb4801abb63) Importer(815301076,1909f56bfc062723c751e8b465ee728b)
Start importing Assets/Sprites/Inventory/Pants/Pants 3/Pants 3 violet.png using Guid(77f9d48839015d34a9918eb4801abb63) Importer(815301076,1909f56bfc062723c751e8b465ee728b)  -> (artifact id: '72e038286da566aed557ceb43808f136') in 0.001666 seconds
Number of updated asset objects reloaded before import = 0
Number of asset objects unloaded after import = 2
========================================================================
Received Import Request.
  Time since last request: 9.126310 seconds.
  path: Assets/Craft Items/Pants/Pants 3/2 Pants 2 green.asset
  artifactKey: Guid(697fb8f4407688a4fb421dd78d14c398) Importer(815301076,1909f56bfc062723c751e8b465ee728b)
Start importing Assets/Craft Items/Pants/Pants 3/2 Pants 2 green.asset using Guid(697fb8f4407688a4fb421dd78d14c398) Importer(815301076,1909f56bfc062723c751e8b465ee728b)  -> (artifact id: '35c3b54ebf4ac67661c407686b1afd24') in 0.003172 seconds
Number of updated asset objects reloaded before import = 0
Number of asset objects unloaded after import = 16
========================================================================
Received Import Request.
  Time since last request: 0.000022 seconds.
  path: Assets/Craft Items/Pants/Pants 3/5 Pants 2 red.asset
  artifactKey: Guid(ecdff38f042f4894da8e811837e4fc01) Importer(815301076,1909f56bfc062723c751e8b465ee728b)
Start importing Assets/Craft Items/Pants/Pants 3/5 Pants 2 red.asset using Guid(ecdff38f042f4894da8e811837e4fc01) Importer(815301076,1909f56bfc062723c751e8b465ee728b)  -> (artifact id: 'bccb563ecab713f81f62edc64d5a5757') in 0.002491 seconds
Number of updated asset objects reloaded before import = 0
Number of asset objects unloaded after import = 16
========================================================================
Received Import Request.
  Time since last request: 56.806083 seconds.
  path: Assets/Prefabs/Items/Pants/Pants 3/2 Pants 2 green.prefab
  artifactKey: Guid(ecd9aeebbba4e5c498b1189fa96b3731) Importer(815301076,1909f56bfc062723c751e8b465ee728b)
Start importing Assets/Prefabs/Items/Pants/Pants 3/2 Pants 2 green.prefab using Guid(ecd9aeebbba4e5c498b1189fa96b3731) Importer(815301076,1909f56bfc062723c751e8b465ee728b)  -> (artifact id: 'be43757157aba6e365fb5d6e9aa93d63') in 0.003265 seconds
Number of updated asset objects reloaded before import = 0
Number of asset objects unloaded after import = 25
========================================================================
Received Import Request.
  Time since last request: 0.000018 seconds.
  path: Assets/Prefabs/Items/Pants/Pants 3/5 Pants 2 red.prefab
  artifactKey: Guid(80d8cbc66513efe44be814bfe45205f6) Importer(815301076,1909f56bfc062723c751e8b465ee728b)
Start importing Assets/Prefabs/Items/Pants/Pants 3/5 Pants 2 red.prefab using Guid(80d8cbc66513efe44be814bfe45205f6) Importer(815301076,1909f56bfc062723c751e8b465ee728b)  -> (artifact id: 'bd5817b98c59078267c3b99a70e91201') in 0.003860 seconds
Number of updated asset objects reloaded before import = 0
Number of asset objects unloaded after import = 25
Editor requested this worker to shutdown with reason: Scaling down because of idle timeout
TcpMessagingSession - receive error: operation aborted. errorcode: 995, details: ќпераци€ ввода/вывода была прервана из-за завершени€ потока команд или по запросу приложени€.
AssetImportWorker is now disconnected from the server
Process exiting
Exiting without the bug reporter. Application will terminate with return code 0