Using pre-set license
Built from '2022.3/staging' branch; Version is '2022.3.7f1 (b16b3b16c7a0) revision 11627323'; Using compiler version '192829333'; Build Type 'Release'
OS: 'Windows 10  (10.0.19045) 64bit Education' Language: 'ru' Physical Memory: 16085 MB
BatchMode: 1, IsHumanControllingUs: 0, StartBugReporterOnCrash: 0, Is64bit: 1, IsPro: 1

COMMAND LINE ARGUMENTS:
D:\unity\Unity\2022.3.7f1\Editor\Unity.exe
-adb2
-batchMode
-noUpm
-name
AssetImportWorker4
-projectPath
D:/Github/RogueLike_1/RogueLike
-logFile
Logs/AssetImportWorker4.log
-srvPort
62272
Successfully changed project path to: D:/Github/RogueLike_1/RogueLike
D:/Github/RogueLike_1/RogueLike
[UnityMemory] Configuration Parameters - Can be set up in boot.config
    "memorysetup-bucket-allocator-granularity=16"
    "memorysetup-bucket-allocator-bucket-count=8"
    "memorysetup-bucket-allocator-block-size=33554432"
    "memorysetup-bucket-allocator-block-count=8"
    "memorysetup-main-allocator-block-size=16777216"
    "memorysetup-thread-allocator-block-size=16777216"
    "memorysetup-gfx-main-allocator-block-size=16777216"
    "memorysetup-gfx-thread-allocator-block-size=16777216"
    "memorysetup-cache-allocator-block-size=4194304"
    "memorysetup-typetree-allocator-block-size=2097152"
    "memorysetup-profiler-bucket-allocator-granularity=16"
    "memorysetup-profiler-bucket-allocator-bucket-count=8"
    "memorysetup-profiler-bucket-allocator-block-size=33554432"
    "memorysetup-profiler-bucket-allocator-block-count=8"
    "memorysetup-profiler-allocator-block-size=16777216"
    "memorysetup-profiler-editor-allocator-block-size=1048576"
    "memorysetup-temp-allocator-size-main=16777216"
    "memorysetup-job-temp-allocator-block-size=2097152"
    "memorysetup-job-temp-allocator-block-size-background=1048576"
    "memorysetup-job-temp-allocator-reduction-small-platforms=262144"
    "memorysetup-allocator-temp-initial-block-size-main=262144"
    "memorysetup-allocator-temp-initial-block-size-worker=262144"
    "memorysetup-temp-allocator-size-background-worker=32768"
    "memorysetup-temp-allocator-size-job-worker=262144"
    "memorysetup-temp-allocator-size-preload-manager=33554432"
    "memorysetup-temp-allocator-size-nav-mesh-worker=65536"
    "memorysetup-temp-allocator-size-audio-worker=65536"
    "memorysetup-temp-allocator-size-cloud-worker=32768"
    "memorysetup-temp-allocator-size-gi-baking-worker=262144"
    "memorysetup-temp-allocator-size-gfx=262144"
Player connection [17204] Host "[IP] 192.168.0.101 [Port] 0 [Flags] 2 [Guid] 2956603499 [EditorId] 2956603499 [Version] 1048832 [Id] WindowsEditor(7,DESKTOP-6VIK7N9) [Debug] 1 [PackageName] WindowsEditor [ProjectName] Editor" joined multi-casting on [225.0.0.222:54997]...

Player connection [17204] Host "[IP] 192.168.0.101 [Port] 0 [Flags] 2 [Guid] 2956603499 [EditorId] 2956603499 [Version] 1048832 [Id] WindowsEditor(7,DESKTOP-6VIK7N9) [Debug] 1 [PackageName] WindowsEditor [ProjectName] Editor" joined alternative multi-casting on [225.0.0.222:34997]...

Refreshing native plugins compatible for Editor in 5.54 ms, found 4 plugins.
Preloading 0 native plugins for Editor in 0.00 ms.
Initialize engine version: 2022.3.7f1 (b16b3b16c7a0)
[Subsystems] Discovering subsystems at path D:/unity/Unity/2022.3.7f1/Editor/Data/Resources/UnitySubsystems
[Subsystems] Discovering subsystems at path D:/Github/RogueLike_1/RogueLike/Assets
GfxDevice: creating device client; threaded=0; jobified=0
Direct3D:
    Version:  Direct3D 11.0 [level 11.1]
    Renderer: NVIDIA GeForce RTX 3050 Ti Laptop GPU (ID=0x25a0)
    Vendor:   NVIDIA
    VRAM:     3977 MB
    Driver:   31.0.15.4629
Initialize mono
Mono path[0] = 'D:/unity/Unity/2022.3.7f1/Editor/Data/Managed'
Mono path[1] = 'D:/unity/Unity/2022.3.7f1/Editor/Data/MonoBleedingEdge/lib/mono/unityjit-win32'
Mono config path = 'D:/unity/Unity/2022.3.7f1/Editor/Data/MonoBleedingEdge/etc'
Using monoOptions --debugger-agent=transport=dt_socket,embedding=1,server=y,suspend=n,address=127.0.0.1:56428
Begin MonoManager ReloadAssembly
Registering precompiled unity dll's ...
Register platform support module: D:/unity/Unity/2022.3.7f1/Editor/Data/PlaybackEngines/WebGLSupport/UnityEditor.WebGL.Extensions.dll
Register platform support module: D:/unity/Unity/2022.3.7f1/Editor/Data/PlaybackEngines/AndroidPlayer/UnityEditor.Android.Extensions.dll
Register platform support module: D:/unity/Unity/2022.3.7f1/Editor/Data/PlaybackEngines/WindowsStandaloneSupport/UnityEditor.WindowsStandalone.Extensions.dll
Registered in 0.005345 seconds.
- Loaded All Assemblies, in  0.333 seconds
Native extension for WindowsStandalone target not found
Native extension for Android target not found
Android Extension - Scanning For ADB Devices 184 ms
Native extension for WebGL target not found
Mono: successfully reloaded assembly
- Finished resetting the current domain, in  0.441 seconds
Domain Reload Profiling: 774ms
	BeginReloadAssembly (84ms)
		ExecutionOrderSort (0ms)
		DisableScriptedObjects (0ms)
		BackupInstance (0ms)
		ReleaseScriptingObjects (0ms)
		CreateAndSetChildDomain (1ms)
	RebuildCommonClasses (26ms)
	RebuildNativeTypeToScriptingClass (9ms)
	initialDomainReloadingComplete (74ms)
	LoadAllAssembliesAndSetupDomain (139ms)
		LoadAssemblies (84ms)
		RebuildTransferFunctionScriptingTraits (0ms)
		AnalyzeDomain (137ms)
			TypeCache.Refresh (135ms)
				TypeCache.ScanAssembly (121ms)
			ScanForSourceGeneratedMonoScriptInfo (1ms)
			ResolveRequiredComponents (1ms)
	FinalizeReload (442ms)
		ReleaseScriptCaches (0ms)
		RebuildScriptCaches (0ms)
		SetupLoadedEditorAssemblies (393ms)
			LogAssemblyErrors (0ms)
			InitializePlatformSupportModulesInManaged (272ms)
			SetLoadedEditorAssemblies (3ms)
			RefreshPlugins (0ms)
			BeforeProcessingInitializeOnLoad (2ms)
			ProcessInitializeOnLoadAttributes (80ms)
			ProcessInitializeOnLoadMethodAttributes (35ms)
			AfterProcessingInitializeOnLoad (0ms)
			EditorAssembliesLoaded (0ms)
		ExecutionOrderSort2 (0ms)
		AwakeInstancesAfterBackupRestoration (0ms)
========================================================================
Worker process is ready to serve import requests
Begin MonoManager ReloadAssembly
Symbol file LoadedFromMemory doesn't match image D:\Github\RogueLike_1\RogueLike\Library\PackageCache\com.unity.visualscripting@1.8.0\Editor\VisualScripting.Core\Dependencies\YamlDotNet\Unity.VisualScripting.YamlDotNet.dll
Symbol file LoadedFromMemory doesn't match image D:\Github\RogueLike_1\RogueLike\Library\PackageCache\com.unity.visualscripting@1.8.0\Editor\VisualScripting.Core\Dependencies\DotNetZip\Unity.VisualScripting.IonicZip.dll
- Loaded All Assemblies, in  0.604 seconds
Refreshing native plugins compatible for Editor in 2.18 ms, found 4 plugins.
Native extension for WindowsStandalone target not found
Native extension for Android target not found
Native extension for WebGL target not found
Mono: successfully reloaded assembly
- Finished resetting the current domain, in  0.672 seconds
Domain Reload Profiling: 1276ms
	BeginReloadAssembly (114ms)
		ExecutionOrderSort (0ms)
		DisableScriptedObjects (5ms)
		BackupInstance (0ms)
		ReleaseScriptingObjects (0ms)
		CreateAndSetChildDomain (19ms)
	RebuildCommonClasses (28ms)
	RebuildNativeTypeToScriptingClass (9ms)
	initialDomainReloadingComplete (34ms)
	LoadAllAssembliesAndSetupDomain (419ms)
		LoadAssemblies (241ms)
		RebuildTransferFunctionScriptingTraits (0ms)
		AnalyzeDomain (240ms)
			TypeCache.Refresh (198ms)
				TypeCache.ScanAssembly (173ms)
			ScanForSourceGeneratedMonoScriptInfo (28ms)
			ResolveRequiredComponents (12ms)
	FinalizeReload (673ms)
		ReleaseScriptCaches (0ms)
		RebuildScriptCaches (0ms)
		SetupLoadedEditorAssemblies (508ms)
			LogAssemblyErrors (0ms)
			InitializePlatformSupportModulesInManaged (22ms)
			SetLoadedEditorAssemblies (5ms)
			RefreshPlugins (0ms)
			BeforeProcessingInitializeOnLoad (77ms)
			ProcessInitializeOnLoadAttributes (335ms)
			ProcessInitializeOnLoadMethodAttributes (67ms)
			AfterProcessingInitializeOnLoad (2ms)
			EditorAssembliesLoaded (0ms)
		ExecutionOrderSort2 (0ms)
		AwakeInstancesAfterBackupRestoration (17ms)
Launched and connected shader compiler UnityShaderCompiler.exe after 0.03 seconds
Refreshing native plugins compatible for Editor in 2.11 ms, found 4 plugins.
Preloading 0 native plugins for Editor in 0.00 ms.
Unloading 6575 Unused Serialized files (Serialized files now loaded: 0)
Unloading 115 unused Assets / (1.6 MB). Loaded Objects now: 7055.
Memory consumption went from 278.4 MB to 276.8 MB.
Total: 4.199700 ms (FindLiveObjects: 0.434400 ms CreateObjectMapping: 0.284900 ms MarkObjects: 2.978500 ms  DeleteObjects: 0.499900 ms)

AssetImportParameters requested are different than current active one (requested -> active):
  custom:container-demuxer-ogg: 62fdf1f143b41e24485cea50d1cbac27 -> 
  custom:framework-win-MediaFoundation: 216162199b28c13a410421893ffa2e32 -> 
  custom:container-muxer-webm: aa71ff27fc2769a1b78a27578f13a17b -> 
  custom:video-decoder-webm-vp8: 9c59270c3fd7afecdb556c50c9e8de78 -> 
  custom:SearchIndexIgnoredProperties: e643bd26f0fe6173181afceb89e7c659 -> 
  custom:AudioImporter_EditorPlatform: d09bf68614088b80899f8185d706f6e7 -> 
  custom:audio-decoder-ogg-vorbis: bf7c407c2cedff20999df2af8eb42d56 -> 
  custom:audio-encoder-webm-vorbis: bf7c407c2cedff20999df2af8eb42d56 -> 
  custom:video-decoder-ogg-theora: a1e56fd34408186e4bbccfd4996cb3dc -> 
  custom:CustomObjectIndexerAttribute: d54d2f2da18e7612c182cf67624b6b12 -> 
  custom:container-demuxer-webm: 4f35f7cbe854078d1ac9338744f61a02 -> 
  custom:video-encoder-webm-vp8: eb34c28f22e8b96e1ab97ce403110664 -> 
========================================================================
Received Import Request.
  Time since last request: 353391.446382 seconds.
  path: Assets/Craft Items/Chest/Chest 2/1 Chest 1 white.asset
  artifactKey: Guid(25ccbb0fbc1d0e14e9671b0910bae71e) Importer(815301076,1909f56bfc062723c751e8b465ee728b)
Start importing Assets/Craft Items/Chest/Chest 2/1 Chest 1 white.asset using Guid(25ccbb0fbc1d0e14e9671b0910bae71e) Importer(815301076,1909f56bfc062723c751e8b465ee728b)  -> (artifact id: '8d8c5206d8395a84f51c41ce3e9f7b12') in 0.032794 seconds
Number of updated asset objects reloaded before import = 0
Number of asset objects unloaded after import = 16
========================================================================
Received Import Request.
  Time since last request: 0.000025 seconds.
  path: Assets/Craft Items/Chest/Chest 2/4 Chest 1 violet.asset
  artifactKey: Guid(befa38b259163ec44a21552c2610fbf0) Importer(815301076,1909f56bfc062723c751e8b465ee728b)
Start importing Assets/Craft Items/Chest/Chest 2/4 Chest 1 violet.asset using Guid(befa38b259163ec44a21552c2610fbf0) Importer(815301076,1909f56bfc062723c751e8b465ee728b)  -> (artifact id: '8f16adeff5c499e0bf24b254e5df310a') in 0.003426 seconds
Number of updated asset objects reloaded before import = 0
Number of asset objects unloaded after import = 16
========================================================================
Received Import Request.
  Time since last request: 5.388614 seconds.
  path: Assets/Craft Items/Chest/Chest 2/1 Chest 2 white.asset
  artifactKey: Guid(25ccbb0fbc1d0e14e9671b0910bae71e) Importer(815301076,1909f56bfc062723c751e8b465ee728b)
Start importing Assets/Craft Items/Chest/Chest 2/1 Chest 2 white.asset using Guid(25ccbb0fbc1d0e14e9671b0910bae71e) Importer(815301076,1909f56bfc062723c751e8b465ee728b)  -> (artifact id: '5983034303d954764dc67601ef914c1b') in 0.002095 seconds
Number of updated asset objects reloaded before import = 0
Number of asset objects unloaded after import = 16
========================================================================
Received Import Request.
  Time since last request: 3.252525 seconds.
  path: Assets/Craft Items/Chest/Chest 2/2 Chest 2 green.asset
  artifactKey: Guid(aec9432783984f84493fc564cd04c827) Importer(815301076,1909f56bfc062723c751e8b465ee728b)
Start importing Assets/Craft Items/Chest/Chest 2/2 Chest 2 green.asset using Guid(aec9432783984f84493fc564cd04c827) Importer(815301076,1909f56bfc062723c751e8b465ee728b)  -> (artifact id: 'a8402541d31bbef2883d9fcfd343cdd6') in 0.002451 seconds
Number of updated asset objects reloaded before import = 0
Number of asset objects unloaded after import = 16
========================================================================
Received Import Request.
  Time since last request: 2.887130 seconds.
  path: Assets/Craft Items/Chest/Chest 2/3 Chest 2 blue.asset
  artifactKey: Guid(76692c0efb8802b4283faf9b55be482e) Importer(815301076,1909f56bfc062723c751e8b465ee728b)
Start importing Assets/Craft Items/Chest/Chest 2/3 Chest 2 blue.asset using Guid(76692c0efb8802b4283faf9b55be482e) Importer(815301076,1909f56bfc062723c751e8b465ee728b)  -> (artifact id: '9a029902fcb3aeddd70899fb9d175297') in 0.002307 seconds
Number of updated asset objects reloaded before import = 0
Number of asset objects unloaded after import = 16
========================================================================
Received Import Request.
  Time since last request: 2.954985 seconds.
  path: Assets/Craft Items/Chest/Chest 2/4 Chest 2 violet.asset
  artifactKey: Guid(befa38b259163ec44a21552c2610fbf0) Importer(815301076,1909f56bfc062723c751e8b465ee728b)
Start importing Assets/Craft Items/Chest/Chest 2/4 Chest 2 violet.asset using Guid(befa38b259163ec44a21552c2610fbf0) Importer(815301076,1909f56bfc062723c751e8b465ee728b)  -> (artifact id: '4895e091e2b2d6773fab8ee7005eeadd') in 0.002966 seconds
Number of updated asset objects reloaded before import = 0
Number of asset objects unloaded after import = 16
========================================================================
Received Import Request.
  Time since last request: 2.927754 seconds.
  path: Assets/Craft Items/Chest/Chest 2/5 Chest 2 red.asset
  artifactKey: Guid(1a1f827e7798bdf4f8774cb5092f03c1) Importer(815301076,1909f56bfc062723c751e8b465ee728b)
Start importing Assets/Craft Items/Chest/Chest 2/5 Chest 2 red.asset using Guid(1a1f827e7798bdf4f8774cb5092f03c1) Importer(815301076,1909f56bfc062723c751e8b465ee728b)  -> (artifact id: '447b503c27504684c1c76668f7f00efc') in 0.002127 seconds
Number of updated asset objects reloaded before import = 0
Number of asset objects unloaded after import = 16
========================================================================
Received Import Request.
  Time since last request: 63.963493 seconds.
  path: Assets/Prefabs/Items/Chest/Chest 2/1 Chest 1 white.prefab
  artifactKey: Guid(378e7e4989ce220478bd8fb0fd83f796) Importer(815301076,1909f56bfc062723c751e8b465ee728b)
Start importing Assets/Prefabs/Items/Chest/Chest 2/1 Chest 1 white.prefab using Guid(378e7e4989ce220478bd8fb0fd83f796) Importer(815301076,1909f56bfc062723c751e8b465ee728b)  -> (artifact id: '89eb6853e2612110f4ce1c1a0dffbc21') in 0.004211 seconds
Number of updated asset objects reloaded before import = 0
Number of asset objects unloaded after import = 25
========================================================================
Received Import Request.
  Time since last request: 0.000027 seconds.
  path: Assets/Prefabs/Items/Chest/Chest 2/5 Chest 1 red.prefab
  artifactKey: Guid(2d9d8d0865d53014195962f817531ca1) Importer(815301076,1909f56bfc062723c751e8b465ee728b)
Start importing Assets/Prefabs/Items/Chest/Chest 2/5 Chest 1 red.prefab using Guid(2d9d8d0865d53014195962f817531ca1) Importer(815301076,1909f56bfc062723c751e8b465ee728b)  -> (artifact id: '0d34ba2ab893d044b082128780932c58') in 0.003393 seconds
Number of updated asset objects reloaded before import = 0
Number of asset objects unloaded after import = 25
========================================================================
Received Import Request.
  Time since last request: 0.000017 seconds.
  path: Assets/Prefabs/Items/Chest/Chest 2/4 Chest 1 violet.prefab
  artifactKey: Guid(d9019198393ea0e44b390db475e3bba0) Importer(815301076,1909f56bfc062723c751e8b465ee728b)
Start importing Assets/Prefabs/Items/Chest/Chest 2/4 Chest 1 violet.prefab using Guid(d9019198393ea0e44b390db475e3bba0) Importer(815301076,1909f56bfc062723c751e8b465ee728b)  -> (artifact id: 'f9ec7c75635cacd451300c17c3910222') in 0.002073 seconds
Number of updated asset objects reloaded before import = 0
Number of asset objects unloaded after import = 25
========================================================================
Received Import Request.
  Time since last request: 5.704040 seconds.
  path: Assets/Prefabs/Items/Chest/Chest 2/1 Chest 2 white.prefab
  artifactKey: Guid(378e7e4989ce220478bd8fb0fd83f796) Importer(815301076,1909f56bfc062723c751e8b465ee728b)
Start importing Assets/Prefabs/Items/Chest/Chest 2/1 Chest 2 white.prefab using Guid(378e7e4989ce220478bd8fb0fd83f796) Importer(815301076,1909f56bfc062723c751e8b465ee728b)  -> (artifact id: '47782e38aed0df9dd406a6816356e26e') in 0.002130 seconds
Number of updated asset objects reloaded before import = 0
Number of asset objects unloaded after import = 25
========================================================================
Received Import Request.
  Time since last request: 2.838940 seconds.
  path: Assets/Prefabs/Items/Chest/Chest 2/2 Chest 2 green.prefab
  artifactKey: Guid(1cdbceb36749a2044a2b456ee46fb1ce) Importer(815301076,1909f56bfc062723c751e8b465ee728b)
Start importing Assets/Prefabs/Items/Chest/Chest 2/2 Chest 2 green.prefab using Guid(1cdbceb36749a2044a2b456ee46fb1ce) Importer(815301076,1909f56bfc062723c751e8b465ee728b)  -> (artifact id: '2b1ba5e43cf3aeed51319191e298cf80') in 0.002240 seconds
Number of updated asset objects reloaded before import = 0
Number of asset objects unloaded after import = 25
========================================================================
Received Import Request.
  Time since last request: 2.615137 seconds.
  path: Assets/Prefabs/Items/Chest/Chest 2/4 Chest 2 violet.prefab
  artifactKey: Guid(d9019198393ea0e44b390db475e3bba0) Importer(815301076,1909f56bfc062723c751e8b465ee728b)
Start importing Assets/Prefabs/Items/Chest/Chest 2/4 Chest 2 violet.prefab using Guid(d9019198393ea0e44b390db475e3bba0) Importer(815301076,1909f56bfc062723c751e8b465ee728b)  -> (artifact id: '4f8f7e47d966d6cc3e3a18b85c2a52bc') in 0.002158 seconds
Number of updated asset objects reloaded before import = 0
Number of asset objects unloaded after import = 25
========================================================================
Received Import Request.
  Time since last request: 2.098944 seconds.
  path: Assets/Prefabs/Items/Chest/Chest 2/3 Chest 2 blue.prefab
  artifactKey: Guid(52e6932c615634c4ead4624aac35ea36) Importer(815301076,1909f56bfc062723c751e8b465ee728b)
Start importing Assets/Prefabs/Items/Chest/Chest 2/3 Chest 2 blue.prefab using Guid(52e6932c615634c4ead4624aac35ea36) Importer(815301076,1909f56bfc062723c751e8b465ee728b)  -> (artifact id: 'ba3e37b9f5c566a0592df4f4b88fd4cc') in 0.002112 seconds
Number of updated asset objects reloaded before import = 0
Number of asset objects unloaded after import = 25
========================================================================
Received Import Request.
  Time since last request: 3.189440 seconds.
  path: Assets/Prefabs/Items/Chest/Chest 2/5 Chest 2 red.prefab
  artifactKey: Guid(2d9d8d0865d53014195962f817531ca1) Importer(815301076,1909f56bfc062723c751e8b465ee728b)
Start importing Assets/Prefabs/Items/Chest/Chest 2/5 Chest 2 red.prefab using Guid(2d9d8d0865d53014195962f817531ca1) Importer(815301076,1909f56bfc062723c751e8b465ee728b)  -> (artifact id: '7dfe824e5f3f83f8b8037ea73b5e0f9f') in 0.002093 seconds
Number of updated asset objects reloaded before import = 0
Number of asset objects unloaded after import = 25
========================================================================
Received Import Request.
  Time since last request: 25.645930 seconds.
  path: Assets/Prefabs/Items/Chest/Chest 2/1 Chest 2 white.prefab
  artifactKey: Guid(378e7e4989ce220478bd8fb0fd83f796) Importer(815301076,1909f56bfc062723c751e8b465ee728b)
Start importing Assets/Prefabs/Items/Chest/Chest 2/1 Chest 2 white.prefab using Guid(378e7e4989ce220478bd8fb0fd83f796) Importer(815301076,1909f56bfc062723c751e8b465ee728b)  -> (artifact id: 'bf6ddc0f0f21aa57f1af5164e1db16f4') in 0.003131 seconds
Number of updated asset objects reloaded before import = 0
Number of asset objects unloaded after import = 27
========================================================================
Received Import Request.
  Time since last request: 2.737995 seconds.
  path: Assets/Craft Items/Chest/Chest 1/1 Chest 1 white.asset
  artifactKey: Guid(f3af28fea709a1f49a77b2e4854a2bd4) Importer(815301076,1909f56bfc062723c751e8b465ee728b)
Start importing Assets/Craft Items/Chest/Chest 1/1 Chest 1 white.asset using Guid(f3af28fea709a1f49a77b2e4854a2bd4) Importer(815301076,1909f56bfc062723c751e8b465ee728b)  -> (artifact id: '1db2f6823a4ce3cd582efe9816570b23') in 0.002052 seconds
Number of updated asset objects reloaded before import = 0
Number of asset objects unloaded after import = 15
========================================================================
Received Import Request.
  Time since last request: 0.000014 seconds.
  path: Assets/Craft Items/Chest/Chest 1/4 Chest 1 violet.asset
  artifactKey: Guid(7feeaa82237a0b941944bc2015e9eadd) Importer(815301076,1909f56bfc062723c751e8b465ee728b)
Start importing Assets/Craft Items/Chest/Chest 1/4 Chest 1 violet.asset using Guid(7feeaa82237a0b941944bc2015e9eadd) Importer(815301076,1909f56bfc062723c751e8b465ee728b)  -> (artifact id: '4af6e108224f85680036880f672ab8d2') in 0.002062 seconds
Number of updated asset objects reloaded before import = 0
Number of asset objects unloaded after import = 15
========================================================================
Received Import Request.
  Time since last request: 3.372346 seconds.
  path: Assets/Craft Items/Chest/Chest 2/1 Chest 2 white.asset
  artifactKey: Guid(25ccbb0fbc1d0e14e9671b0910bae71e) Importer(815301076,1909f56bfc062723c751e8b465ee728b)
Start importing Assets/Craft Items/Chest/Chest 2/1 Chest 2 white.asset using Guid(25ccbb0fbc1d0e14e9671b0910bae71e) Importer(815301076,1909f56bfc062723c751e8b465ee728b)  -> (artifact id: '3bf1127d1f2c8fdbac63534c14ec6548') in 0.002912 seconds
Number of updated asset objects reloaded before import = 0
Number of asset objects unloaded after import = 16
========================================================================
Received Import Request.
  Time since last request: 0.000017 seconds.
  path: Assets/Craft Items/Chest/Chest 2/4 Chest 2 violet.asset
  artifactKey: Guid(befa38b259163ec44a21552c2610fbf0) Importer(815301076,1909f56bfc062723c751e8b465ee728b)
Start importing Assets/Craft Items/Chest/Chest 2/4 Chest 2 violet.asset using Guid(befa38b259163ec44a21552c2610fbf0) Importer(815301076,1909f56bfc062723c751e8b465ee728b)  -> (artifact id: 'c745baddf59d999eb246c6173343d1d0') in 0.001937 seconds
Number of updated asset objects reloaded before import = 0
Number of asset objects unloaded after import = 16
========================================================================
Received Import Request.
  Time since last request: 49.952310 seconds.
  path: Assets/Prefabs/Items/Chest/Chest 2/2 Chest 2 green.prefab
  artifactKey: Guid(1cdbceb36749a2044a2b456ee46fb1ce) Importer(815301076,1909f56bfc062723c751e8b465ee728b)
Start importing Assets/Prefabs/Items/Chest/Chest 2/2 Chest 2 green.prefab using Guid(1cdbceb36749a2044a2b456ee46fb1ce) Importer(815301076,1909f56bfc062723c751e8b465ee728b)  -> (artifact id: '6c91e92472d318a887fa4b7b6f97e73b') in 0.002222 seconds
Number of updated asset objects reloaded before import = 0
Number of asset objects unloaded after import = 27
========================================================================
Received Import Request.
  Time since last request: 2.975453 seconds.
  path: Assets/Prefabs/Items/Chest/Chest 2/3 Chest 2 blue.prefab
  artifactKey: Guid(52e6932c615634c4ead4624aac35ea36) Importer(815301076,1909f56bfc062723c751e8b465ee728b)
Start importing Assets/Prefabs/Items/Chest/Chest 2/3 Chest 2 blue.prefab using Guid(52e6932c615634c4ead4624aac35ea36) Importer(815301076,1909f56bfc062723c751e8b465ee728b)  -> (artifact id: 'edc372f1186dd7159604dbc47db54aa3') in 0.002586 seconds
Number of updated asset objects reloaded before import = 0
Number of asset objects unloaded after import = 27
========================================================================
Received Import Request.
  Time since last request: 2.293040 seconds.
  path: Assets/Prefabs/Items/Chest/Chest 2/4 Chest 2 violet.prefab
  artifactKey: Guid(d9019198393ea0e44b390db475e3bba0) Importer(815301076,1909f56bfc062723c751e8b465ee728b)
Start importing Assets/Prefabs/Items/Chest/Chest 2/4 Chest 2 violet.prefab using Guid(d9019198393ea0e44b390db475e3bba0) Importer(815301076,1909f56bfc062723c751e8b465ee728b)  -> (artifact id: 'c5296427ec0a119548c5678810c6d2af') in 0.002502 seconds
Number of updated asset objects reloaded before import = 0
Number of asset objects unloaded after import = 27
========================================================================
Received Import Request.
  Time since last request: 2.732034 seconds.
  path: Assets/Prefabs/Items/Chest/Chest 2/5 Chest 2 red.prefab
  artifactKey: Guid(2d9d8d0865d53014195962f817531ca1) Importer(815301076,1909f56bfc062723c751e8b465ee728b)
Start importing Assets/Prefabs/Items/Chest/Chest 2/5 Chest 2 red.prefab using Guid(2d9d8d0865d53014195962f817531ca1) Importer(815301076,1909f56bfc062723c751e8b465ee728b)  -> (artifact id: '5fb2951f874ffeb58ce14aeeecf704b2') in 0.002531 seconds
Number of updated asset objects reloaded before import = 0
Number of asset objects unloaded after import = 27
========================================================================
Received Import Request.
  Time since last request: 11.335009 seconds.
  path: Assets/Prefabs/Items/Chest/Chest 2/1 Chest 2 white.prefab
  artifactKey: Guid(378e7e4989ce220478bd8fb0fd83f796) Importer(815301076,1909f56bfc062723c751e8b465ee728b)
Start importing Assets/Prefabs/Items/Chest/Chest 2/1 Chest 2 white.prefab using Guid(378e7e4989ce220478bd8fb0fd83f796) Importer(815301076,1909f56bfc062723c751e8b465ee728b)  -> (artifact id: 'be5248f7cbeef22fe92c0f595f8461ec') in 0.002375 seconds
Number of updated asset objects reloaded before import = 0
Number of asset objects unloaded after import = 28
========================================================================
Received Import Request.
  Time since last request: 23.679522 seconds.
  path: Assets/Prefabs/Items/Chest/Chest 2/2 Chest 2 green.prefab
  artifactKey: Guid(1cdbceb36749a2044a2b456ee46fb1ce) Importer(815301076,1909f56bfc062723c751e8b465ee728b)
Start importing Assets/Prefabs/Items/Chest/Chest 2/2 Chest 2 green.prefab using Guid(1cdbceb36749a2044a2b456ee46fb1ce) Importer(815301076,1909f56bfc062723c751e8b465ee728b)  -> (artifact id: 'aba6155e031a61d41e3eb451246dd003') in 0.002919 seconds
Number of updated asset objects reloaded before import = 0
Number of asset objects unloaded after import = 28
========================================================================
Received Import Request.
  Time since last request: 8.711089 seconds.
  path: Assets/Prefabs/Items/Chest/Chest 2/3 Chest 2 blue.prefab
  artifactKey: Guid(52e6932c615634c4ead4624aac35ea36) Importer(815301076,1909f56bfc062723c751e8b465ee728b)
Start importing Assets/Prefabs/Items/Chest/Chest 2/3 Chest 2 blue.prefab using Guid(52e6932c615634c4ead4624aac35ea36) Importer(815301076,1909f56bfc062723c751e8b465ee728b)  -> (artifact id: '20a3a747899b03b1b14b415d16e61d1a') in 0.002727 seconds
Number of updated asset objects reloaded before import = 0
Number of asset objects unloaded after import = 28
========================================================================
Received Import Request.
  Time since last request: 8.206386 seconds.
  path: Assets/Prefabs/Items/Chest/Chest 2/4 Chest 2 violet.prefab
  artifactKey: Guid(d9019198393ea0e44b390db475e3bba0) Importer(815301076,1909f56bfc062723c751e8b465ee728b)
Start importing Assets/Prefabs/Items/Chest/Chest 2/4 Chest 2 violet.prefab using Guid(d9019198393ea0e44b390db475e3bba0) Importer(815301076,1909f56bfc062723c751e8b465ee728b)  -> (artifact id: '0b9f21668c3b02452a1d9e6c6235e68f') in 0.002509 seconds
Number of updated asset objects reloaded before import = 0
Number of asset objects unloaded after import = 28
========================================================================
Received Import Request.
  Time since last request: 7.653147 seconds.
  path: Assets/Prefabs/Items/Chest/Chest 2/5 Chest 2 red.prefab
  artifactKey: Guid(2d9d8d0865d53014195962f817531ca1) Importer(815301076,1909f56bfc062723c751e8b465ee728b)
Start importing Assets/Prefabs/Items/Chest/Chest 2/5 Chest 2 red.prefab using Guid(2d9d8d0865d53014195962f817531ca1) Importer(815301076,1909f56bfc062723c751e8b465ee728b)  -> (artifact id: 'de96034425f4977c8f10c8510c639df3') in 0.002368 seconds
Number of updated asset objects reloaded before import = 0
Number of asset objects unloaded after import = 28
========================================================================
Received Import Request.
  Time since last request: 0.763690 seconds.
  path: Assets/Craft Items/Chest/Chest 2/1 Chest 2 white.asset
  artifactKey: Guid(25ccbb0fbc1d0e14e9671b0910bae71e) Importer(815301076,1909f56bfc062723c751e8b465ee728b)
Start importing Assets/Craft Items/Chest/Chest 2/1 Chest 2 white.asset using Guid(25ccbb0fbc1d0e14e9671b0910bae71e) Importer(815301076,1909f56bfc062723c751e8b465ee728b)  -> (artifact id: '9646b6cd2a98aa72235bd5ad1d593f1b') in 0.002798 seconds
Number of updated asset objects reloaded before import = 0
Number of asset objects unloaded after import = 15
========================================================================
Received Import Request.
  Time since last request: 0.000015 seconds.
  path: Assets/Craft Items/Chest/Chest 2/3 Chest 2 blue.asset
  artifactKey: Guid(76692c0efb8802b4283faf9b55be482e) Importer(815301076,1909f56bfc062723c751e8b465ee728b)
Start importing Assets/Craft Items/Chest/Chest 2/3 Chest 2 blue.asset using Guid(76692c0efb8802b4283faf9b55be482e) Importer(815301076,1909f56bfc062723c751e8b465ee728b)  -> (artifact id: 'a7585c3a5fa396fbc13008abbae6f434') in 0.002691 seconds
Number of updated asset objects reloaded before import = 0
Number of asset objects unloaded after import = 15
========================================================================
Received Prepare
Begin MonoManager ReloadAssembly
Symbol file LoadedFromMemory doesn't match image D:\Github\RogueLike_1\RogueLike\Library\PackageCache\com.unity.visualscripting@1.8.0\Editor\VisualScripting.Core\Dependencies\YamlDotNet\Unity.VisualScripting.YamlDotNet.dll
Symbol file LoadedFromMemory doesn't match image D:\Github\RogueLike_1\RogueLike\Library\PackageCache\com.unity.visualscripting@1.8.0\Editor\VisualScripting.Core\Dependencies\DotNetZip\Unity.VisualScripting.IonicZip.dll
- Loaded All Assemblies, in  0.574 seconds
Refreshing native plugins compatible for Editor in 4.23 ms, found 4 plugins.
Native extension for WindowsStandalone target not found
Native extension for Android target not found
Native extension for WebGL target not found
Mono: successfully reloaded assembly
- Finished resetting the current domain, in  1.438 seconds
Domain Reload Profiling: 2010ms
	BeginReloadAssembly (228ms)
		ExecutionOrderSort (0ms)
		DisableScriptedObjects (15ms)
		BackupInstance (0ms)
		ReleaseScriptingObjects (0ms)
		CreateAndSetChildDomain (84ms)
	RebuildCommonClasses (57ms)
	RebuildNativeTypeToScriptingClass (16ms)
	initialDomainReloadingComplete (25ms)
	LoadAllAssembliesAndSetupDomain (247ms)
		LoadAssemblies (310ms)
		RebuildTransferFunctionScriptingTraits (0ms)
		AnalyzeDomain (31ms)
			TypeCache.Refresh (8ms)
				TypeCache.ScanAssembly (0ms)
			ScanForSourceGeneratedMonoScriptInfo (0ms)
			ResolveRequiredComponents (21ms)
	FinalizeReload (1438ms)
		ReleaseScriptCaches (0ms)
		RebuildScriptCaches (0ms)
		SetupLoadedEditorAssemblies (714ms)
			LogAssemblyErrors (0ms)
			InitializePlatformSupportModulesInManaged (25ms)
			SetLoadedEditorAssemblies (5ms)
			RefreshPlugins (0ms)
			BeforeProcessingInitializeOnLoad (125ms)
			ProcessInitializeOnLoadAttributes (440ms)
			ProcessInitializeOnLoadMethodAttributes (116ms)
			AfterProcessingInitializeOnLoad (3ms)
			EditorAssembliesLoaded (0ms)
		ExecutionOrderSort2 (0ms)
		AwakeInstancesAfterBackupRestoration (16ms)
Refreshing native plugins compatible for Editor in 3.29 ms, found 4 plugins.
Preloading 0 native plugins for Editor in 0.00 ms.
Unloading 6377 Unused Serialized files (Serialized files now loaded: 0)
Unloading 61 unused Assets / (1.6 MB). Loaded Objects now: 7074.
Memory consumption went from 239.0 MB to 237.4 MB.
Total: 4.778400 ms (FindLiveObjects: 0.646300 ms CreateObjectMapping: 0.477800 ms MarkObjects: 3.327800 ms  DeleteObjects: 0.324400 ms)

Prepare: number of updated asset objects reloaded= 0
AssetImportParameters requested are different than current active one (requested -> active):
  custom:container-demuxer-ogg: 62fdf1f143b41e24485cea50d1cbac27 -> 
  custom:framework-win-MediaFoundation: 216162199b28c13a410421893ffa2e32 -> 
  custom:container-muxer-webm: aa71ff27fc2769a1b78a27578f13a17b -> 
  custom:video-decoder-webm-vp8: 9c59270c3fd7afecdb556c50c9e8de78 -> 
  custom:SearchIndexIgnoredProperties: e643bd26f0fe6173181afceb89e7c659 -> 
  custom:AudioImporter_EditorPlatform: d09bf68614088b80899f8185d706f6e7 -> 
  custom:audio-decoder-ogg-vorbis: bf7c407c2cedff20999df2af8eb42d56 -> 
  custom:audio-encoder-webm-vorbis: bf7c407c2cedff20999df2af8eb42d56 -> 
  custom:video-decoder-ogg-theora: a1e56fd34408186e4bbccfd4996cb3dc -> 
  custom:CustomObjectIndexerAttribute: d54d2f2da18e7612c182cf67624b6b12 -> 
  custom:container-demuxer-webm: 4f35f7cbe854078d1ac9338744f61a02 -> 
  custom:video-encoder-webm-vp8: eb34c28f22e8b96e1ab97ce403110664 -> 
Editor requested this worker to shutdown with reason: Scaling down because of idle timeout
TcpMessagingSession - receive error: operation aborted. errorcode: 995, details: ќпераци€ ввода/вывода была прервана из-за завершени€ потока команд или по запросу приложени€.
AssetImportWorker is now disconnected from the server
Process exiting
Exiting without the bug reporter. Application will terminate with return code 0