Using pre-set license
Built from '2022.3/staging' branch; Version is '2022.3.7f1 (b16b3b16c7a0) revision 11627323'; Using compiler version '192829333'; Build Type 'Release'
OS: 'Windows 10  (10.0.19045) 64bit Education' Language: 'ru' Physical Memory: 16085 MB
BatchMode: 1, IsHumanControllingUs: 0, StartBugReporterOnCrash: 0, Is64bit: 1, IsPro: 1

COMMAND LINE ARGUMENTS:
D:\unity\Unity\2022.3.7f1\Editor\Unity.exe
-adb2
-batchMode
-noUpm
-name
AssetImportWorker35
-projectPath
D:/Github/RogueLike_1/RogueLike
-logFile
Logs/AssetImportWorker35.log
-srvPort
62272
Successfully changed project path to: D:/Github/RogueLike_1/RogueLike
D:/Github/RogueLike_1/RogueLike
[UnityMemory] Configuration Parameters - Can be set up in boot.config
    "memorysetup-bucket-allocator-granularity=16"
    "memorysetup-bucket-allocator-bucket-count=8"
    "memorysetup-bucket-allocator-block-size=33554432"
    "memorysetup-bucket-allocator-block-count=8"
    "memorysetup-main-allocator-block-size=16777216"
    "memorysetup-thread-allocator-block-size=16777216"
    "memorysetup-gfx-main-allocator-block-size=16777216"
    "memorysetup-gfx-thread-allocator-block-size=16777216"
    "memorysetup-cache-allocator-block-size=4194304"
    "memorysetup-typetree-allocator-block-size=2097152"
    "memorysetup-profiler-bucket-allocator-granularity=16"
    "memorysetup-profiler-bucket-allocator-bucket-count=8"
    "memorysetup-profiler-bucket-allocator-block-size=33554432"
    "memorysetup-profiler-bucket-allocator-block-count=8"
    "memorysetup-profiler-allocator-block-size=16777216"
    "memorysetup-profiler-editor-allocator-block-size=1048576"
    "memorysetup-temp-allocator-size-main=16777216"
    "memorysetup-job-temp-allocator-block-size=2097152"
    "memorysetup-job-temp-allocator-block-size-background=1048576"
    "memorysetup-job-temp-allocator-reduction-small-platforms=262144"
    "memorysetup-allocator-temp-initial-block-size-main=262144"
    "memorysetup-allocator-temp-initial-block-size-worker=262144"
    "memorysetup-temp-allocator-size-background-worker=32768"
    "memorysetup-temp-allocator-size-job-worker=262144"
    "memorysetup-temp-allocator-size-preload-manager=33554432"
    "memorysetup-temp-allocator-size-nav-mesh-worker=65536"
    "memorysetup-temp-allocator-size-audio-worker=65536"
    "memorysetup-temp-allocator-size-cloud-worker=32768"
    "memorysetup-temp-allocator-size-gi-baking-worker=262144"
    "memorysetup-temp-allocator-size-gfx=262144"
Player connection [17744] Host "[IP] 192.168.0.101 [Port] 0 [Flags] 2 [Guid] 3286931853 [EditorId] 3286931853 [Version] 1048832 [Id] WindowsEditor(7,DESKTOP-6VIK7N9) [Debug] 1 [PackageName] WindowsEditor [ProjectName] Editor" joined multi-casting on [225.0.0.222:54997]...

Player connection [17744] Host "[IP] 192.168.0.101 [Port] 0 [Flags] 2 [Guid] 3286931853 [EditorId] 3286931853 [Version] 1048832 [Id] WindowsEditor(7,DESKTOP-6VIK7N9) [Debug] 1 [PackageName] WindowsEditor [ProjectName] Editor" joined alternative multi-casting on [225.0.0.222:34997]...

Refreshing native plugins compatible for Editor in 7.15 ms, found 4 plugins.
Preloading 0 native plugins for Editor in 0.00 ms.
Initialize engine version: 2022.3.7f1 (b16b3b16c7a0)
[Subsystems] Discovering subsystems at path D:/unity/Unity/2022.3.7f1/Editor/Data/Resources/UnitySubsystems
[Subsystems] Discovering subsystems at path D:/Github/RogueLike_1/RogueLike/Assets
GfxDevice: creating device client; threaded=0; jobified=0
Direct3D:
    Version:  Direct3D 11.0 [level 11.1]
    Renderer: NVIDIA GeForce RTX 3050 Ti Laptop GPU (ID=0x25a0)
    Vendor:   NVIDIA
    VRAM:     3977 MB
    Driver:   31.0.15.4629
Initialize mono
Mono path[0] = 'D:/unity/Unity/2022.3.7f1/Editor/Data/Managed'
Mono path[1] = 'D:/unity/Unity/2022.3.7f1/Editor/Data/MonoBleedingEdge/lib/mono/unityjit-win32'
Mono config path = 'D:/unity/Unity/2022.3.7f1/Editor/Data/MonoBleedingEdge/etc'
Using monoOptions --debugger-agent=transport=dt_socket,embedding=1,server=y,suspend=n,address=127.0.0.1:56428
Begin MonoManager ReloadAssembly
Registering precompiled unity dll's ...
Register platform support module: D:/unity/Unity/2022.3.7f1/Editor/Data/PlaybackEngines/WebGLSupport/UnityEditor.WebGL.Extensions.dll
Register platform support module: D:/unity/Unity/2022.3.7f1/Editor/Data/PlaybackEngines/AndroidPlayer/UnityEditor.Android.Extensions.dll
Register platform support module: D:/unity/Unity/2022.3.7f1/Editor/Data/PlaybackEngines/WindowsStandaloneSupport/UnityEditor.WindowsStandalone.Extensions.dll
Registered in 0.004246 seconds.
- Loaded All Assemblies, in  0.293 seconds
Native extension for WindowsStandalone target not found
Native extension for Android target not found
Android Extension - Scanning For ADB Devices 213 ms
Native extension for WebGL target not found
Mono: successfully reloaded assembly
- Finished resetting the current domain, in  0.512 seconds
Domain Reload Profiling: 805ms
	BeginReloadAssembly (85ms)
		ExecutionOrderSort (0ms)
		DisableScriptedObjects (0ms)
		BackupInstance (0ms)
		ReleaseScriptingObjects (0ms)
		CreateAndSetChildDomain (1ms)
	RebuildCommonClasses (28ms)
	RebuildNativeTypeToScriptingClass (9ms)
	initialDomainReloadingComplete (43ms)
	LoadAllAssembliesAndSetupDomain (127ms)
		LoadAssemblies (85ms)
		RebuildTransferFunctionScriptingTraits (0ms)
		AnalyzeDomain (126ms)
			TypeCache.Refresh (124ms)
				TypeCache.ScanAssembly (110ms)
			ScanForSourceGeneratedMonoScriptInfo (1ms)
			ResolveRequiredComponents (0ms)
	FinalizeReload (512ms)
		ReleaseScriptCaches (0ms)
		RebuildScriptCaches (0ms)
		SetupLoadedEditorAssemblies (457ms)
			LogAssemblyErrors (0ms)
			InitializePlatformSupportModulesInManaged (312ms)
			SetLoadedEditorAssemblies (3ms)
			RefreshPlugins (0ms)
			BeforeProcessingInitializeOnLoad (2ms)
			ProcessInitializeOnLoadAttributes (104ms)
			ProcessInitializeOnLoadMethodAttributes (36ms)
			AfterProcessingInitializeOnLoad (0ms)
			EditorAssembliesLoaded (0ms)
		ExecutionOrderSort2 (0ms)
		AwakeInstancesAfterBackupRestoration (0ms)
========================================================================
Worker process is ready to serve import requests
Begin MonoManager ReloadAssembly
Symbol file LoadedFromMemory doesn't match image D:\Github\RogueLike_1\RogueLike\Library\PackageCache\com.unity.visualscripting@1.8.0\Editor\VisualScripting.Core\Dependencies\YamlDotNet\Unity.VisualScripting.YamlDotNet.dll
Symbol file LoadedFromMemory doesn't match image D:\Github\RogueLike_1\RogueLike\Library\PackageCache\com.unity.visualscripting@1.8.0\Editor\VisualScripting.Core\Dependencies\DotNetZip\Unity.VisualScripting.IonicZip.dll
- Loaded All Assemblies, in  0.607 seconds
Refreshing native plugins compatible for Editor in 2.50 ms, found 4 plugins.
Native extension for WindowsStandalone target not found
Native extension for Android target not found
Native extension for WebGL target not found
Mono: successfully reloaded assembly
- Finished resetting the current domain, in  0.683 seconds
Domain Reload Profiling: 1289ms
	BeginReloadAssembly (120ms)
		ExecutionOrderSort (0ms)
		DisableScriptedObjects (4ms)
		BackupInstance (0ms)
		ReleaseScriptingObjects (0ms)
		CreateAndSetChildDomain (19ms)
	RebuildCommonClasses (32ms)
	RebuildNativeTypeToScriptingClass (9ms)
	initialDomainReloadingComplete (29ms)
	LoadAllAssembliesAndSetupDomain (416ms)
		LoadAssemblies (262ms)
		RebuildTransferFunctionScriptingTraits (0ms)
		AnalyzeDomain (223ms)
			TypeCache.Refresh (182ms)
				TypeCache.ScanAssembly (163ms)
			ScanForSourceGeneratedMonoScriptInfo (30ms)
			ResolveRequiredComponents (10ms)
	FinalizeReload (683ms)
		ReleaseScriptCaches (0ms)
		RebuildScriptCaches (0ms)
		SetupLoadedEditorAssemblies (513ms)
			LogAssemblyErrors (0ms)
			InitializePlatformSupportModulesInManaged (19ms)
			SetLoadedEditorAssemblies (3ms)
			RefreshPlugins (0ms)
			BeforeProcessingInitializeOnLoad (70ms)
			ProcessInitializeOnLoadAttributes (344ms)
			ProcessInitializeOnLoadMethodAttributes (74ms)
			AfterProcessingInitializeOnLoad (3ms)
			EditorAssembliesLoaded (0ms)
		ExecutionOrderSort2 (0ms)
		AwakeInstancesAfterBackupRestoration (5ms)
Launched and connected shader compiler UnityShaderCompiler.exe after 0.03 seconds
Refreshing native plugins compatible for Editor in 2.04 ms, found 4 plugins.
Preloading 0 native plugins for Editor in 0.00 ms.
Unloading 6578 Unused Serialized files (Serialized files now loaded: 0)
Unloading 115 unused Assets / (1.6 MB). Loaded Objects now: 7058.
Memory consumption went from 278.8 MB to 277.2 MB.
Total: 3.544000 ms (FindLiveObjects: 0.441300 ms CreateObjectMapping: 0.254500 ms MarkObjects: 2.581600 ms  DeleteObjects: 0.265900 ms)

AssetImportParameters requested are different than current active one (requested -> active):
  custom:container-demuxer-ogg: 62fdf1f143b41e24485cea50d1cbac27 -> 
  custom:framework-win-MediaFoundation: 216162199b28c13a410421893ffa2e32 -> 
  custom:container-muxer-webm: aa71ff27fc2769a1b78a27578f13a17b -> 
  custom:video-decoder-webm-vp8: 9c59270c3fd7afecdb556c50c9e8de78 -> 
  custom:SearchIndexIgnoredProperties: e643bd26f0fe6173181afceb89e7c659 -> 
  custom:AudioImporter_EditorPlatform: d09bf68614088b80899f8185d706f6e7 -> 
  custom:audio-decoder-ogg-vorbis: bf7c407c2cedff20999df2af8eb42d56 -> 
  custom:audio-encoder-webm-vorbis: bf7c407c2cedff20999df2af8eb42d56 -> 
  custom:video-decoder-ogg-theora: a1e56fd34408186e4bbccfd4996cb3dc -> 
  custom:CustomObjectIndexerAttribute: d54d2f2da18e7612c182cf67624b6b12 -> 
  custom:container-demuxer-webm: 4f35f7cbe854078d1ac9338744f61a02 -> 
  custom:video-encoder-webm-vp8: eb34c28f22e8b96e1ab97ce403110664 -> 
========================================================================
Received Import Request.
  Time since last request: 374665.594142 seconds.
  path: Assets/Sprites/Inventory/Ring/Ring 3
  artifactKey: Guid(c88f1998cef6c4f4fba2299d36ec587a) Importer(815301076,1909f56bfc062723c751e8b465ee728b)
Start importing Assets/Sprites/Inventory/Ring/Ring 3 using Guid(c88f1998cef6c4f4fba2299d36ec587a) Importer(815301076,1909f56bfc062723c751e8b465ee728b)  -> (artifact id: '58842705ab93b9c7985814528c7131bd') in 0.002684 seconds
Number of updated asset objects reloaded before import = 0
Number of asset objects unloaded after import = 0
========================================================================
Received Import Request.
  Time since last request: 14.732586 seconds.
  path: Assets/Sprites/Inventory/Ring/Ring 3/Ring 3 blue.png
  artifactKey: Guid(523c9e271618901498dedb9aa2730fbd) Importer(815301076,1909f56bfc062723c751e8b465ee728b)
Start importing Assets/Sprites/Inventory/Ring/Ring 3/Ring 3 blue.png using Guid(523c9e271618901498dedb9aa2730fbd) Importer(815301076,1909f56bfc062723c751e8b465ee728b)  -> (artifact id: '197a2ad3da94b6c162576e6046e18ea5') in 0.005838 seconds
Number of updated asset objects reloaded before import = 0
Number of asset objects unloaded after import = 2
========================================================================
Received Import Request.
  Time since last request: 0.000016 seconds.
  path: Assets/Sprites/Inventory/Ring/Ring 3/Ring 3 red.png
  artifactKey: Guid(22be1b22422425e409618373c5c6ba45) Importer(815301076,1909f56bfc062723c751e8b465ee728b)
Start importing Assets/Sprites/Inventory/Ring/Ring 3/Ring 3 red.png using Guid(22be1b22422425e409618373c5c6ba45) Importer(815301076,1909f56bfc062723c751e8b465ee728b)  -> (artifact id: '0c98c1eb870370124e9ddc549ab0f45d') in 0.002438 seconds
Number of updated asset objects reloaded before import = 0
Number of asset objects unloaded after import = 2
========================================================================
Received Import Request.
  Time since last request: 3.924744 seconds.
  path: Assets/Sprites/Inventory/Ring/Ring 3/Ring 3 blue.png
  artifactKey: Guid(523c9e271618901498dedb9aa2730fbd) Importer(815301076,1909f56bfc062723c751e8b465ee728b)
Start importing Assets/Sprites/Inventory/Ring/Ring 3/Ring 3 blue.png using Guid(523c9e271618901498dedb9aa2730fbd) Importer(815301076,1909f56bfc062723c751e8b465ee728b)  -> (artifact id: 'b2561ca6350ce00b0447e39942e7cfd0') in 0.002252 seconds
Number of updated asset objects reloaded before import = 0
Number of asset objects unloaded after import = 2
========================================================================
Received Import Request.
  Time since last request: 0.000018 seconds.
  path: Assets/Sprites/Inventory/Ring/Ring 3/Ring 3 violet.png
  artifactKey: Guid(3d99757c83aaaa0459329e2a7fb313ad) Importer(815301076,1909f56bfc062723c751e8b465ee728b)
Start importing Assets/Sprites/Inventory/Ring/Ring 3/Ring 3 violet.png using Guid(3d99757c83aaaa0459329e2a7fb313ad) Importer(815301076,1909f56bfc062723c751e8b465ee728b)  -> (artifact id: '34f496bc05ef7970963aa52c569e6ed6') in 0.002469 seconds
Number of updated asset objects reloaded before import = 0
Number of asset objects unloaded after import = 2
========================================================================
Received Import Request.
  Time since last request: 0.000024 seconds.
  path: Assets/Sprites/Inventory/Ring/Ring 3/Ring 3 white.png
  artifactKey: Guid(d26f83d19f4146446baa76a9d849ca65) Importer(815301076,1909f56bfc062723c751e8b465ee728b)
Start importing Assets/Sprites/Inventory/Ring/Ring 3/Ring 3 white.png using Guid(d26f83d19f4146446baa76a9d849ca65) Importer(815301076,1909f56bfc062723c751e8b465ee728b)  -> (artifact id: '21af201c9167338dcecc2f1e200a1244') in 0.001585 seconds
Number of updated asset objects reloaded before import = 0
Number of asset objects unloaded after import = 2
========================================================================
Received Import Request.
  Time since last request: 44.841155 seconds.
  path: Assets/Craft Items/RIng/RIng 3/1 RIng 2 white.asset
  artifactKey: Guid(4600d9b27469b2642978590a64a1d642) Importer(815301076,1909f56bfc062723c751e8b465ee728b)
Start importing Assets/Craft Items/RIng/RIng 3/1 RIng 2 white.asset using Guid(4600d9b27469b2642978590a64a1d642) Importer(815301076,1909f56bfc062723c751e8b465ee728b)  -> (artifact id: 'bdb4e729141c1be13bd9b8d650968bbe') in 0.006697 seconds
Number of updated asset objects reloaded before import = 0
Number of asset objects unloaded after import = 16
========================================================================
Received Import Request.
  Time since last request: 0.000019 seconds.
  path: Assets/Craft Items/RIng/RIng 3/5 RIng 2 red.asset
  artifactKey: Guid(b8b24593f49645c4a81677ae04ce6778) Importer(815301076,1909f56bfc062723c751e8b465ee728b)
Start importing Assets/Craft Items/RIng/RIng 3/5 RIng 2 red.asset using Guid(b8b24593f49645c4a81677ae04ce6778) Importer(815301076,1909f56bfc062723c751e8b465ee728b)  -> (artifact id: 'a6979046739aad9c8d4f89f9681f5c64') in 0.003585 seconds
Number of updated asset objects reloaded before import = 0
Number of asset objects unloaded after import = 16
========================================================================
Received Import Request.
  Time since last request: 3.596818 seconds.
  path: Assets/Craft Items/RIng/RIng 3/1 RIng 3 white.asset
  artifactKey: Guid(4600d9b27469b2642978590a64a1d642) Importer(815301076,1909f56bfc062723c751e8b465ee728b)
Start importing Assets/Craft Items/RIng/RIng 3/1 RIng 3 white.asset using Guid(4600d9b27469b2642978590a64a1d642) Importer(815301076,1909f56bfc062723c751e8b465ee728b)  -> (artifact id: '4aa3e3b3cfdd1bd4ba6e97bbd69cc597') in 0.002245 seconds
Number of updated asset objects reloaded before import = 0
Number of asset objects unloaded after import = 16
========================================================================
Received Import Request.
  Time since last request: 4.465263 seconds.
  path: Assets/Craft Items/RIng/RIng 3/2 RIng 3 green.asset
  artifactKey: Guid(4698dcf8f49975a4981258128574129d) Importer(815301076,1909f56bfc062723c751e8b465ee728b)
Start importing Assets/Craft Items/RIng/RIng 3/2 RIng 3 green.asset using Guid(4698dcf8f49975a4981258128574129d) Importer(815301076,1909f56bfc062723c751e8b465ee728b)  -> (artifact id: 'ced38b2cacd3fba7c6e82155c37b2ab8') in 0.002204 seconds
Number of updated asset objects reloaded before import = 0
Number of asset objects unloaded after import = 16
========================================================================
Received Import Request.
  Time since last request: 3.345789 seconds.
  path: Assets/Craft Items/RIng/RIng 3/3 RIng 3 blue.asset
  artifactKey: Guid(48521c9d130141d4391defb33ed2d066) Importer(815301076,1909f56bfc062723c751e8b465ee728b)
Start importing Assets/Craft Items/RIng/RIng 3/3 RIng 3 blue.asset using Guid(48521c9d130141d4391defb33ed2d066) Importer(815301076,1909f56bfc062723c751e8b465ee728b)  -> (artifact id: 'e21e3ce3420dd3118f899dadb6079dc1') in 0.002148 seconds
Number of updated asset objects reloaded before import = 0
Number of asset objects unloaded after import = 16
========================================================================
Received Import Request.
  Time since last request: 5.058742 seconds.
  path: Assets/Craft Items/RIng/RIng 3/4 RIng 3 violet.asset
  artifactKey: Guid(3b6d762eb4d0115489d79112b781af10) Importer(815301076,1909f56bfc062723c751e8b465ee728b)
Start importing Assets/Craft Items/RIng/RIng 3/4 RIng 3 violet.asset using Guid(3b6d762eb4d0115489d79112b781af10) Importer(815301076,1909f56bfc062723c751e8b465ee728b)  -> (artifact id: '728d185ea730c09c64ce07f21ad1bf4f') in 0.002065 seconds
Number of updated asset objects reloaded before import = 0
Number of asset objects unloaded after import = 16
========================================================================
Received Import Request.
  Time since last request: 3.373575 seconds.
  path: Assets/Craft Items/RIng/RIng 3/5 RIng 3 red.asset
  artifactKey: Guid(b8b24593f49645c4a81677ae04ce6778) Importer(815301076,1909f56bfc062723c751e8b465ee728b)
Start importing Assets/Craft Items/RIng/RIng 3/5 RIng 3 red.asset using Guid(b8b24593f49645c4a81677ae04ce6778) Importer(815301076,1909f56bfc062723c751e8b465ee728b)  -> (artifact id: 'eeda4fb16b1deb770c7de4cbeee1e818') in 0.002416 seconds
Number of updated asset objects reloaded before import = 0
Number of asset objects unloaded after import = 16
========================================================================
Received Import Request.
  Time since last request: 42.553919 seconds.
  path: Assets/Prefabs/Items/RIng/RIng 3/1 RIng 2 white.prefab
  artifactKey: Guid(b51f11ef7c6676c41b0a266fd6ef600d) Importer(815301076,1909f56bfc062723c751e8b465ee728b)
Start importing Assets/Prefabs/Items/RIng/RIng 3/1 RIng 2 white.prefab using Guid(b51f11ef7c6676c41b0a266fd6ef600d) Importer(815301076,1909f56bfc062723c751e8b465ee728b)  -> (artifact id: '5ea92a642071c60d8ef1a9d68701fc03') in 0.003708 seconds
Number of updated asset objects reloaded before import = 0
Number of asset objects unloaded after import = 25
========================================================================
Received Import Request.
  Time since last request: 0.000018 seconds.
  path: Assets/Prefabs/Items/RIng/RIng 3/3 RIng 2 blue.prefab
  artifactKey: Guid(a9f6390640184184b9c28b966886c0ba) Importer(815301076,1909f56bfc062723c751e8b465ee728b)
Start importing Assets/Prefabs/Items/RIng/RIng 3/3 RIng 2 blue.prefab using Guid(a9f6390640184184b9c28b966886c0ba) Importer(815301076,1909f56bfc062723c751e8b465ee728b)  -> (artifact id: 'c90dcd4cdb2e70bec8212dedaf487c61') in 0.002279 seconds
Number of updated asset objects reloaded before import = 0
Number of asset objects unloaded after import = 25
========================================================================
Received Import Request.
  Time since last request: 0.000017 seconds.
  path: Assets/Craft Items/RIng/RIng 3/5 RIng 3 red.asset
  artifactKey: Guid(b8b24593f49645c4a81677ae04ce6778) Importer(815301076,1909f56bfc062723c751e8b465ee728b)
Start importing Assets/Craft Items/RIng/RIng 3/5 RIng 3 red.asset using Guid(b8b24593f49645c4a81677ae04ce6778) Importer(815301076,1909f56bfc062723c751e8b465ee728b)  -> (artifact id: 'c08c0b2d03e8d4ccb7ee05f2deeed32a') in 0.003384 seconds
Number of updated asset objects reloaded before import = 0
Number of asset objects unloaded after import = 17
========================================================================
Received Import Request.
  Time since last request: 3.907747 seconds.
  path: Assets/Prefabs/Items/RIng/RIng 3/1 RIng 3 white.prefab
  artifactKey: Guid(b51f11ef7c6676c41b0a266fd6ef600d) Importer(815301076,1909f56bfc062723c751e8b465ee728b)
Start importing Assets/Prefabs/Items/RIng/RIng 3/1 RIng 3 white.prefab using Guid(b51f11ef7c6676c41b0a266fd6ef600d) Importer(815301076,1909f56bfc062723c751e8b465ee728b)  -> (artifact id: 'c25e804338bf9ce5d41681ebd46dc16b') in 0.002770 seconds
Number of updated asset objects reloaded before import = 0
Number of asset objects unloaded after import = 25
========================================================================
Received Import Request.
  Time since last request: 2.662033 seconds.
  path: Assets/Prefabs/Items/RIng/RIng 3/2 RIng 3 green.prefab
  artifactKey: Guid(2fbb43fc366f09a43b68e5d83407ad45) Importer(815301076,1909f56bfc062723c751e8b465ee728b)
Start importing Assets/Prefabs/Items/RIng/RIng 3/2 RIng 3 green.prefab using Guid(2fbb43fc366f09a43b68e5d83407ad45) Importer(815301076,1909f56bfc062723c751e8b465ee728b)  -> (artifact id: '982d1b54a41bc8e5f2b071bec4c4b216') in 0.002599 seconds
Number of updated asset objects reloaded before import = 0
Number of asset objects unloaded after import = 25
========================================================================
Received Import Request.
  Time since last request: 2.844797 seconds.
  path: Assets/Prefabs/Items/RIng/RIng 3/3 RIng 3 blue.prefab
  artifactKey: Guid(a9f6390640184184b9c28b966886c0ba) Importer(815301076,1909f56bfc062723c751e8b465ee728b)
Start importing Assets/Prefabs/Items/RIng/RIng 3/3 RIng 3 blue.prefab using Guid(a9f6390640184184b9c28b966886c0ba) Importer(815301076,1909f56bfc062723c751e8b465ee728b)  -> (artifact id: 'e92a2d8f08600b13c51f69be6fa561a9') in 0.002179 seconds
Number of updated asset objects reloaded before import = 0
Number of asset objects unloaded after import = 25
========================================================================
Received Import Request.
  Time since last request: 2.407155 seconds.
  path: Assets/Prefabs/Items/RIng/RIng 3/4 RIng 3 violet.prefab
  artifactKey: Guid(d94b2171f581c7d4d8788caa2e92d4c5) Importer(815301076,1909f56bfc062723c751e8b465ee728b)
Start importing Assets/Prefabs/Items/RIng/RIng 3/4 RIng 3 violet.prefab using Guid(d94b2171f581c7d4d8788caa2e92d4c5) Importer(815301076,1909f56bfc062723c751e8b465ee728b)  -> (artifact id: 'f719e16f214440f9531589201aea3598') in 0.002279 seconds
Number of updated asset objects reloaded before import = 0
Number of asset objects unloaded after import = 25
========================================================================
Received Import Request.
  Time since last request: 2.686459 seconds.
  path: Assets/Prefabs/Items/RIng/RIng 3/5 RIng 3 red.prefab
  artifactKey: Guid(e6bc7a78a618b0a4c99aeae2979b637e) Importer(815301076,1909f56bfc062723c751e8b465ee728b)
Start importing Assets/Prefabs/Items/RIng/RIng 3/5 RIng 3 red.prefab using Guid(e6bc7a78a618b0a4c99aeae2979b637e) Importer(815301076,1909f56bfc062723c751e8b465ee728b)  -> (artifact id: '94962f5117e6c9a5869140e7a362d12c') in 0.002234 seconds
Number of updated asset objects reloaded before import = 0
Number of asset objects unloaded after import = 25
========================================================================
Received Import Request.
  Time since last request: 3.436702 seconds.
  path: Assets/Prefabs/Items/RIng/RIng 3/1 RIng 3 white.prefab
  artifactKey: Guid(b51f11ef7c6676c41b0a266fd6ef600d) Importer(815301076,1909f56bfc062723c751e8b465ee728b)
Start importing Assets/Prefabs/Items/RIng/RIng 3/1 RIng 3 white.prefab using Guid(b51f11ef7c6676c41b0a266fd6ef600d) Importer(815301076,1909f56bfc062723c751e8b465ee728b)  -> (artifact id: '305bb52b462f7758f3471662b37c6d67') in 0.002994 seconds
Number of updated asset objects reloaded before import = 0
Number of asset objects unloaded after import = 27
========================================================================
Received Import Request.
  Time since last request: 3.291288 seconds.
  path: Assets/Prefabs/Items/RIng/RIng 3/2 RIng 3 green.prefab
  artifactKey: Guid(2fbb43fc366f09a43b68e5d83407ad45) Importer(815301076,1909f56bfc062723c751e8b465ee728b)
Start importing Assets/Prefabs/Items/RIng/RIng 3/2 RIng 3 green.prefab using Guid(2fbb43fc366f09a43b68e5d83407ad45) Importer(815301076,1909f56bfc062723c751e8b465ee728b)  -> (artifact id: 'acfb623000febeedd9e382e2d5f9eccb') in 0.002623 seconds
Number of updated asset objects reloaded before import = 0
Number of asset objects unloaded after import = 27
========================================================================
Received Import Request.
  Time since last request: 3.052018 seconds.
  path: Assets/Prefabs/Items/RIng/RIng 3/3 RIng 3 blue.prefab
  artifactKey: Guid(a9f6390640184184b9c28b966886c0ba) Importer(815301076,1909f56bfc062723c751e8b465ee728b)
Start importing Assets/Prefabs/Items/RIng/RIng 3/3 RIng 3 blue.prefab using Guid(a9f6390640184184b9c28b966886c0ba) Importer(815301076,1909f56bfc062723c751e8b465ee728b)  -> (artifact id: '75ed388bc2781f723bcc60e0e44a2a90') in 0.002738 seconds
Number of updated asset objects reloaded before import = 0
Number of asset objects unloaded after import = 27
========================================================================
Received Import Request.
  Time since last request: 2.553698 seconds.
  path: Assets/Prefabs/Items/RIng/RIng 3/4 RIng 3 violet.prefab
  artifactKey: Guid(d94b2171f581c7d4d8788caa2e92d4c5) Importer(815301076,1909f56bfc062723c751e8b465ee728b)
Start importing Assets/Prefabs/Items/RIng/RIng 3/4 RIng 3 violet.prefab using Guid(d94b2171f581c7d4d8788caa2e92d4c5) Importer(815301076,1909f56bfc062723c751e8b465ee728b)  -> (artifact id: '710d54705f0029bede1ff7ecae4260c5') in 0.002552 seconds
Number of updated asset objects reloaded before import = 0
Number of asset objects unloaded after import = 27
========================================================================
Received Import Request.
  Time since last request: 2.886290 seconds.
  path: Assets/Prefabs/Items/RIng/RIng 3/5 RIng 3 red.prefab
  artifactKey: Guid(e6bc7a78a618b0a4c99aeae2979b637e) Importer(815301076,1909f56bfc062723c751e8b465ee728b)
Start importing Assets/Prefabs/Items/RIng/RIng 3/5 RIng 3 red.prefab using Guid(e6bc7a78a618b0a4c99aeae2979b637e) Importer(815301076,1909f56bfc062723c751e8b465ee728b)  -> (artifact id: '2dcde0100b1b90e1b6333f41edc4f3df') in 0.002980 seconds
Number of updated asset objects reloaded before import = 0
Number of asset objects unloaded after import = 27
========================================================================
Received Import Request.
  Time since last request: 6.505693 seconds.
  path: Assets/Craft Items/Pants/Pants 3/1 Pants 3 white.asset
  artifactKey: Guid(0890c503e040c854fb614a4333b722fd) Importer(815301076,1909f56bfc062723c751e8b465ee728b)
Start importing Assets/Craft Items/Pants/Pants 3/1 Pants 3 white.asset using Guid(0890c503e040c854fb614a4333b722fd) Importer(815301076,1909f56bfc062723c751e8b465ee728b)  -> (artifact id: '2b77c483fef8031e6cf2be7002c2d025') in 0.002983 seconds
Number of updated asset objects reloaded before import = 0
Number of asset objects unloaded after import = 15
========================================================================
Received Import Request.
  Time since last request: 1.175757 seconds.
  path: Assets/Craft Items/RIng/RIng 3/2 RIng 3 green.asset
  artifactKey: Guid(4698dcf8f49975a4981258128574129d) Importer(815301076,1909f56bfc062723c751e8b465ee728b)
Start importing Assets/Craft Items/RIng/RIng 3/2 RIng 3 green.asset using Guid(4698dcf8f49975a4981258128574129d) Importer(815301076,1909f56bfc062723c751e8b465ee728b)  -> (artifact id: 'd08dfccb82387107ebbb4d3c8d9947d4') in 0.002285 seconds
Number of updated asset objects reloaded before import = 0
Number of asset objects unloaded after import = 17
========================================================================
Received Import Request.
  Time since last request: 2.449652 seconds.
  path: Assets/Prefabs/Items/RIng/RIng 3/1 RIng 3 white.prefab
  artifactKey: Guid(b51f11ef7c6676c41b0a266fd6ef600d) Importer(815301076,1909f56bfc062723c751e8b465ee728b)
Start importing Assets/Prefabs/Items/RIng/RIng 3/1 RIng 3 white.prefab using Guid(b51f11ef7c6676c41b0a266fd6ef600d) Importer(815301076,1909f56bfc062723c751e8b465ee728b)  -> (artifact id: '9c884286760101903c82fd10509eeba5') in 0.002918 seconds
Number of updated asset objects reloaded before import = 0
Number of asset objects unloaded after import = 28
========================================================================
Received Import Request.
  Time since last request: 3.134703 seconds.
  path: Assets/Craft Items/Pants/Pants 3/2 Pants 3 green.asset
  artifactKey: Guid(697fb8f4407688a4fb421dd78d14c398) Importer(815301076,1909f56bfc062723c751e8b465ee728b)
Start importing Assets/Craft Items/Pants/Pants 3/2 Pants 3 green.asset using Guid(697fb8f4407688a4fb421dd78d14c398) Importer(815301076,1909f56bfc062723c751e8b465ee728b)  -> (artifact id: '7961960336c7fcbe43f0b0d3dae5e1da') in 0.002804 seconds
Number of updated asset objects reloaded before import = 0
Number of asset objects unloaded after import = 15
========================================================================
Received Import Request.
  Time since last request: 2.948994 seconds.
  path: Assets/Prefabs/Items/RIng/RIng 3/2 RIng 3 green.prefab
  artifactKey: Guid(2fbb43fc366f09a43b68e5d83407ad45) Importer(815301076,1909f56bfc062723c751e8b465ee728b)
Start importing Assets/Prefabs/Items/RIng/RIng 3/2 RIng 3 green.prefab using Guid(2fbb43fc366f09a43b68e5d83407ad45) Importer(815301076,1909f56bfc062723c751e8b465ee728b)  -> (artifact id: '963a50142bec0336132400942eb29466') in 0.003551 seconds
Number of updated asset objects reloaded before import = 0
Number of asset objects unloaded after import = 28
========================================================================
Received Import Request.
  Time since last request: 2.866966 seconds.
  path: Assets/Craft Items/Pants/Pants 3/3 Pants 3 blue.asset
  artifactKey: Guid(d47faeea78718884284dc1f7cceeb77a) Importer(815301076,1909f56bfc062723c751e8b465ee728b)
Start importing Assets/Craft Items/Pants/Pants 3/3 Pants 3 blue.asset using Guid(d47faeea78718884284dc1f7cceeb77a) Importer(815301076,1909f56bfc062723c751e8b465ee728b)  -> (artifact id: '54fc6d9dd8871d1e93e5ff891b8b90c8') in 0.003137 seconds
Number of updated asset objects reloaded before import = 0
Number of asset objects unloaded after import = 15
========================================================================
Received Import Request.
  Time since last request: 2.422653 seconds.
  path: Assets/Prefabs/Items/RIng/RIng 3/3 RIng 3 blue.prefab
  artifactKey: Guid(a9f6390640184184b9c28b966886c0ba) Importer(815301076,1909f56bfc062723c751e8b465ee728b)
Start importing Assets/Prefabs/Items/RIng/RIng 3/3 RIng 3 blue.prefab using Guid(a9f6390640184184b9c28b966886c0ba) Importer(815301076,1909f56bfc062723c751e8b465ee728b)  -> (artifact id: '59e45e5365cdd43632efab98c96983d5') in 0.002813 seconds
Number of updated asset objects reloaded before import = 0
Number of asset objects unloaded after import = 28
========================================================================
Received Import Request.
  Time since last request: 1.771391 seconds.
  path: Assets/Craft Items/Pants/Pants 3/4 Pants 3 violet.asset
  artifactKey: Guid(04a88a3e1847e1144b414dd74430fb71) Importer(815301076,1909f56bfc062723c751e8b465ee728b)
Start importing Assets/Craft Items/Pants/Pants 3/4 Pants 3 violet.asset using Guid(04a88a3e1847e1144b414dd74430fb71) Importer(815301076,1909f56bfc062723c751e8b465ee728b)  -> (artifact id: '26e6232182f88b39c89cf97d9be34986') in 0.002631 seconds
Number of updated asset objects reloaded before import = 0
Number of asset objects unloaded after import = 15
========================================================================
Received Import Request.
  Time since last request: 4.355348 seconds.
  path: Assets/Prefabs/Items/RIng/RIng 3/4 RIng 3 violet.prefab
  artifactKey: Guid(d94b2171f581c7d4d8788caa2e92d4c5) Importer(815301076,1909f56bfc062723c751e8b465ee728b)
Start importing Assets/Prefabs/Items/RIng/RIng 3/4 RIng 3 violet.prefab using Guid(d94b2171f581c7d4d8788caa2e92d4c5) Importer(815301076,1909f56bfc062723c751e8b465ee728b)  -> (artifact id: 'abea12721bf1a52a9bdd07d9ad5aa745') in 0.002812 seconds
Number of updated asset objects reloaded before import = 0
Number of asset objects unloaded after import = 28
========================================================================
Received Import Request.
  Time since last request: 2.517826 seconds.
  path: Assets/Craft Items/Pants/Pants 3/5 Pants 3red.asset
  artifactKey: Guid(ecdff38f042f4894da8e811837e4fc01) Importer(815301076,1909f56bfc062723c751e8b465ee728b)
Start importing Assets/Craft Items/Pants/Pants 3/5 Pants 3red.asset using Guid(ecdff38f042f4894da8e811837e4fc01) Importer(815301076,1909f56bfc062723c751e8b465ee728b)  -> (artifact id: '9b5ce7319fb4942d6f9ec5035e8d02aa') in 0.002857 seconds
Number of updated asset objects reloaded before import = 0
Number of asset objects unloaded after import = 15
========================================================================
Received Import Request.
  Time since last request: 1.565457 seconds.
  path: Assets/Prefabs/Items/RIng/RIng 3/5 RIng 3 red.prefab
  artifactKey: Guid(e6bc7a78a618b0a4c99aeae2979b637e) Importer(815301076,1909f56bfc062723c751e8b465ee728b)
Start importing Assets/Prefabs/Items/RIng/RIng 3/5 RIng 3 red.prefab using Guid(e6bc7a78a618b0a4c99aeae2979b637e) Importer(815301076,1909f56bfc062723c751e8b465ee728b)  -> (artifact id: 'ea53cddd3782176e57ecbb9452467ff4') in 0.003093 seconds
Number of updated asset objects reloaded before import = 0
Number of asset objects unloaded after import = 28
========================================================================
Received Import Request.
  Time since last request: 28.469582 seconds.
  path: Assets/Craft Items/RIng/RIng 3/1 RIng 3 white.asset
  artifactKey: Guid(4600d9b27469b2642978590a64a1d642) Importer(815301076,1909f56bfc062723c751e8b465ee728b)
Start importing Assets/Craft Items/RIng/RIng 3/1 RIng 3 white.asset using Guid(4600d9b27469b2642978590a64a1d642) Importer(815301076,1909f56bfc062723c751e8b465ee728b)  -> (artifact id: 'e4ca585c0fea3c5a3f883c814087c5ff') in 0.002769 seconds
Number of updated asset objects reloaded before import = 0
Number of asset objects unloaded after import = 15
========================================================================
Received Import Request.
  Time since last request: 21.079925 seconds.
  path: Assets/Sprites/Inventory/Ring/Ring 4
  artifactKey: Guid(bf82b887d3eb02847a39cc8bd3e08899) Importer(815301076,1909f56bfc062723c751e8b465ee728b)
Start importing Assets/Sprites/Inventory/Ring/Ring 4 using Guid(bf82b887d3eb02847a39cc8bd3e08899) Importer(815301076,1909f56bfc062723c751e8b465ee728b)  -> (artifact id: '334650fb0be50415d9eb9d61723b9c6c') in 0.000504 seconds
Number of updated asset objects reloaded before import = 0
Number of asset objects unloaded after import = 0
========================================================================
Received Import Request.
  Time since last request: 146.707304 seconds.
  path: Assets/Sprites/Inventory/Ring/Ring 4/Ring 4 blue.png
  artifactKey: Guid(39c27ec7a5acfc64f90ff2986ae9da55) Importer(815301076,1909f56bfc062723c751e8b465ee728b)
Start importing Assets/Sprites/Inventory/Ring/Ring 4/Ring 4 blue.png using Guid(39c27ec7a5acfc64f90ff2986ae9da55) Importer(815301076,1909f56bfc062723c751e8b465ee728b)  -> (artifact id: 'a0830057a2d837304304b5f1e9b028ce') in 0.003863 seconds
Number of updated asset objects reloaded before import = 0
Number of asset objects unloaded after import = 2
========================================================================
Received Import Request.
  Time since last request: 0.000020 seconds.
  path: Assets/Sprites/Inventory/Ring/Ring 4/Ring 4 white.png
  artifactKey: Guid(70e38c426e90a374baba99b48e59422b) Importer(815301076,1909f56bfc062723c751e8b465ee728b)
Start importing Assets/Sprites/Inventory/Ring/Ring 4/Ring 4 white.png using Guid(70e38c426e90a374baba99b48e59422b) Importer(815301076,1909f56bfc062723c751e8b465ee728b)  -> (artifact id: '50ee5747ef9754b67ac3bb2ccf35945c') in 0.001844 seconds
Number of updated asset objects reloaded before import = 0
Number of asset objects unloaded after import = 2
========================================================================
Received Import Request.
  Time since last request: 4.323735 seconds.
  path: Assets/Sprites/Inventory/Ring/Ring 4/Ring 4 green.png
  artifactKey: Guid(b58c8f36182138149856b4206e4b6d69) Importer(815301076,1909f56bfc062723c751e8b465ee728b)
Start importing Assets/Sprites/Inventory/Ring/Ring 4/Ring 4 green.png using Guid(b58c8f36182138149856b4206e4b6d69) Importer(815301076,1909f56bfc062723c751e8b465ee728b)  -> (artifact id: '82764e708e5843b4d0837e82cbd3f307') in 0.001832 seconds
Number of updated asset objects reloaded before import = 0
Number of asset objects unloaded after import = 2
========================================================================
Received Import Request.
  Time since last request: 0.000025 seconds.
  path: Assets/Sprites/Inventory/Ring/Ring 4/Ring 4 violet.png
  artifactKey: Guid(7a2b2061a31c346419ab0abe5cc4c4d1) Importer(815301076,1909f56bfc062723c751e8b465ee728b)
Start importing Assets/Sprites/Inventory/Ring/Ring 4/Ring 4 violet.png using Guid(7a2b2061a31c346419ab0abe5cc4c4d1) Importer(815301076,1909f56bfc062723c751e8b465ee728b)  -> (artifact id: '7b258ef900b980b9475eaabe964e8d3c') in 0.002349 seconds
Number of updated asset objects reloaded before import = 0
Number of asset objects unloaded after import = 2
========================================================================
Received Import Request.
  Time since last request: 11.353709 seconds.
  path: Assets/Craft Items/RIng/RIng 4/2 RIng 3 green.asset
  artifactKey: Guid(61b08b999409d314ba2e9a4e0b595991) Importer(815301076,1909f56bfc062723c751e8b465ee728b)
Start importing Assets/Craft Items/RIng/RIng 4/2 RIng 3 green.asset using Guid(61b08b999409d314ba2e9a4e0b595991) Importer(815301076,1909f56bfc062723c751e8b465ee728b)  -> (artifact id: 'c61febe718ae22dd48699aad33a972e5') in 0.003992 seconds
Number of updated asset objects reloaded before import = 0
Number of asset objects unloaded after import = 16
========================================================================
Received Import Request.
  Time since last request: 0.000018 seconds.
  path: Assets/Craft Items/RIng/RIng 4/4 RIng 3 violet.asset
  artifactKey: Guid(3aac2dca2bc8b2f45847c4a68621bbb6) Importer(815301076,1909f56bfc062723c751e8b465ee728b)
Start importing Assets/Craft Items/RIng/RIng 4/4 RIng 3 violet.asset using Guid(3aac2dca2bc8b2f45847c4a68621bbb6) Importer(815301076,1909f56bfc062723c751e8b465ee728b)  -> (artifact id: '8a2e581946f1a8e46d73698bdd335a5e') in 0.002939 seconds
Number of updated asset objects reloaded before import = 0
Number of asset objects unloaded after import = 16
========================================================================
Received Import Request.
  Time since last request: 25.794015 seconds.
  path: Assets/Prefabs/Items/RIng/RIng 4/2 RIng 3 green.prefab
  artifactKey: Guid(8a14baeafff262149b3598e33c9eb82b) Importer(815301076,1909f56bfc062723c751e8b465ee728b)
Start importing Assets/Prefabs/Items/RIng/RIng 4/2 RIng 3 green.prefab using Guid(8a14baeafff262149b3598e33c9eb82b) Importer(815301076,1909f56bfc062723c751e8b465ee728b)  -> (artifact id: '3c2c616c15d4f8c0f918db0b29e0a839') in 0.003034 seconds
Number of updated asset objects reloaded before import = 0
Number of asset objects unloaded after import = 25
========================================================================
Received Import Request.
  Time since last request: 0.000019 seconds.
  path: Assets/Prefabs/Items/RIng/RIng 4/5 RIng 3 red.prefab
  artifactKey: Guid(ce98fbddc7d53204ca2696089852b09f) Importer(815301076,1909f56bfc062723c751e8b465ee728b)
Start importing Assets/Prefabs/Items/RIng/RIng 4/5 RIng 3 red.prefab using Guid(ce98fbddc7d53204ca2696089852b09f) Importer(815301076,1909f56bfc062723c751e8b465ee728b)  -> (artifact id: '8812f89e06da3aed85c1f49ed65d865d') in 0.002798 seconds
Number of updated asset objects reloaded before import = 0
Number of asset objects unloaded after import = 25
========================================================================
Received Import Request.
  Time since last request: 3657.555607 seconds.
  path: Assets/Craft Items/RIng/RIng 4/2 RIng 4 green.asset
  artifactKey: Guid(61b08b999409d314ba2e9a4e0b595991) Importer(815301076,1909f56bfc062723c751e8b465ee728b)
Start importing Assets/Craft Items/RIng/RIng 4/2 RIng 4 green.asset using Guid(61b08b999409d314ba2e9a4e0b595991) Importer(815301076,1909f56bfc062723c751e8b465ee728b)  -> (artifact id: 'c9dd086098d1de77375ff19b606eab31') in 0.004688 seconds
Number of updated asset objects reloaded before import = 0
Number of asset objects unloaded after import = 15
========================================================================
Received Import Request.
  Time since last request: 0.000023 seconds.
  path: Assets/Craft Items/RIng/RIng 4/4 RIng 4 violet.asset
  artifactKey: Guid(3aac2dca2bc8b2f45847c4a68621bbb6) Importer(815301076,1909f56bfc062723c751e8b465ee728b)
Start importing Assets/Craft Items/RIng/RIng 4/4 RIng 4 violet.asset using Guid(3aac2dca2bc8b2f45847c4a68621bbb6) Importer(815301076,1909f56bfc062723c751e8b465ee728b)  -> (artifact id: '6122a2aae0cc670f6d52e75e2292e007') in 0.002977 seconds
Number of updated asset objects reloaded before import = 0
Number of asset objects unloaded after import = 15
========================================================================
Received Import Request.
  Time since last request: 0.000024 seconds.
  path: Assets/Craft Items/RIng/RIng 4/5 RIng 4 red.asset
  artifactKey: Guid(3cce71409a6016e4bb06ae19755aae36) Importer(815301076,1909f56bfc062723c751e8b465ee728b)
Start importing Assets/Craft Items/RIng/RIng 4/5 RIng 4 red.asset using Guid(3cce71409a6016e4bb06ae19755aae36) Importer(815301076,1909f56bfc062723c751e8b465ee728b)  -> (artifact id: 'c58a53336f33b1bde221aa32998104eb') in 0.003327 seconds
Number of updated asset objects reloaded before import = 0
Number of asset objects unloaded after import = 15
Editor requested this worker to shutdown with reason: Scaling down because of idle timeout
TcpMessagingSession - receive error: operation aborted. errorcode: 995, details: ќпераци€ ввода/вывода была прервана из-за завершени€ потока команд или по запросу приложени€.
AssetImportWorker is now disconnected from the server
Process exiting
Exiting without the bug reporter. Application will terminate with return code 0