Using pre-set license
Built from '2022.3/staging' branch; Version is '2022.3.7f1 (b16b3b16c7a0) revision 11627323'; Using compiler version '192829333'; Build Type 'Release'
OS: 'Windows 10  (10.0.19045) 64bit Education' Language: 'ru' Physical Memory: 16085 MB
BatchMode: 1, IsHumanControllingUs: 0, StartBugReporterOnCrash: 0, Is64bit: 1, IsPro: 1

COMMAND LINE ARGUMENTS:
D:\unity\Unity\2022.3.7f1\Editor\Unity.exe
-adb2
-batchMode
-noUpm
-name
AssetImportWorker2
-projectPath
D:/Github/RogueLike_1/RogueLike
-logFile
Logs/AssetImportWorker2.log
-srvPort
62272
Successfully changed project path to: D:/Github/RogueLike_1/RogueLike
D:/Github/RogueLike_1/RogueLike
[UnityMemory] Configuration Parameters - Can be set up in boot.config
    "memorysetup-bucket-allocator-granularity=16"
    "memorysetup-bucket-allocator-bucket-count=8"
    "memorysetup-bucket-allocator-block-size=33554432"
    "memorysetup-bucket-allocator-block-count=8"
    "memorysetup-main-allocator-block-size=16777216"
    "memorysetup-thread-allocator-block-size=16777216"
    "memorysetup-gfx-main-allocator-block-size=16777216"
    "memorysetup-gfx-thread-allocator-block-size=16777216"
    "memorysetup-cache-allocator-block-size=4194304"
    "memorysetup-typetree-allocator-block-size=2097152"
    "memorysetup-profiler-bucket-allocator-granularity=16"
    "memorysetup-profiler-bucket-allocator-bucket-count=8"
    "memorysetup-profiler-bucket-allocator-block-size=33554432"
    "memorysetup-profiler-bucket-allocator-block-count=8"
    "memorysetup-profiler-allocator-block-size=16777216"
    "memorysetup-profiler-editor-allocator-block-size=1048576"
    "memorysetup-temp-allocator-size-main=16777216"
    "memorysetup-job-temp-allocator-block-size=2097152"
    "memorysetup-job-temp-allocator-block-size-background=1048576"
    "memorysetup-job-temp-allocator-reduction-small-platforms=262144"
    "memorysetup-allocator-temp-initial-block-size-main=262144"
    "memorysetup-allocator-temp-initial-block-size-worker=262144"
    "memorysetup-temp-allocator-size-background-worker=32768"
    "memorysetup-temp-allocator-size-job-worker=262144"
    "memorysetup-temp-allocator-size-preload-manager=33554432"
    "memorysetup-temp-allocator-size-nav-mesh-worker=65536"
    "memorysetup-temp-allocator-size-audio-worker=65536"
    "memorysetup-temp-allocator-size-cloud-worker=32768"
    "memorysetup-temp-allocator-size-gi-baking-worker=262144"
    "memorysetup-temp-allocator-size-gfx=262144"
Player connection [6476] Host "[IP] 192.168.0.101 [Port] 0 [Flags] 2 [Guid] 701862867 [EditorId] 701862867 [Version] 1048832 [Id] WindowsEditor(7,DESKTOP-6VIK7N9) [Debug] 1 [PackageName] WindowsEditor [ProjectName] Editor" joined multi-casting on [225.0.0.222:54997]...

Player connection [6476] Host "[IP] 192.168.0.101 [Port] 0 [Flags] 2 [Guid] 701862867 [EditorId] 701862867 [Version] 1048832 [Id] WindowsEditor(7,DESKTOP-6VIK7N9) [Debug] 1 [PackageName] WindowsEditor [ProjectName] Editor" joined alternative multi-casting on [225.0.0.222:34997]...

Refreshing native plugins compatible for Editor in 5.88 ms, found 4 plugins.
Preloading 0 native plugins for Editor in 0.00 ms.
Initialize engine version: 2022.3.7f1 (b16b3b16c7a0)
[Subsystems] Discovering subsystems at path D:/unity/Unity/2022.3.7f1/Editor/Data/Resources/UnitySubsystems
[Subsystems] Discovering subsystems at path D:/Github/RogueLike_1/RogueLike/Assets
GfxDevice: creating device client; threaded=0; jobified=0
Direct3D:
    Version:  Direct3D 11.0 [level 11.1]
    Renderer: NVIDIA GeForce RTX 3050 Ti Laptop GPU (ID=0x25a0)
    Vendor:   NVIDIA
    VRAM:     3977 MB
    Driver:   31.0.15.4629
Initialize mono
Mono path[0] = 'D:/unity/Unity/2022.3.7f1/Editor/Data/Managed'
Mono path[1] = 'D:/unity/Unity/2022.3.7f1/Editor/Data/MonoBleedingEdge/lib/mono/unityjit-win32'
Mono config path = 'D:/unity/Unity/2022.3.7f1/Editor/Data/MonoBleedingEdge/etc'
Using monoOptions --debugger-agent=transport=dt_socket,embedding=1,server=y,suspend=n,address=127.0.0.1:56560
Begin MonoManager ReloadAssembly
Registering precompiled unity dll's ...
Register platform support module: D:/unity/Unity/2022.3.7f1/Editor/Data/PlaybackEngines/WebGLSupport/UnityEditor.WebGL.Extensions.dll
Register platform support module: D:/unity/Unity/2022.3.7f1/Editor/Data/PlaybackEngines/AndroidPlayer/UnityEditor.Android.Extensions.dll
Register platform support module: D:/unity/Unity/2022.3.7f1/Editor/Data/PlaybackEngines/WindowsStandaloneSupport/UnityEditor.WindowsStandalone.Extensions.dll
Registered in 0.004055 seconds.
- Loaded All Assemblies, in  0.295 seconds
Native extension for WindowsStandalone target not found
Native extension for Android target not found
Android Extension - Scanning For ADB Devices 189 ms
Native extension for WebGL target not found
Mono: successfully reloaded assembly
- Finished resetting the current domain, in  0.457 seconds
Domain Reload Profiling: 752ms
	BeginReloadAssembly (84ms)
		ExecutionOrderSort (0ms)
		DisableScriptedObjects (0ms)
		BackupInstance (0ms)
		ReleaseScriptingObjects (0ms)
		CreateAndSetChildDomain (1ms)
	RebuildCommonClasses (27ms)
	RebuildNativeTypeToScriptingClass (9ms)
	initialDomainReloadingComplete (41ms)
	LoadAllAssembliesAndSetupDomain (134ms)
		LoadAssemblies (84ms)
		RebuildTransferFunctionScriptingTraits (0ms)
		AnalyzeDomain (132ms)
			TypeCache.Refresh (130ms)
				TypeCache.ScanAssembly (118ms)
			ScanForSourceGeneratedMonoScriptInfo (0ms)
			ResolveRequiredComponents (1ms)
	FinalizeReload (457ms)
		ReleaseScriptCaches (0ms)
		RebuildScriptCaches (0ms)
		SetupLoadedEditorAssemblies (405ms)
			LogAssemblyErrors (0ms)
			InitializePlatformSupportModulesInManaged (277ms)
			SetLoadedEditorAssemblies (3ms)
			RefreshPlugins (0ms)
			BeforeProcessingInitializeOnLoad (2ms)
			ProcessInitializeOnLoadAttributes (86ms)
			ProcessInitializeOnLoadMethodAttributes (37ms)
			AfterProcessingInitializeOnLoad (0ms)
			EditorAssembliesLoaded (0ms)
		ExecutionOrderSort2 (0ms)
		AwakeInstancesAfterBackupRestoration (0ms)
========================================================================
Worker process is ready to serve import requests
Begin MonoManager ReloadAssembly
Symbol file LoadedFromMemory doesn't match image D:\Github\RogueLike_1\RogueLike\Library\PackageCache\com.unity.visualscripting@1.8.0\Editor\VisualScripting.Core\Dependencies\YamlDotNet\Unity.VisualScripting.YamlDotNet.dll
Symbol file LoadedFromMemory doesn't match image D:\Github\RogueLike_1\RogueLike\Library\PackageCache\com.unity.visualscripting@1.8.0\Editor\VisualScripting.Core\Dependencies\DotNetZip\Unity.VisualScripting.IonicZip.dll
- Loaded All Assemblies, in  0.607 seconds
Refreshing native plugins compatible for Editor in 2.10 ms, found 4 plugins.
Native extension for WindowsStandalone target not found
Native extension for Android target not found
Native extension for WebGL target not found
Mono: successfully reloaded assembly
- Finished resetting the current domain, in  0.714 seconds
Domain Reload Profiling: 1321ms
	BeginReloadAssembly (113ms)
		ExecutionOrderSort (0ms)
		DisableScriptedObjects (4ms)
		BackupInstance (0ms)
		ReleaseScriptingObjects (0ms)
		CreateAndSetChildDomain (18ms)
	RebuildCommonClasses (32ms)
	RebuildNativeTypeToScriptingClass (9ms)
	initialDomainReloadingComplete (40ms)
	LoadAllAssembliesAndSetupDomain (413ms)
		LoadAssemblies (241ms)
		RebuildTransferFunctionScriptingTraits (0ms)
		AnalyzeDomain (235ms)
			TypeCache.Refresh (192ms)
				TypeCache.ScanAssembly (176ms)
			ScanForSourceGeneratedMonoScriptInfo (31ms)
			ResolveRequiredComponents (11ms)
	FinalizeReload (715ms)
		ReleaseScriptCaches (0ms)
		RebuildScriptCaches (0ms)
		SetupLoadedEditorAssemblies (542ms)
			LogAssemblyErrors (0ms)
			InitializePlatformSupportModulesInManaged (17ms)
			SetLoadedEditorAssemblies (5ms)
			RefreshPlugins (0ms)
			BeforeProcessingInitializeOnLoad (79ms)
			ProcessInitializeOnLoadAttributes (361ms)
			ProcessInitializeOnLoadMethodAttributes (77ms)
			AfterProcessingInitializeOnLoad (2ms)
			EditorAssembliesLoaded (0ms)
		ExecutionOrderSort2 (0ms)
		AwakeInstancesAfterBackupRestoration (5ms)
Launched and connected shader compiler UnityShaderCompiler.exe after 0.05 seconds
Refreshing native plugins compatible for Editor in 2.15 ms, found 4 plugins.
Preloading 0 native plugins for Editor in 0.00 ms.
Unloading 6575 Unused Serialized files (Serialized files now loaded: 0)
Unloading 115 unused Assets / (1.6 MB). Loaded Objects now: 7055.
Memory consumption went from 278.3 MB to 276.7 MB.
Total: 3.682800 ms (FindLiveObjects: 0.436500 ms CreateObjectMapping: 0.242200 ms MarkObjects: 2.731100 ms  DeleteObjects: 0.271700 ms)

AssetImportParameters requested are different than current active one (requested -> active):
  custom:container-demuxer-ogg: 62fdf1f143b41e24485cea50d1cbac27 -> 
  custom:framework-win-MediaFoundation: 216162199b28c13a410421893ffa2e32 -> 
  custom:container-muxer-webm: aa71ff27fc2769a1b78a27578f13a17b -> 
  custom:video-decoder-webm-vp8: 9c59270c3fd7afecdb556c50c9e8de78 -> 
  custom:SearchIndexIgnoredProperties: e643bd26f0fe6173181afceb89e7c659 -> 
  custom:AudioImporter_EditorPlatform: d09bf68614088b80899f8185d706f6e7 -> 
  custom:audio-decoder-ogg-vorbis: bf7c407c2cedff20999df2af8eb42d56 -> 
  custom:audio-encoder-webm-vorbis: bf7c407c2cedff20999df2af8eb42d56 -> 
  custom:video-decoder-ogg-theora: a1e56fd34408186e4bbccfd4996cb3dc -> 
  custom:CustomObjectIndexerAttribute: d54d2f2da18e7612c182cf67624b6b12 -> 
  custom:container-demuxer-webm: 4f35f7cbe854078d1ac9338744f61a02 -> 
  custom:video-encoder-webm-vp8: eb34c28f22e8b96e1ab97ce403110664 -> 
========================================================================
Received Import Request.
  Time since last request: 352733.122276 seconds.
  path: Assets/Prefabs/Items/Boots/Boots 2/1 Boots 2 white.prefab
  artifactKey: Guid(7b937f48a6a7a764bbaffb80af98a9de) Importer(815301076,1909f56bfc062723c751e8b465ee728b)
Start importing Assets/Prefabs/Items/Boots/Boots 2/1 Boots 2 white.prefab using Guid(7b937f48a6a7a764bbaffb80af98a9de) Importer(815301076,1909f56bfc062723c751e8b465ee728b)  -> (artifact id: '37e11bfda280a87573b3c5bfc53c4589') in 0.016842 seconds
Number of updated asset objects reloaded before import = 0
Number of asset objects unloaded after import = 25
========================================================================
Received Import Request.
  Time since last request: 4.089108 seconds.
  path: Assets/Prefabs/Items/Boots/Boots 2/2 Boots 2 green.prefab
  artifactKey: Guid(333472ae27374024d9bc0f6fbeabc707) Importer(815301076,1909f56bfc062723c751e8b465ee728b)
Start importing Assets/Prefabs/Items/Boots/Boots 2/2 Boots 2 green.prefab using Guid(333472ae27374024d9bc0f6fbeabc707) Importer(815301076,1909f56bfc062723c751e8b465ee728b)  -> (artifact id: 'ca99b1fe9143468039e372d39ed20b8e') in 0.002250 seconds
Number of updated asset objects reloaded before import = 0
Number of asset objects unloaded after import = 25
========================================================================
Received Import Request.
  Time since last request: 2.686425 seconds.
  path: Assets/Prefabs/Items/Boots/Boots 2/3 Boots 2 blue.prefab
  artifactKey: Guid(c6db2871b5b2cf940869102c5cae54d2) Importer(815301076,1909f56bfc062723c751e8b465ee728b)
Start importing Assets/Prefabs/Items/Boots/Boots 2/3 Boots 2 blue.prefab using Guid(c6db2871b5b2cf940869102c5cae54d2) Importer(815301076,1909f56bfc062723c751e8b465ee728b)  -> (artifact id: '27510013d8918b625a46e908e71f7032') in 0.002202 seconds
Number of updated asset objects reloaded before import = 0
Number of asset objects unloaded after import = 25
========================================================================
Received Import Request.
  Time since last request: 2.843035 seconds.
  path: Assets/Prefabs/Items/Boots/Boots 2/4 Boots 2 violet.prefab
  artifactKey: Guid(6526526cfaaa6514cb0d4e24edf70cfe) Importer(815301076,1909f56bfc062723c751e8b465ee728b)
Start importing Assets/Prefabs/Items/Boots/Boots 2/4 Boots 2 violet.prefab using Guid(6526526cfaaa6514cb0d4e24edf70cfe) Importer(815301076,1909f56bfc062723c751e8b465ee728b)  -> (artifact id: '3101a327efd6cf3f008392167805d210') in 0.002205 seconds
Number of updated asset objects reloaded before import = 0
Number of asset objects unloaded after import = 25
========================================================================
Received Import Request.
  Time since last request: 8.781815 seconds.
  path: Assets/Prefabs/Items/Boots/Boots 2/5 Boots 2 red.prefab
  artifactKey: Guid(e4e0218a78710fd498e7bbb9d161f15c) Importer(815301076,1909f56bfc062723c751e8b465ee728b)
Start importing Assets/Prefabs/Items/Boots/Boots 2/5 Boots 2 red.prefab using Guid(e4e0218a78710fd498e7bbb9d161f15c) Importer(815301076,1909f56bfc062723c751e8b465ee728b)  -> (artifact id: '1a575617b84b7050c8499799e51eedbc') in 0.002399 seconds
Number of updated asset objects reloaded before import = 0
Number of asset objects unloaded after import = 25
========================================================================
Received Import Request.
  Time since last request: 62.078585 seconds.
  path: Assets/Prefabs/Items/Boots/Boots 2/5 Boots 2 red.prefab
  artifactKey: Guid(e4e0218a78710fd498e7bbb9d161f15c) Importer(815301076,1909f56bfc062723c751e8b465ee728b)
Start importing Assets/Prefabs/Items/Boots/Boots 2/5 Boots 2 red.prefab using Guid(e4e0218a78710fd498e7bbb9d161f15c) Importer(815301076,1909f56bfc062723c751e8b465ee728b)  -> (artifact id: '4b7394a6aa02a5e408a33031f32f1ad6') in 0.002309 seconds
Number of updated asset objects reloaded before import = 0
Number of asset objects unloaded after import = 27
========================================================================
Received Import Request.
  Time since last request: 23.797901 seconds.
  path: Assets/Prefabs/Items/Boots/Boots 2/1 Boots 2 white.prefab
  artifactKey: Guid(7b937f48a6a7a764bbaffb80af98a9de) Importer(815301076,1909f56bfc062723c751e8b465ee728b)
Start importing Assets/Prefabs/Items/Boots/Boots 2/1 Boots 2 white.prefab using Guid(7b937f48a6a7a764bbaffb80af98a9de) Importer(815301076,1909f56bfc062723c751e8b465ee728b)  -> (artifact id: 'aee8d85e2c5fe263c38e6d087a1997c6') in 0.002547 seconds
Number of updated asset objects reloaded before import = 0
Number of asset objects unloaded after import = 27
========================================================================
Received Import Request.
  Time since last request: 13.436851 seconds.
  path: Assets/Prefabs/Items/Boots/Boots 2/2 Boots 2 green.prefab
  artifactKey: Guid(333472ae27374024d9bc0f6fbeabc707) Importer(815301076,1909f56bfc062723c751e8b465ee728b)
Start importing Assets/Prefabs/Items/Boots/Boots 2/2 Boots 2 green.prefab using Guid(333472ae27374024d9bc0f6fbeabc707) Importer(815301076,1909f56bfc062723c751e8b465ee728b)  -> (artifact id: 'dcbf4a804fbf7975a357b2ec58617ec3') in 0.002230 seconds
Number of updated asset objects reloaded before import = 0
Number of asset objects unloaded after import = 27
========================================================================
Received Import Request.
  Time since last request: 5.430656 seconds.
  path: Assets/Prefabs/Items/Boots/Boots 2/3 Boots 2 blue.prefab
  artifactKey: Guid(c6db2871b5b2cf940869102c5cae54d2) Importer(815301076,1909f56bfc062723c751e8b465ee728b)
Start importing Assets/Prefabs/Items/Boots/Boots 2/3 Boots 2 blue.prefab using Guid(c6db2871b5b2cf940869102c5cae54d2) Importer(815301076,1909f56bfc062723c751e8b465ee728b)  -> (artifact id: '161024ab2e1aa7b57bce94ab86ace454') in 0.002562 seconds
Number of updated asset objects reloaded before import = 0
Number of asset objects unloaded after import = 27
========================================================================
Received Import Request.
  Time since last request: 4.678983 seconds.
  path: Assets/Prefabs/Items/Boots/Boots 2/4 Boots 2 violet.prefab
  artifactKey: Guid(6526526cfaaa6514cb0d4e24edf70cfe) Importer(815301076,1909f56bfc062723c751e8b465ee728b)
Start importing Assets/Prefabs/Items/Boots/Boots 2/4 Boots 2 violet.prefab using Guid(6526526cfaaa6514cb0d4e24edf70cfe) Importer(815301076,1909f56bfc062723c751e8b465ee728b)  -> (artifact id: 'ae4441c779e1736b5152dc0703b73069') in 0.002341 seconds
Number of updated asset objects reloaded before import = 0
Number of asset objects unloaded after import = 27
========================================================================
Received Import Request.
  Time since last request: 4.961042 seconds.
  path: Assets/Craft Items/Boots/Boots 2/1 Boots 1 white.asset
  artifactKey: Guid(b21e8c16abfa78e4d9acd7c2781db744) Importer(815301076,1909f56bfc062723c751e8b465ee728b)
Start importing Assets/Craft Items/Boots/Boots 2/1 Boots 1 white.asset using Guid(b21e8c16abfa78e4d9acd7c2781db744) Importer(815301076,1909f56bfc062723c751e8b465ee728b)  -> (artifact id: '0233c9ffb20543688e18b9f72cd22e1a') in 0.004617 seconds
Number of updated asset objects reloaded before import = 0
Number of asset objects unloaded after import = 16
========================================================================
Received Import Request.
  Time since last request: 0.000023 seconds.
  path: Assets/Craft Items/Boots/Boots 2/5 Boots 1 red.asset
  artifactKey: Guid(010b1395517259c4188f6aa0e6ccfcdf) Importer(815301076,1909f56bfc062723c751e8b465ee728b)
Start importing Assets/Craft Items/Boots/Boots 2/5 Boots 1 red.asset using Guid(010b1395517259c4188f6aa0e6ccfcdf) Importer(815301076,1909f56bfc062723c751e8b465ee728b)  -> (artifact id: '656ec0bc2c3fe635e1e2b23523333b6c') in 0.002652 seconds
Number of updated asset objects reloaded before import = 0
Number of asset objects unloaded after import = 16
========================================================================
Received Import Request.
  Time since last request: 0.000015 seconds.
  path: Assets/Craft Items/Boots/Boots 2/3 Boots 1 blue.asset
  artifactKey: Guid(42e5a3b21058bf84a9e54c7618c8c48c) Importer(815301076,1909f56bfc062723c751e8b465ee728b)
Start importing Assets/Craft Items/Boots/Boots 2/3 Boots 1 blue.asset using Guid(42e5a3b21058bf84a9e54c7618c8c48c) Importer(815301076,1909f56bfc062723c751e8b465ee728b)  -> (artifact id: '285a8441ebe29e890a002cbd539dcc93') in 0.002938 seconds
Number of updated asset objects reloaded before import = 0
Number of asset objects unloaded after import = 16
========================================================================
Received Import Request.
  Time since last request: 5.837257 seconds.
  path: Assets/Craft Items/Boots/Boots 2/1 Boots 2 white.asset
  artifactKey: Guid(b21e8c16abfa78e4d9acd7c2781db744) Importer(815301076,1909f56bfc062723c751e8b465ee728b)
Start importing Assets/Craft Items/Boots/Boots 2/1 Boots 2 white.asset using Guid(b21e8c16abfa78e4d9acd7c2781db744) Importer(815301076,1909f56bfc062723c751e8b465ee728b)  -> (artifact id: 'abce610381ae53c478b211874dd8a2b9') in 0.002369 seconds
Number of updated asset objects reloaded before import = 0
Number of asset objects unloaded after import = 16
========================================================================
Received Import Request.
  Time since last request: 5.975571 seconds.
  path: Assets/Craft Items/Boots/Boots 2/3 Boots 2 blue.asset
  artifactKey: Guid(42e5a3b21058bf84a9e54c7618c8c48c) Importer(815301076,1909f56bfc062723c751e8b465ee728b)
Start importing Assets/Craft Items/Boots/Boots 2/3 Boots 2 blue.asset using Guid(42e5a3b21058bf84a9e54c7618c8c48c) Importer(815301076,1909f56bfc062723c751e8b465ee728b)  -> (artifact id: 'dd565f016cd0b264b68bc07d2201c847') in 0.001974 seconds
Number of updated asset objects reloaded before import = 0
Number of asset objects unloaded after import = 16
========================================================================
Received Import Request.
  Time since last request: 5.926547 seconds.
  path: Assets/Craft Items/Boots/Boots 2/4 Boots 2 violet.asset
  artifactKey: Guid(8c431e0e5ff2abc458c6e5a9629e7fff) Importer(815301076,1909f56bfc062723c751e8b465ee728b)
Start importing Assets/Craft Items/Boots/Boots 2/4 Boots 2 violet.asset using Guid(8c431e0e5ff2abc458c6e5a9629e7fff) Importer(815301076,1909f56bfc062723c751e8b465ee728b)  -> (artifact id: '47464689c427c210e3d9e94ca414c35c') in 0.002369 seconds
Number of updated asset objects reloaded before import = 0
Number of asset objects unloaded after import = 16
========================================================================
Received Import Request.
  Time since last request: 3.557470 seconds.
  path: Assets/Craft Items/Boots/Boots 2/5 Boots 2 red.asset
  artifactKey: Guid(010b1395517259c4188f6aa0e6ccfcdf) Importer(815301076,1909f56bfc062723c751e8b465ee728b)
Start importing Assets/Craft Items/Boots/Boots 2/5 Boots 2 red.asset using Guid(010b1395517259c4188f6aa0e6ccfcdf) Importer(815301076,1909f56bfc062723c751e8b465ee728b)  -> (artifact id: 'f36f4deff27a246843e06b29c47bbf27') in 0.002069 seconds
Number of updated asset objects reloaded before import = 0
Number of asset objects unloaded after import = 16
========================================================================
Received Import Request.
  Time since last request: 54.955044 seconds.
  path: Assets/Prefabs/Items/Boots/Boots 2/1 Boots 2 white.prefab
  artifactKey: Guid(7b937f48a6a7a764bbaffb80af98a9de) Importer(815301076,1909f56bfc062723c751e8b465ee728b)
Start importing Assets/Prefabs/Items/Boots/Boots 2/1 Boots 2 white.prefab using Guid(7b937f48a6a7a764bbaffb80af98a9de) Importer(815301076,1909f56bfc062723c751e8b465ee728b)  -> (artifact id: 'd793f23fbea15c416d2212d6a98db42c') in 0.002669 seconds
Number of updated asset objects reloaded before import = 0
Number of asset objects unloaded after import = 28
========================================================================
Received Import Request.
  Time since last request: 18.069586 seconds.
  path: Assets/Prefabs/Items/Boots/Boots 2/2 Boots 2 green.prefab
  artifactKey: Guid(333472ae27374024d9bc0f6fbeabc707) Importer(815301076,1909f56bfc062723c751e8b465ee728b)
Start importing Assets/Prefabs/Items/Boots/Boots 2/2 Boots 2 green.prefab using Guid(333472ae27374024d9bc0f6fbeabc707) Importer(815301076,1909f56bfc062723c751e8b465ee728b)  -> (artifact id: '695c01787c6c1f1ec41cd111c2430e79') in 0.002616 seconds
Number of updated asset objects reloaded before import = 0
Number of asset objects unloaded after import = 28
========================================================================
Received Import Request.
  Time since last request: 7.784010 seconds.
  path: Assets/Craft Items/Boots/Boots 2/2 Boots 2 green.asset
  artifactKey: Guid(734947adac462f045bbf16787cf507f7) Importer(815301076,1909f56bfc062723c751e8b465ee728b)
Start importing Assets/Craft Items/Boots/Boots 2/2 Boots 2 green.asset using Guid(734947adac462f045bbf16787cf507f7) Importer(815301076,1909f56bfc062723c751e8b465ee728b)  -> (artifact id: '78b3736bab8123d032676402897271bc') in 0.001870 seconds
Number of updated asset objects reloaded before import = 0
Number of asset objects unloaded after import = 15
========================================================================
Received Import Request.
  Time since last request: 12.757786 seconds.
  path: Assets/Prefabs/Items/Boots/Boots 2/3 Boots 2 blue.prefab
  artifactKey: Guid(c6db2871b5b2cf940869102c5cae54d2) Importer(815301076,1909f56bfc062723c751e8b465ee728b)
Start importing Assets/Prefabs/Items/Boots/Boots 2/3 Boots 2 blue.prefab using Guid(c6db2871b5b2cf940869102c5cae54d2) Importer(815301076,1909f56bfc062723c751e8b465ee728b)  -> (artifact id: '009e77ccd386e9e92f778d95eeb35723') in 0.002571 seconds
Number of updated asset objects reloaded before import = 0
Number of asset objects unloaded after import = 28
========================================================================
Received Import Request.
  Time since last request: 13.119452 seconds.
  path: Assets/Prefabs/Items/Boots/Boots 2/4 Boots 2 violet.prefab
  artifactKey: Guid(6526526cfaaa6514cb0d4e24edf70cfe) Importer(815301076,1909f56bfc062723c751e8b465ee728b)
Start importing Assets/Prefabs/Items/Boots/Boots 2/4 Boots 2 violet.prefab using Guid(6526526cfaaa6514cb0d4e24edf70cfe) Importer(815301076,1909f56bfc062723c751e8b465ee728b)  -> (artifact id: '978bc47cf3c9155280c5aad73859dfce') in 0.002759 seconds
Number of updated asset objects reloaded before import = 0
Number of asset objects unloaded after import = 28
========================================================================
Received Import Request.
  Time since last request: 12.688407 seconds.
  path: Assets/Prefabs/Items/Boots/Boots 2/5 Boots 2 red.prefab
  artifactKey: Guid(e4e0218a78710fd498e7bbb9d161f15c) Importer(815301076,1909f56bfc062723c751e8b465ee728b)
Start importing Assets/Prefabs/Items/Boots/Boots 2/5 Boots 2 red.prefab using Guid(e4e0218a78710fd498e7bbb9d161f15c) Importer(815301076,1909f56bfc062723c751e8b465ee728b)  -> (artifact id: 'de5012424bc59d56dc5d3a3c01c0326e') in 0.002423 seconds
Number of updated asset objects reloaded before import = 0
Number of asset objects unloaded after import = 28
========================================================================
Received Import Request.
  Time since last request: 156.029531 seconds.
  path: Assets/Craft Items/Chest/Chest 1/1 Chest 1 white.asset
  artifactKey: Guid(f3af28fea709a1f49a77b2e4854a2bd4) Importer(815301076,1909f56bfc062723c751e8b465ee728b)
Start importing Assets/Craft Items/Chest/Chest 1/1 Chest 1 white.asset using Guid(f3af28fea709a1f49a77b2e4854a2bd4) Importer(815301076,1909f56bfc062723c751e8b465ee728b)  -> (artifact id: 'd703d77ae261ad8baf4517bdc3e59e3c') in 0.015981 seconds
Number of updated asset objects reloaded before import = 0
Number of asset objects unloaded after import = 15
========================================================================
Received Import Request.
  Time since last request: 0.000848 seconds.
  path: Assets/Craft Items/Chest/Chest 1/3 Chest 1 blue.asset
  artifactKey: Guid(d5478127cac00124ebd687f9bc593ec9) Importer(815301076,1909f56bfc062723c751e8b465ee728b)
Start importing Assets/Craft Items/Chest/Chest 1/3 Chest 1 blue.asset using Guid(d5478127cac00124ebd687f9bc593ec9) Importer(815301076,1909f56bfc062723c751e8b465ee728b)  -> (artifact id: '8c0202d811e72bedcf4fb7b5793c557f') in 0.016790 seconds
Number of updated asset objects reloaded before import = 0
Number of asset objects unloaded after import = 15
========================================================================
Received Import Request.
  Time since last request: 0.000026 seconds.
  path: Assets/Craft Items/Chest/Chest 1/4 Chest 1 violet.asset
  artifactKey: Guid(7feeaa82237a0b941944bc2015e9eadd) Importer(815301076,1909f56bfc062723c751e8b465ee728b)
Start importing Assets/Craft Items/Chest/Chest 1/4 Chest 1 violet.asset using Guid(7feeaa82237a0b941944bc2015e9eadd) Importer(815301076,1909f56bfc062723c751e8b465ee728b)  -> (artifact id: '10d81fe466323cc24529e3fa320beada') in 0.015730 seconds
Number of updated asset objects reloaded before import = 0
Number of asset objects unloaded after import = 15
Editor requested this worker to shutdown with reason: Scaling down because of idle timeout
TcpMessagingSession - receive error: operation aborted. errorcode: 995, details: ќпераци€ ввода/вывода была прервана из-за завершени€ потока команд или по запросу приложени€.
AssetImportWorker is now disconnected from the server
Process exiting
Exiting without the bug reporter. Application will terminate with return code 0