Using pre-set license
Built from '2022.3/staging' branch; Version is '2022.3.7f1 (b16b3b16c7a0) revision 11627323'; Using compiler version '192829333'; Build Type 'Release'
OS: 'Windows 10  (10.0.19045) 64bit Education' Language: 'ru' Physical Memory: 16085 MB
BatchMode: 1, IsHumanControllingUs: 0, StartBugReporterOnCrash: 0, Is64bit: 1, IsPro: 1

COMMAND LINE ARGUMENTS:
D:\unity\Unity\2022.3.7f1\Editor\Unity.exe
-adb2
-batchMode
-noUpm
-name
AssetImportWorker38
-projectPath
D:/Github/RogueLike_1/RogueLike
-logFile
Logs/AssetImportWorker38.log
-srvPort
62272
Successfully changed project path to: D:/Github/RogueLike_1/RogueLike
D:/Github/RogueLike_1/RogueLike
[UnityMemory] Configuration Parameters - Can be set up in boot.config
    "memorysetup-bucket-allocator-granularity=16"
    "memorysetup-bucket-allocator-bucket-count=8"
    "memorysetup-bucket-allocator-block-size=33554432"
    "memorysetup-bucket-allocator-block-count=8"
    "memorysetup-main-allocator-block-size=16777216"
    "memorysetup-thread-allocator-block-size=16777216"
    "memorysetup-gfx-main-allocator-block-size=16777216"
    "memorysetup-gfx-thread-allocator-block-size=16777216"
    "memorysetup-cache-allocator-block-size=4194304"
    "memorysetup-typetree-allocator-block-size=2097152"
    "memorysetup-profiler-bucket-allocator-granularity=16"
    "memorysetup-profiler-bucket-allocator-bucket-count=8"
    "memorysetup-profiler-bucket-allocator-block-size=33554432"
    "memorysetup-profiler-bucket-allocator-block-count=8"
    "memorysetup-profiler-allocator-block-size=16777216"
    "memorysetup-profiler-editor-allocator-block-size=1048576"
    "memorysetup-temp-allocator-size-main=16777216"
    "memorysetup-job-temp-allocator-block-size=2097152"
    "memorysetup-job-temp-allocator-block-size-background=1048576"
    "memorysetup-job-temp-allocator-reduction-small-platforms=262144"
    "memorysetup-allocator-temp-initial-block-size-main=262144"
    "memorysetup-allocator-temp-initial-block-size-worker=262144"
    "memorysetup-temp-allocator-size-background-worker=32768"
    "memorysetup-temp-allocator-size-job-worker=262144"
    "memorysetup-temp-allocator-size-preload-manager=33554432"
    "memorysetup-temp-allocator-size-nav-mesh-worker=65536"
    "memorysetup-temp-allocator-size-audio-worker=65536"
    "memorysetup-temp-allocator-size-cloud-worker=32768"
    "memorysetup-temp-allocator-size-gi-baking-worker=262144"
    "memorysetup-temp-allocator-size-gfx=262144"
Player connection [23224] Host "[IP] 192.168.0.101 [Port] 0 [Flags] 2 [Guid] 1907192891 [EditorId] 1907192891 [Version] 1048832 [Id] WindowsEditor(7,DESKTOP-6VIK7N9) [Debug] 1 [PackageName] WindowsEditor [ProjectName] Editor" joined multi-casting on [225.0.0.222:54997]...

Player connection [23224] Host "[IP] 192.168.0.101 [Port] 0 [Flags] 2 [Guid] 1907192891 [EditorId] 1907192891 [Version] 1048832 [Id] WindowsEditor(7,DESKTOP-6VIK7N9) [Debug] 1 [PackageName] WindowsEditor [ProjectName] Editor" joined alternative multi-casting on [225.0.0.222:34997]...

Refreshing native plugins compatible for Editor in 7.18 ms, found 4 plugins.
Preloading 0 native plugins for Editor in 0.00 ms.
Initialize engine version: 2022.3.7f1 (b16b3b16c7a0)
[Subsystems] Discovering subsystems at path D:/unity/Unity/2022.3.7f1/Editor/Data/Resources/UnitySubsystems
[Subsystems] Discovering subsystems at path D:/Github/RogueLike_1/RogueLike/Assets
GfxDevice: creating device client; threaded=0; jobified=0
Direct3D:
    Version:  Direct3D 11.0 [level 11.1]
    Renderer: NVIDIA GeForce RTX 3050 Ti Laptop GPU (ID=0x25a0)
    Vendor:   NVIDIA
    VRAM:     3977 MB
    Driver:   31.0.15.4629
Initialize mono
Mono path[0] = 'D:/unity/Unity/2022.3.7f1/Editor/Data/Managed'
Mono path[1] = 'D:/unity/Unity/2022.3.7f1/Editor/Data/MonoBleedingEdge/lib/mono/unityjit-win32'
Mono config path = 'D:/unity/Unity/2022.3.7f1/Editor/Data/MonoBleedingEdge/etc'
Using monoOptions --debugger-agent=transport=dt_socket,embedding=1,server=y,suspend=n,address=127.0.0.1:56812
Begin MonoManager ReloadAssembly
Registering precompiled unity dll's ...
Register platform support module: D:/unity/Unity/2022.3.7f1/Editor/Data/PlaybackEngines/WebGLSupport/UnityEditor.WebGL.Extensions.dll
Register platform support module: D:/unity/Unity/2022.3.7f1/Editor/Data/PlaybackEngines/AndroidPlayer/UnityEditor.Android.Extensions.dll
Register platform support module: D:/unity/Unity/2022.3.7f1/Editor/Data/PlaybackEngines/WindowsStandaloneSupport/UnityEditor.WindowsStandalone.Extensions.dll
Registered in 0.004357 seconds.
- Loaded All Assemblies, in  0.355 seconds
Native extension for WindowsStandalone target not found
Native extension for Android target not found
Android Extension - Scanning For ADB Devices 202 ms
Native extension for WebGL target not found
Mono: successfully reloaded assembly
- Finished resetting the current domain, in  0.474 seconds
Domain Reload Profiling: 829ms
	BeginReloadAssembly (104ms)
		ExecutionOrderSort (0ms)
		DisableScriptedObjects (0ms)
		BackupInstance (0ms)
		ReleaseScriptingObjects (0ms)
		CreateAndSetChildDomain (1ms)
	RebuildCommonClasses (47ms)
	RebuildNativeTypeToScriptingClass (15ms)
	initialDomainReloadingComplete (54ms)
	LoadAllAssembliesAndSetupDomain (136ms)
		LoadAssemblies (103ms)
		RebuildTransferFunctionScriptingTraits (0ms)
		AnalyzeDomain (134ms)
			TypeCache.Refresh (132ms)
				TypeCache.ScanAssembly (116ms)
			ScanForSourceGeneratedMonoScriptInfo (0ms)
			ResolveRequiredComponents (1ms)
	FinalizeReload (475ms)
		ReleaseScriptCaches (0ms)
		RebuildScriptCaches (0ms)
		SetupLoadedEditorAssemblies (425ms)
			LogAssemblyErrors (0ms)
			InitializePlatformSupportModulesInManaged (293ms)
			SetLoadedEditorAssemblies (3ms)
			RefreshPlugins (0ms)
			BeforeProcessingInitializeOnLoad (2ms)
			ProcessInitializeOnLoadAttributes (87ms)
			ProcessInitializeOnLoadMethodAttributes (39ms)
			AfterProcessingInitializeOnLoad (0ms)
			EditorAssembliesLoaded (0ms)
		ExecutionOrderSort2 (0ms)
		AwakeInstancesAfterBackupRestoration (0ms)
========================================================================
Worker process is ready to serve import requests
Begin MonoManager ReloadAssembly
Symbol file LoadedFromMemory doesn't match image D:\Github\RogueLike_1\RogueLike\Library\PackageCache\com.unity.visualscripting@1.8.0\Editor\VisualScripting.Core\Dependencies\YamlDotNet\Unity.VisualScripting.YamlDotNet.dll
Symbol file LoadedFromMemory doesn't match image D:\Github\RogueLike_1\RogueLike\Library\PackageCache\com.unity.visualscripting@1.8.0\Editor\VisualScripting.Core\Dependencies\DotNetZip\Unity.VisualScripting.IonicZip.dll
- Loaded All Assemblies, in  0.616 seconds
Refreshing native plugins compatible for Editor in 2.20 ms, found 4 plugins.
Native extension for WindowsStandalone target not found
Native extension for Android target not found
Native extension for WebGL target not found
Mono: successfully reloaded assembly
- Finished resetting the current domain, in  0.707 seconds
Domain Reload Profiling: 1323ms
	BeginReloadAssembly (126ms)
		ExecutionOrderSort (0ms)
		DisableScriptedObjects (4ms)
		BackupInstance (0ms)
		ReleaseScriptingObjects (0ms)
		CreateAndSetChildDomain (22ms)
	RebuildCommonClasses (30ms)
	RebuildNativeTypeToScriptingClass (9ms)
	initialDomainReloadingComplete (30ms)
	LoadAllAssembliesAndSetupDomain (421ms)
		LoadAssemblies (257ms)
		RebuildTransferFunctionScriptingTraits (0ms)
		AnalyzeDomain (235ms)
			TypeCache.Refresh (194ms)
				TypeCache.ScanAssembly (176ms)
			ScanForSourceGeneratedMonoScriptInfo (29ms)
			ResolveRequiredComponents (11ms)
	FinalizeReload (708ms)
		ReleaseScriptCaches (0ms)
		RebuildScriptCaches (0ms)
		SetupLoadedEditorAssemblies (524ms)
			LogAssemblyErrors (0ms)
			InitializePlatformSupportModulesInManaged (22ms)
			SetLoadedEditorAssemblies (3ms)
			RefreshPlugins (0ms)
			BeforeProcessingInitializeOnLoad (71ms)
			ProcessInitializeOnLoadAttributes (334ms)
			ProcessInitializeOnLoadMethodAttributes (90ms)
			AfterProcessingInitializeOnLoad (3ms)
			EditorAssembliesLoaded (0ms)
		ExecutionOrderSort2 (0ms)
		AwakeInstancesAfterBackupRestoration (10ms)
Launched and connected shader compiler UnityShaderCompiler.exe after 0.04 seconds
Refreshing native plugins compatible for Editor in 2.04 ms, found 4 plugins.
Preloading 0 native plugins for Editor in 0.00 ms.
Unloading 6578 Unused Serialized files (Serialized files now loaded: 0)
Unloading 115 unused Assets / (1.6 MB). Loaded Objects now: 7058.
Memory consumption went from 278.8 MB to 277.2 MB.
Total: 3.777500 ms (FindLiveObjects: 0.488000 ms CreateObjectMapping: 0.344100 ms MarkObjects: 2.659800 ms  DeleteObjects: 0.284600 ms)

AssetImportParameters requested are different than current active one (requested -> active):
  custom:container-demuxer-ogg: 62fdf1f143b41e24485cea50d1cbac27 -> 
  custom:framework-win-MediaFoundation: 216162199b28c13a410421893ffa2e32 -> 
  custom:container-muxer-webm: aa71ff27fc2769a1b78a27578f13a17b -> 
  custom:video-decoder-webm-vp8: 9c59270c3fd7afecdb556c50c9e8de78 -> 
  custom:SearchIndexIgnoredProperties: e643bd26f0fe6173181afceb89e7c659 -> 
  custom:AudioImporter_EditorPlatform: d09bf68614088b80899f8185d706f6e7 -> 
  custom:audio-decoder-ogg-vorbis: bf7c407c2cedff20999df2af8eb42d56 -> 
  custom:audio-encoder-webm-vorbis: bf7c407c2cedff20999df2af8eb42d56 -> 
  custom:video-decoder-ogg-theora: a1e56fd34408186e4bbccfd4996cb3dc -> 
  custom:CustomObjectIndexerAttribute: d54d2f2da18e7612c182cf67624b6b12 -> 
  custom:container-demuxer-webm: 4f35f7cbe854078d1ac9338744f61a02 -> 
  custom:video-encoder-webm-vp8: eb34c28f22e8b96e1ab97ce403110664 -> 
========================================================================
Received Import Request.
  Time since last request: 375054.067511 seconds.
  path: Assets/Sprites/Inventory/Ring/Ring 4/Ring 4 blue.png
  artifactKey: Guid(39c27ec7a5acfc64f90ff2986ae9da55) Importer(815301076,1909f56bfc062723c751e8b465ee728b)
Start importing Assets/Sprites/Inventory/Ring/Ring 4/Ring 4 blue.png using Guid(39c27ec7a5acfc64f90ff2986ae9da55) Importer(815301076,1909f56bfc062723c751e8b465ee728b)  -> (artifact id: '77c7a54af648eef1e71f5a11d7619b44') in 0.017112 seconds
Number of updated asset objects reloaded before import = 0
Number of asset objects unloaded after import = 2
========================================================================
Received Import Request.
  Time since last request: 11.350365 seconds.
  path: Assets/Craft Items/RIng/RIng 4/1 RIng 3 white.asset
  artifactKey: Guid(d2e1f22cdde128844bf6b594a6d3723f) Importer(815301076,1909f56bfc062723c751e8b465ee728b)
Start importing Assets/Craft Items/RIng/RIng 4/1 RIng 3 white.asset using Guid(d2e1f22cdde128844bf6b594a6d3723f) Importer(815301076,1909f56bfc062723c751e8b465ee728b)  -> (artifact id: '7fe236881aa5df5a36518033cb3429a3') in 0.007365 seconds
Number of updated asset objects reloaded before import = 0
Number of asset objects unloaded after import = 16
========================================================================
Received Import Request.
  Time since last request: 7.334085 seconds.
  path: Assets/Craft Items/RIng/RIng 4/1 RIng 4 white.asset
  artifactKey: Guid(d2e1f22cdde128844bf6b594a6d3723f) Importer(815301076,1909f56bfc062723c751e8b465ee728b)
Start importing Assets/Craft Items/RIng/RIng 4/1 RIng 4 white.asset using Guid(d2e1f22cdde128844bf6b594a6d3723f) Importer(815301076,1909f56bfc062723c751e8b465ee728b)  -> (artifact id: '567d1ff7518faafa08242634317a3dee') in 0.003248 seconds
Number of updated asset objects reloaded before import = 0
Number of asset objects unloaded after import = 16
========================================================================
Received Import Request.
  Time since last request: 4.674577 seconds.
  path: Assets/Craft Items/RIng/RIng 4/2 RIng 4 green.asset
  artifactKey: Guid(61b08b999409d314ba2e9a4e0b595991) Importer(815301076,1909f56bfc062723c751e8b465ee728b)
Start importing Assets/Craft Items/RIng/RIng 4/2 RIng 4 green.asset using Guid(61b08b999409d314ba2e9a4e0b595991) Importer(815301076,1909f56bfc062723c751e8b465ee728b)  -> (artifact id: '08d2425ea979e4ea76e8ada73b5f4641') in 0.002620 seconds
Number of updated asset objects reloaded before import = 0
Number of asset objects unloaded after import = 16
========================================================================
Received Import Request.
  Time since last request: 4.065218 seconds.
  path: Assets/Craft Items/RIng/RIng 4/3 RIng 4 blue.asset
  artifactKey: Guid(67c3d5eca63c196409e23d2479958c74) Importer(815301076,1909f56bfc062723c751e8b465ee728b)
Start importing Assets/Craft Items/RIng/RIng 4/3 RIng 4 blue.asset using Guid(67c3d5eca63c196409e23d2479958c74) Importer(815301076,1909f56bfc062723c751e8b465ee728b)  -> (artifact id: 'c1a6331fc7528813657f3241f8e45b4e') in 0.002598 seconds
Number of updated asset objects reloaded before import = 0
Number of asset objects unloaded after import = 17
========================================================================
Received Import Request.
  Time since last request: 3.470718 seconds.
  path: Assets/Craft Items/RIng/RIng 4/4 RIng 4 violet.asset
  artifactKey: Guid(3aac2dca2bc8b2f45847c4a68621bbb6) Importer(815301076,1909f56bfc062723c751e8b465ee728b)
Start importing Assets/Craft Items/RIng/RIng 4/4 RIng 4 violet.asset using Guid(3aac2dca2bc8b2f45847c4a68621bbb6) Importer(815301076,1909f56bfc062723c751e8b465ee728b)  -> (artifact id: '1a3c5e78540d92a3a3cb3c3251d06eb7') in 0.002448 seconds
Number of updated asset objects reloaded before import = 0
Number of asset objects unloaded after import = 16
========================================================================
Received Import Request.
  Time since last request: 2.989917 seconds.
  path: Assets/Craft Items/RIng/RIng 4/5 RIng 4 red.asset
  artifactKey: Guid(3cce71409a6016e4bb06ae19755aae36) Importer(815301076,1909f56bfc062723c751e8b465ee728b)
Start importing Assets/Craft Items/RIng/RIng 4/5 RIng 4 red.asset using Guid(3cce71409a6016e4bb06ae19755aae36) Importer(815301076,1909f56bfc062723c751e8b465ee728b)  -> (artifact id: 'feb67c2251847c91a586d363ca158587') in 0.002774 seconds
Number of updated asset objects reloaded before import = 0
Number of asset objects unloaded after import = 16
========================================================================
Received Import Request.
  Time since last request: 3.211535 seconds.
  path: Assets/Prefabs/Items/RIng/RIng 4/1 RIng 3 white.prefab
  artifactKey: Guid(6c37cf5a96202d54e9889623b106d9f8) Importer(815301076,1909f56bfc062723c751e8b465ee728b)
Start importing Assets/Prefabs/Items/RIng/RIng 4/1 RIng 3 white.prefab using Guid(6c37cf5a96202d54e9889623b106d9f8) Importer(815301076,1909f56bfc062723c751e8b465ee728b)  -> (artifact id: 'da1bcc12befde75c9888aac4e92e3c5c') in 0.003178 seconds
Number of updated asset objects reloaded before import = 0
Number of asset objects unloaded after import = 25
========================================================================
Received Import Request.
  Time since last request: 0.000014 seconds.
  path: Assets/Prefabs/Items/RIng/RIng 4/4 RIng 3 violet.prefab
  artifactKey: Guid(76710abbe31e0a547a1e479903d00a04) Importer(815301076,1909f56bfc062723c751e8b465ee728b)
Start importing Assets/Prefabs/Items/RIng/RIng 4/4 RIng 3 violet.prefab using Guid(76710abbe31e0a547a1e479903d00a04) Importer(815301076,1909f56bfc062723c751e8b465ee728b)  -> (artifact id: 'e5ce61bec3aba8eb70b70fee3eb9e2b1') in 0.002797 seconds
Number of updated asset objects reloaded before import = 0
Number of asset objects unloaded after import = 25
========================================================================
Received Import Request.
  Time since last request: 7.639829 seconds.
  path: Assets/Prefabs/Items/RIng/RIng 4/1 RIng 4 white.prefab
  artifactKey: Guid(6c37cf5a96202d54e9889623b106d9f8) Importer(815301076,1909f56bfc062723c751e8b465ee728b)
Start importing Assets/Prefabs/Items/RIng/RIng 4/1 RIng 4 white.prefab using Guid(6c37cf5a96202d54e9889623b106d9f8) Importer(815301076,1909f56bfc062723c751e8b465ee728b)  -> (artifact id: '2c39279e72d68c80b711ac352a991a9a') in 0.002603 seconds
Number of updated asset objects reloaded before import = 0
Number of asset objects unloaded after import = 25
========================================================================
Received Import Request.
  Time since last request: 2.521957 seconds.
  path: Assets/Prefabs/Items/RIng/RIng 4/2 RIng 4 green.prefab
  artifactKey: Guid(8a14baeafff262149b3598e33c9eb82b) Importer(815301076,1909f56bfc062723c751e8b465ee728b)
Start importing Assets/Prefabs/Items/RIng/RIng 4/2 RIng 4 green.prefab using Guid(8a14baeafff262149b3598e33c9eb82b) Importer(815301076,1909f56bfc062723c751e8b465ee728b)  -> (artifact id: 'b21f49d9962b06ed1815d01a89bc4593') in 0.002390 seconds
Number of updated asset objects reloaded before import = 0
Number of asset objects unloaded after import = 25
========================================================================
Received Import Request.
  Time since last request: 2.652534 seconds.
  path: Assets/Prefabs/Items/RIng/RIng 4/3 RIng 4 blue.prefab
  artifactKey: Guid(71e7e947b392a9845846d97ea60fa614) Importer(815301076,1909f56bfc062723c751e8b465ee728b)
Start importing Assets/Prefabs/Items/RIng/RIng 4/3 RIng 4 blue.prefab using Guid(71e7e947b392a9845846d97ea60fa614) Importer(815301076,1909f56bfc062723c751e8b465ee728b)  -> (artifact id: '1ebb8ca1531732aa1b3f999ba4196ba0') in 0.002810 seconds
Number of updated asset objects reloaded before import = 0
Number of asset objects unloaded after import = 28
========================================================================
Received Import Request.
  Time since last request: 5.380627 seconds.
  path: Assets/Prefabs/Items/RIng/RIng 4/4 RIng 4 violet.prefab
  artifactKey: Guid(76710abbe31e0a547a1e479903d00a04) Importer(815301076,1909f56bfc062723c751e8b465ee728b)
Start importing Assets/Prefabs/Items/RIng/RIng 4/4 RIng 4 violet.prefab using Guid(76710abbe31e0a547a1e479903d00a04) Importer(815301076,1909f56bfc062723c751e8b465ee728b)  -> (artifact id: '96c89e31cb21e88bcfa8a6d7c225776e') in 0.002497 seconds
Number of updated asset objects reloaded before import = 0
Number of asset objects unloaded after import = 25
========================================================================
Received Import Request.
  Time since last request: 4.878177 seconds.
  path: Assets/Prefabs/Items/RIng/RIng 4/5 RIng 4 red.prefab
  artifactKey: Guid(ce98fbddc7d53204ca2696089852b09f) Importer(815301076,1909f56bfc062723c751e8b465ee728b)
Start importing Assets/Prefabs/Items/RIng/RIng 4/5 RIng 4 red.prefab using Guid(ce98fbddc7d53204ca2696089852b09f) Importer(815301076,1909f56bfc062723c751e8b465ee728b)  -> (artifact id: '32921d04627ee328f90ccfa3a0fb7292') in 0.002650 seconds
Number of updated asset objects reloaded before import = 0
Number of asset objects unloaded after import = 25
========================================================================
Received Import Request.
  Time since last request: 10.486097 seconds.
  path: Assets/Prefabs/Items/RIng/RIng 4/1 RIng 4 white.prefab
  artifactKey: Guid(6c37cf5a96202d54e9889623b106d9f8) Importer(815301076,1909f56bfc062723c751e8b465ee728b)
Start importing Assets/Prefabs/Items/RIng/RIng 4/1 RIng 4 white.prefab using Guid(6c37cf5a96202d54e9889623b106d9f8) Importer(815301076,1909f56bfc062723c751e8b465ee728b)  -> (artifact id: 'fd6e4464a3d7992dfe82f4d66a694699') in 0.003824 seconds
Number of updated asset objects reloaded before import = 0
Number of asset objects unloaded after import = 27
========================================================================
Received Import Request.
  Time since last request: 2.948485 seconds.
  path: Assets/Prefabs/Items/RIng/RIng 4/2 RIng 4 green.prefab
  artifactKey: Guid(8a14baeafff262149b3598e33c9eb82b) Importer(815301076,1909f56bfc062723c751e8b465ee728b)
Start importing Assets/Prefabs/Items/RIng/RIng 4/2 RIng 4 green.prefab using Guid(8a14baeafff262149b3598e33c9eb82b) Importer(815301076,1909f56bfc062723c751e8b465ee728b)  -> (artifact id: 'ba339ebdd10e1591c23b554d74b9177e') in 0.002958 seconds
Number of updated asset objects reloaded before import = 0
Number of asset objects unloaded after import = 27
========================================================================
Received Import Request.
  Time since last request: 3.325778 seconds.
  path: Assets/Prefabs/Items/RIng/RIng 4/3 RIng 4 blue.prefab
  artifactKey: Guid(71e7e947b392a9845846d97ea60fa614) Importer(815301076,1909f56bfc062723c751e8b465ee728b)
Start importing Assets/Prefabs/Items/RIng/RIng 4/3 RIng 4 blue.prefab using Guid(71e7e947b392a9845846d97ea60fa614) Importer(815301076,1909f56bfc062723c751e8b465ee728b)  -> (artifact id: '28434b70fe15c0e7f5667385f8cc8949') in 0.003956 seconds
Number of updated asset objects reloaded before import = 0
Number of asset objects unloaded after import = 29
========================================================================
Received Import Request.
  Time since last request: 2.471763 seconds.
  path: Assets/Prefabs/Items/RIng/RIng 4/4 RIng 4 violet.prefab
  artifactKey: Guid(76710abbe31e0a547a1e479903d00a04) Importer(815301076,1909f56bfc062723c751e8b465ee728b)
Start importing Assets/Prefabs/Items/RIng/RIng 4/4 RIng 4 violet.prefab using Guid(76710abbe31e0a547a1e479903d00a04) Importer(815301076,1909f56bfc062723c751e8b465ee728b)  -> (artifact id: '5d0fe1c497e402a7f90f954632f61d8f') in 0.003423 seconds
Number of updated asset objects reloaded before import = 0
Number of asset objects unloaded after import = 27
========================================================================
Received Import Request.
  Time since last request: 3.011985 seconds.
  path: Assets/Prefabs/Items/RIng/RIng 4/5 RIng 4 red.prefab
  artifactKey: Guid(ce98fbddc7d53204ca2696089852b09f) Importer(815301076,1909f56bfc062723c751e8b465ee728b)
Start importing Assets/Prefabs/Items/RIng/RIng 4/5 RIng 4 red.prefab using Guid(ce98fbddc7d53204ca2696089852b09f) Importer(815301076,1909f56bfc062723c751e8b465ee728b)  -> (artifact id: 'e70f11a2263a1aa9384d9351f33bdf6f') in 0.002788 seconds
Number of updated asset objects reloaded before import = 0
Number of asset objects unloaded after import = 27
========================================================================
Received Import Request.
  Time since last request: 78.852544 seconds.
  path: Assets/Craft Items/RIng/RIng 3/1 RIng 3 white.asset
  artifactKey: Guid(4600d9b27469b2642978590a64a1d642) Importer(815301076,1909f56bfc062723c751e8b465ee728b)
Start importing Assets/Craft Items/RIng/RIng 3/1 RIng 3 white.asset using Guid(4600d9b27469b2642978590a64a1d642) Importer(815301076,1909f56bfc062723c751e8b465ee728b)  -> (artifact id: 'db40c6b60446f02c6d38934279d83a04') in 0.002260 seconds
Number of updated asset objects reloaded before import = 0
Number of asset objects unloaded after import = 15
========================================================================
Received Import Request.
  Time since last request: 0.819102 seconds.
  path: Assets/Craft Items/RIng/RIng 3/4 RIng 3 violet.asset
  artifactKey: Guid(3b6d762eb4d0115489d79112b781af10) Importer(815301076,1909f56bfc062723c751e8b465ee728b)
Start importing Assets/Craft Items/RIng/RIng 3/4 RIng 3 violet.asset using Guid(3b6d762eb4d0115489d79112b781af10) Importer(815301076,1909f56bfc062723c751e8b465ee728b)  -> (artifact id: 'bb618487f18008a20c49908930daaf8a') in 0.002635 seconds
Number of updated asset objects reloaded before import = 0
Number of asset objects unloaded after import = 15
========================================================================
Received Import Request.
  Time since last request: 2.891585 seconds.
  path: Assets/Prefabs/Items/RIng/RIng 4/1 RIng 4 white.prefab
  artifactKey: Guid(6c37cf5a96202d54e9889623b106d9f8) Importer(815301076,1909f56bfc062723c751e8b465ee728b)
Start importing Assets/Prefabs/Items/RIng/RIng 4/1 RIng 4 white.prefab using Guid(6c37cf5a96202d54e9889623b106d9f8) Importer(815301076,1909f56bfc062723c751e8b465ee728b)  -> (artifact id: '1940f76e3ba5b629eb0805853aa52fe3') in 0.003221 seconds
Number of updated asset objects reloaded before import = 0
Number of asset objects unloaded after import = 28
========================================================================
Received Import Request.
  Time since last request: 1.990557 seconds.
  path: Assets/Craft Items/RIng/RIng 3/2 RIng 3 green.asset
  artifactKey: Guid(4698dcf8f49975a4981258128574129d) Importer(815301076,1909f56bfc062723c751e8b465ee728b)
Start importing Assets/Craft Items/RIng/RIng 3/2 RIng 3 green.asset using Guid(4698dcf8f49975a4981258128574129d) Importer(815301076,1909f56bfc062723c751e8b465ee728b)  -> (artifact id: '6e397621a8e150ede12d97f9e681fe68') in 0.002272 seconds
Number of updated asset objects reloaded before import = 0
Number of asset objects unloaded after import = 15
========================================================================
Received Import Request.
  Time since last request: 2.798852 seconds.
  path: Assets/Prefabs/Items/RIng/RIng 4/2 RIng 4 green.prefab
  artifactKey: Guid(8a14baeafff262149b3598e33c9eb82b) Importer(815301076,1909f56bfc062723c751e8b465ee728b)
Start importing Assets/Prefabs/Items/RIng/RIng 4/2 RIng 4 green.prefab using Guid(8a14baeafff262149b3598e33c9eb82b) Importer(815301076,1909f56bfc062723c751e8b465ee728b)  -> (artifact id: '6bf770479efe2f6b6f3091f80405be57') in 0.003020 seconds
Number of updated asset objects reloaded before import = 0
Number of asset objects unloaded after import = 28
========================================================================
Received Import Request.
  Time since last request: 1.770889 seconds.
  path: Assets/Craft Items/RIng/RIng 3/3 RIng 3 blue.asset
  artifactKey: Guid(48521c9d130141d4391defb33ed2d066) Importer(815301076,1909f56bfc062723c751e8b465ee728b)
Start importing Assets/Craft Items/RIng/RIng 3/3 RIng 3 blue.asset using Guid(48521c9d130141d4391defb33ed2d066) Importer(815301076,1909f56bfc062723c751e8b465ee728b)  -> (artifact id: '3e459c8f55077c72a704291a3bee8a57') in 0.002269 seconds
Number of updated asset objects reloaded before import = 0
Number of asset objects unloaded after import = 17
========================================================================
Received Import Request.
  Time since last request: 1.991580 seconds.
  path: Assets/Prefabs/Items/RIng/RIng 4/3 RIng 4 blue.prefab
  artifactKey: Guid(71e7e947b392a9845846d97ea60fa614) Importer(815301076,1909f56bfc062723c751e8b465ee728b)
Start importing Assets/Prefabs/Items/RIng/RIng 4/3 RIng 4 blue.prefab using Guid(71e7e947b392a9845846d97ea60fa614) Importer(815301076,1909f56bfc062723c751e8b465ee728b)  -> (artifact id: 'bd90042137d04617b6a1d02184997b20') in 0.003193 seconds
Number of updated asset objects reloaded before import = 0
Number of asset objects unloaded after import = 29
========================================================================
Received Import Request.
  Time since last request: 6.411466 seconds.
  path: Assets/Prefabs/Items/RIng/RIng 4/4 RIng 4 violet.prefab
  artifactKey: Guid(76710abbe31e0a547a1e479903d00a04) Importer(815301076,1909f56bfc062723c751e8b465ee728b)
Start importing Assets/Prefabs/Items/RIng/RIng 4/4 RIng 4 violet.prefab using Guid(76710abbe31e0a547a1e479903d00a04) Importer(815301076,1909f56bfc062723c751e8b465ee728b)  -> (artifact id: '8458dc9364c068b8b4874a6ac2cf4188') in 0.002795 seconds
Number of updated asset objects reloaded before import = 0
Number of asset objects unloaded after import = 28
========================================================================
Received Import Request.
  Time since last request: 1.593055 seconds.
  path: Assets/Craft Items/RIng/RIng 3/5 RIng 3 red.asset
  artifactKey: Guid(b8b24593f49645c4a81677ae04ce6778) Importer(815301076,1909f56bfc062723c751e8b465ee728b)
Start importing Assets/Craft Items/RIng/RIng 3/5 RIng 3 red.asset using Guid(b8b24593f49645c4a81677ae04ce6778) Importer(815301076,1909f56bfc062723c751e8b465ee728b)  -> (artifact id: '5a1e057a9a097ed651e4e07a2717ed18') in 0.002324 seconds
Number of updated asset objects reloaded before import = 0
Number of asset objects unloaded after import = 15
========================================================================
Received Import Request.
  Time since last request: 1.930001 seconds.
  path: Assets/Prefabs/Items/RIng/RIng 4/5 RIng 4 red.prefab
  artifactKey: Guid(ce98fbddc7d53204ca2696089852b09f) Importer(815301076,1909f56bfc062723c751e8b465ee728b)
Start importing Assets/Prefabs/Items/RIng/RIng 4/5 RIng 4 red.prefab using Guid(ce98fbddc7d53204ca2696089852b09f) Importer(815301076,1909f56bfc062723c751e8b465ee728b)  -> (artifact id: 'ff25bfc33620c3a1b30ac4ced0c9f886') in 0.003311 seconds
Number of updated asset objects reloaded before import = 0
Number of asset objects unloaded after import = 28
========================================================================
Received Import Request.
  Time since last request: 3510.947516 seconds.
  path: Assets/Craft Items/RIng/RIng 4/1 RIng 4 white.asset
  artifactKey: Guid(d2e1f22cdde128844bf6b594a6d3723f) Importer(815301076,1909f56bfc062723c751e8b465ee728b)
Start importing Assets/Craft Items/RIng/RIng 4/1 RIng 4 white.asset using Guid(d2e1f22cdde128844bf6b594a6d3723f) Importer(815301076,1909f56bfc062723c751e8b465ee728b)  -> (artifact id: 'd643187ea4a5ad8a715e9cff64712baa') in 0.004284 seconds
Number of updated asset objects reloaded before import = 0
Number of asset objects unloaded after import = 15
========================================================================
Received Import Request.
  Time since last request: 0.000017 seconds.
  path: Assets/Craft Items/RIng/RIng 4/3 RIng 4 blue.asset
  artifactKey: Guid(67c3d5eca63c196409e23d2479958c74) Importer(815301076,1909f56bfc062723c751e8b465ee728b)
Start importing Assets/Craft Items/RIng/RIng 4/3 RIng 4 blue.asset using Guid(67c3d5eca63c196409e23d2479958c74) Importer(815301076,1909f56bfc062723c751e8b465ee728b)  -> (artifact id: '0c523dd4dbd6886350fcf50ab3fb6dcb') in 0.002996 seconds
Number of updated asset objects reloaded before import = 0
Number of asset objects unloaded after import = 15
========================================================================
Received Import Request.
  Time since last request: 10.560953 seconds.
  path: Assets/Craft Items/Belt/Belt 3/1 Belt 3 white.asset
  artifactKey: Guid(8108093deb3054e489ba8205968366cc) Importer(815301076,1909f56bfc062723c751e8b465ee728b)
Start importing Assets/Craft Items/Belt/Belt 3/1 Belt 3 white.asset using Guid(8108093deb3054e489ba8205968366cc) Importer(815301076,1909f56bfc062723c751e8b465ee728b)  -> (artifact id: '20f96309f0836c10115531d509d5052c') in 0.042292 seconds
Number of updated asset objects reloaded before import = 0
Number of asset objects unloaded after import = 61
========================================================================
Received Import Request.
  Time since last request: 103.289315 seconds.
  path: Assets/Craft Items/Helmets/Helmet 2/1 Helmet 2 white.asset
  artifactKey: Guid(7242f615a99bac64dbbed59fb842c1e7) Importer(815301076,1909f56bfc062723c751e8b465ee728b)
Start importing Assets/Craft Items/Helmets/Helmet 2/1 Helmet 2 white.asset using Guid(7242f615a99bac64dbbed59fb842c1e7) Importer(815301076,1909f56bfc062723c751e8b465ee728b)  -> (artifact id: '0c064ec5c56eb36e21ca80ad5c0a4bfe') in 0.034120 seconds
Number of updated asset objects reloaded before import = 0
Number of asset objects unloaded after import = 69
========================================================================
Received Import Request.
  Time since last request: 0.000017 seconds.
  path: Assets/Craft Items/Helmets/Helmet 2/3 Helmet 2_blue.asset
  artifactKey: Guid(5c993d95121401a4e82355ed6594658e) Importer(815301076,1909f56bfc062723c751e8b465ee728b)
Start importing Assets/Craft Items/Helmets/Helmet 2/3 Helmet 2_blue.asset using Guid(5c993d95121401a4e82355ed6594658e) Importer(815301076,1909f56bfc062723c751e8b465ee728b)  -> (artifact id: '1712e121810ae53d91a9a6c8b515d7e7') in 0.003332 seconds
Number of updated asset objects reloaded before import = 0
Number of asset objects unloaded after import = 15
========================================================================
Received Import Request.
  Time since last request: 0.000017 seconds.
  path: Assets/Craft Items/Helmets/Helmet 2/4 Helmet 2_violet.asset
  artifactKey: Guid(8d9f7abd6e239464fb21b21ca71ce93a) Importer(815301076,1909f56bfc062723c751e8b465ee728b)
Start importing Assets/Craft Items/Helmets/Helmet 2/4 Helmet 2_violet.asset using Guid(8d9f7abd6e239464fb21b21ca71ce93a) Importer(815301076,1909f56bfc062723c751e8b465ee728b)  -> (artifact id: '7fdb72305175c6df75cd2489620804dc') in 0.003143 seconds
Number of updated asset objects reloaded before import = 0
Number of asset objects unloaded after import = 17
========================================================================
Received Import Request.
  Time since last request: 1.265320 seconds.
  path: Assets/Craft Items/Helmets/Helmet 3/1 Helmet 3 white.asset
  artifactKey: Guid(a6dc08af28e8cae47906ee90a07d77d1) Importer(815301076,1909f56bfc062723c751e8b465ee728b)
Start importing Assets/Craft Items/Helmets/Helmet 3/1 Helmet 3 white.asset using Guid(a6dc08af28e8cae47906ee90a07d77d1) Importer(815301076,1909f56bfc062723c751e8b465ee728b)  -> (artifact id: '095314734ad95896c0976b2e2c26006b') in 0.035195 seconds
Number of updated asset objects reloaded before import = 0
Number of asset objects unloaded after import = 69
========================================================================
Received Prepare
Begin MonoManager ReloadAssembly
Symbol file LoadedFromMemory doesn't match image D:\Github\RogueLike_1\RogueLike\Library\PackageCache\com.unity.visualscripting@1.8.0\Editor\VisualScripting.Core\Dependencies\YamlDotNet\Unity.VisualScripting.YamlDotNet.dll
Symbol file LoadedFromMemory doesn't match image D:\Github\RogueLike_1\RogueLike\Library\PackageCache\com.unity.visualscripting@1.8.0\Editor\VisualScripting.Core\Dependencies\DotNetZip\Unity.VisualScripting.IonicZip.dll
- Loaded All Assemblies, in  0.589 seconds
Refreshing native plugins compatible for Editor in 2.26 ms, found 4 plugins.
Native extension for WindowsStandalone target not found
Native extension for Android target not found
Native extension for WebGL target not found
Mono: successfully reloaded assembly
- Finished resetting the current domain, in  1.252 seconds
Domain Reload Profiling: 1840ms
	BeginReloadAssembly (181ms)
		ExecutionOrderSort (0ms)
		DisableScriptedObjects (9ms)
		BackupInstance (0ms)
		ReleaseScriptingObjects (0ms)
		CreateAndSetChildDomain (61ms)
	RebuildCommonClasses (30ms)
	RebuildNativeTypeToScriptingClass (16ms)
	initialDomainReloadingComplete (34ms)
	LoadAllAssembliesAndSetupDomain (325ms)
		LoadAssemblies (330ms)
		RebuildTransferFunctionScriptingTraits (0ms)
		AnalyzeDomain (76ms)
			TypeCache.Refresh (26ms)
				TypeCache.ScanAssembly (5ms)
			ScanForSourceGeneratedMonoScriptInfo (38ms)
			ResolveRequiredComponents (12ms)
	FinalizeReload (1253ms)
		ReleaseScriptCaches (0ms)
		RebuildScriptCaches (0ms)
		SetupLoadedEditorAssemblies (573ms)
			LogAssemblyErrors (0ms)
			InitializePlatformSupportModulesInManaged (33ms)
			SetLoadedEditorAssemblies (5ms)
			RefreshPlugins (0ms)
			BeforeProcessingInitializeOnLoad (97ms)
			ProcessInitializeOnLoadAttributes (352ms)
			ProcessInitializeOnLoadMethodAttributes (83ms)
			AfterProcessingInitializeOnLoad (3ms)
			EditorAssembliesLoaded (0ms)
		ExecutionOrderSort2 (0ms)
		AwakeInstancesAfterBackupRestoration (11ms)
Refreshing native plugins compatible for Editor in 2.28 ms, found 4 plugins.
Preloading 0 native plugins for Editor in 0.00 ms.
Unloading 6380 Unused Serialized files (Serialized files now loaded: 0)
Unloading 62 unused Assets / (1.6 MB). Loaded Objects now: 7077.
Memory consumption went from 239.4 MB to 237.8 MB.
Total: 5.733100 ms (FindLiveObjects: 0.437500 ms CreateObjectMapping: 0.259900 ms MarkObjects: 4.606800 ms  DeleteObjects: 0.427500 ms)

Prepare: number of updated asset objects reloaded= 0
AssetImportParameters requested are different than current active one (requested -> active):
  custom:container-demuxer-ogg: 62fdf1f143b41e24485cea50d1cbac27 -> 
  custom:framework-win-MediaFoundation: 216162199b28c13a410421893ffa2e32 -> 
  custom:container-muxer-webm: aa71ff27fc2769a1b78a27578f13a17b -> 
  custom:video-decoder-webm-vp8: 9c59270c3fd7afecdb556c50c9e8de78 -> 
  custom:SearchIndexIgnoredProperties: e643bd26f0fe6173181afceb89e7c659 -> 
  custom:AudioImporter_EditorPlatform: d09bf68614088b80899f8185d706f6e7 -> 
  custom:audio-decoder-ogg-vorbis: bf7c407c2cedff20999df2af8eb42d56 -> 
  custom:audio-encoder-webm-vorbis: bf7c407c2cedff20999df2af8eb42d56 -> 
  custom:video-decoder-ogg-theora: a1e56fd34408186e4bbccfd4996cb3dc -> 
  custom:CustomObjectIndexerAttribute: d54d2f2da18e7612c182cf67624b6b12 -> 
  custom:container-demuxer-webm: 4f35f7cbe854078d1ac9338744f61a02 -> 
  custom:video-encoder-webm-vp8: eb34c28f22e8b96e1ab97ce403110664 -> 
========================================================================
Received Import Request.
  Time since last request: 176.588096 seconds.
  path: Assets/Sprites/Inventory/ShoulderPads/ShoulderPads 2
  artifactKey: Guid(eeee4d9a3fc767646a5eec045ca2154a) Importer(815301076,1909f56bfc062723c751e8b465ee728b)
Start importing Assets/Sprites/Inventory/ShoulderPads/ShoulderPads 2 using Guid(eeee4d9a3fc767646a5eec045ca2154a) Importer(815301076,1909f56bfc062723c751e8b465ee728b)  -> (artifact id: 'f929715b53a924a611f3b737c5383002') in 0.012271 seconds
Number of updated asset objects reloaded before import = 0
Number of asset objects unloaded after import = 0
========================================================================
Received Import Request.
  Time since last request: 191.887127 seconds.
  path: Assets/Sprites/Inventory/ShoulderPads/ShoulderPads 2/Shoulder 2 blue.png
  artifactKey: Guid(7533c5334f171004eaf085b82311c883) Importer(815301076,1909f56bfc062723c751e8b465ee728b)
Start importing Assets/Sprites/Inventory/ShoulderPads/ShoulderPads 2/Shoulder 2 blue.png using Guid(7533c5334f171004eaf085b82311c883) Importer(815301076,1909f56bfc062723c751e8b465ee728b)  -> (artifact id: '5ef6b367d49651ddceede5585a0cb5fd') in 0.004922 seconds
Number of updated asset objects reloaded before import = 0
Number of asset objects unloaded after import = 2
========================================================================
Received Import Request.
  Time since last request: 0.000027 seconds.
  path: Assets/Sprites/Inventory/ShoulderPads/ShoulderPads 2/Shoulder 2 violet.png
  artifactKey: Guid(3154a8ead582d9b44a454434b47272d1) Importer(815301076,1909f56bfc062723c751e8b465ee728b)
Start importing Assets/Sprites/Inventory/ShoulderPads/ShoulderPads 2/Shoulder 2 violet.png using Guid(3154a8ead582d9b44a454434b47272d1) Importer(815301076,1909f56bfc062723c751e8b465ee728b)  -> (artifact id: 'a91b52f6d6b33c4264d6207175d8a50c') in 0.002061 seconds
Number of updated asset objects reloaded before import = 0
Number of asset objects unloaded after import = 2
========================================================================
Received Import Request.
  Time since last request: 0.000017 seconds.
  path: Assets/Sprites/Inventory/ShoulderPads/ShoulderPads 2/Shoulder 2 red.png
  artifactKey: Guid(458c420bbb712c54aa31e278fe894143) Importer(815301076,1909f56bfc062723c751e8b465ee728b)
Start importing Assets/Sprites/Inventory/ShoulderPads/ShoulderPads 2/Shoulder 2 red.png using Guid(458c420bbb712c54aa31e278fe894143) Importer(815301076,1909f56bfc062723c751e8b465ee728b)  -> (artifact id: '751c45dcfc24a197a918542ec52d9325') in 0.002242 seconds
Number of updated asset objects reloaded before import = 0
Number of asset objects unloaded after import = 2
========================================================================
Received Import Request.
  Time since last request: 3.631630 seconds.
  path: Assets/Sprites/Inventory/ShoulderPads/ShoulderPads 2/Shoulder 2 blue.png
  artifactKey: Guid(7533c5334f171004eaf085b82311c883) Importer(815301076,1909f56bfc062723c751e8b465ee728b)
Start importing Assets/Sprites/Inventory/ShoulderPads/ShoulderPads 2/Shoulder 2 blue.png using Guid(7533c5334f171004eaf085b82311c883) Importer(815301076,1909f56bfc062723c751e8b465ee728b)  -> (artifact id: '8f75ceb368d20767b21b255b9166e050') in 0.002270 seconds
Number of updated asset objects reloaded before import = 0
Number of asset objects unloaded after import = 2
========================================================================
Received Import Request.
  Time since last request: 0.000016 seconds.
  path: Assets/Sprites/Inventory/ShoulderPads/ShoulderPads 2/Shoulder 2 red.png
  artifactKey: Guid(458c420bbb712c54aa31e278fe894143) Importer(815301076,1909f56bfc062723c751e8b465ee728b)
Start importing Assets/Sprites/Inventory/ShoulderPads/ShoulderPads 2/Shoulder 2 red.png using Guid(458c420bbb712c54aa31e278fe894143) Importer(815301076,1909f56bfc062723c751e8b465ee728b)  -> (artifact id: 'd225caff94b52d06bc10755431b3f7fe') in 0.001700 seconds
Number of updated asset objects reloaded before import = 0
Number of asset objects unloaded after import = 2
========================================================================
Received Import Request.
  Time since last request: 6.682519 seconds.
  path: Assets/Craft Items/ShoulderPads/ShoulderPads 2/1 ShoulderPads 1 white.asset
  artifactKey: Guid(233354078bb77c740a81a25c4b574887) Importer(815301076,1909f56bfc062723c751e8b465ee728b)
Start importing Assets/Craft Items/ShoulderPads/ShoulderPads 2/1 ShoulderPads 1 white.asset using Guid(233354078bb77c740a81a25c4b574887) Importer(815301076,1909f56bfc062723c751e8b465ee728b)  -> (artifact id: 'cb8959bf0c20478f5fca0007e1c63a27') in 0.004757 seconds
Number of updated asset objects reloaded before import = 0
Number of asset objects unloaded after import = 16
========================================================================
Received Import Request.
  Time since last request: 0.000013 seconds.
  path: Assets/Craft Items/ShoulderPads/ShoulderPads 2/5 ShoulderPads 1 red.asset
  artifactKey: Guid(8ff1bf18f2b61aa478a0f39849f03b4b) Importer(815301076,1909f56bfc062723c751e8b465ee728b)
Start importing Assets/Craft Items/ShoulderPads/ShoulderPads 2/5 ShoulderPads 1 red.asset using Guid(8ff1bf18f2b61aa478a0f39849f03b4b) Importer(815301076,1909f56bfc062723c751e8b465ee728b)  -> (artifact id: '1428c5abf3c8f754e0132f791ac47f02') in 0.002963 seconds
Number of updated asset objects reloaded before import = 0
Number of asset objects unloaded after import = 16
========================================================================
Received Import Request.
  Time since last request: 11.276353 seconds.
  path: Assets/Craft Items/ShoulderPads/ShoulderPads 2/1 Shoulder 2 white.asset
  artifactKey: Guid(233354078bb77c740a81a25c4b574887) Importer(815301076,1909f56bfc062723c751e8b465ee728b)
Start importing Assets/Craft Items/ShoulderPads/ShoulderPads 2/1 Shoulder 2 white.asset using Guid(233354078bb77c740a81a25c4b574887) Importer(815301076,1909f56bfc062723c751e8b465ee728b)  -> (artifact id: 'c50edfab9218b973963e01c148c3160a') in 0.002022 seconds
Number of updated asset objects reloaded before import = 0
Number of asset objects unloaded after import = 16
========================================================================
Received Import Request.
  Time since last request: 8.271635 seconds.
  path: Assets/Craft Items/ShoulderPads/ShoulderPads 2/2 Shoulder 2 green.asset
  artifactKey: Guid(4d4d931c08d2d354f87ed80c920e204f) Importer(815301076,1909f56bfc062723c751e8b465ee728b)
Start importing Assets/Craft Items/ShoulderPads/ShoulderPads 2/2 Shoulder 2 green.asset using Guid(4d4d931c08d2d354f87ed80c920e204f) Importer(815301076,1909f56bfc062723c751e8b465ee728b)  -> (artifact id: '30b7b35f316714b29bab1da1d0b49186') in 0.002027 seconds
Number of updated asset objects reloaded before import = 0
Number of asset objects unloaded after import = 16
========================================================================
Received Import Request.
  Time since last request: 9.926160 seconds.
  path: Assets/Craft Items/ShoulderPads/ShoulderPads 2/3 Shoulder 2 blue.asset
  artifactKey: Guid(795b7b81e6c02cd4ba94a3eed87f4a80) Importer(815301076,1909f56bfc062723c751e8b465ee728b)
Start importing Assets/Craft Items/ShoulderPads/ShoulderPads 2/3 Shoulder 2 blue.asset using Guid(795b7b81e6c02cd4ba94a3eed87f4a80) Importer(815301076,1909f56bfc062723c751e8b465ee728b)  -> (artifact id: 'bd5820dd1e8b9b4d439ed3b9ad965ea9') in 0.002309 seconds
Number of updated asset objects reloaded before import = 0
Number of asset objects unloaded after import = 16
========================================================================
Received Import Request.
  Time since last request: 7.234475 seconds.
  path: Assets/Craft Items/ShoulderPads/ShoulderPads 2/4 Shoulder 2 violet.asset
  artifactKey: Guid(ccf48a22f86542b45b88b64aa2a81798) Importer(815301076,1909f56bfc062723c751e8b465ee728b)
Start importing Assets/Craft Items/ShoulderPads/ShoulderPads 2/4 Shoulder 2 violet.asset using Guid(ccf48a22f86542b45b88b64aa2a81798) Importer(815301076,1909f56bfc062723c751e8b465ee728b)  -> (artifact id: 'e38292afbeb35e0e826026e12df6f4dc') in 0.002183 seconds
Number of updated asset objects reloaded before import = 0
Number of asset objects unloaded after import = 16
========================================================================
Received Import Request.
  Time since last request: 5.887002 seconds.
  path: Assets/Craft Items/ShoulderPads/ShoulderPads 2/5 Shoulder 2 red.asset
  artifactKey: Guid(8ff1bf18f2b61aa478a0f39849f03b4b) Importer(815301076,1909f56bfc062723c751e8b465ee728b)
Start importing Assets/Craft Items/ShoulderPads/ShoulderPads 2/5 Shoulder 2 red.asset using Guid(8ff1bf18f2b61aa478a0f39849f03b4b) Importer(815301076,1909f56bfc062723c751e8b465ee728b)  -> (artifact id: '27e4294fa864db1e2e558d5320453705') in 0.002367 seconds
Number of updated asset objects reloaded before import = 0
Number of asset objects unloaded after import = 16
========================================================================
Received Import Request.
  Time since last request: 47.144036 seconds.
  path: Assets/Prefabs/Items/ShoulderPads/ShoulderPads 2/1 ShoulderPads 1 white.prefab
  artifactKey: Guid(29d91dd3265152549803620eea3baad1) Importer(815301076,1909f56bfc062723c751e8b465ee728b)
Start importing Assets/Prefabs/Items/ShoulderPads/ShoulderPads 2/1 ShoulderPads 1 white.prefab using Guid(29d91dd3265152549803620eea3baad1) Importer(815301076,1909f56bfc062723c751e8b465ee728b)  -> (artifact id: '425ac8abcb03b701012d1470f7520828') in 0.002685 seconds
Number of updated asset objects reloaded before import = 0
Number of asset objects unloaded after import = 25
========================================================================
Received Import Request.
  Time since last request: 0.000037 seconds.
  path: Assets/Prefabs/Items/ShoulderPads/ShoulderPads 2/3 ShoulderPads 1 blue.prefab
  artifactKey: Guid(c43cfd10c1765624a8a6ace35bb54e39) Importer(815301076,1909f56bfc062723c751e8b465ee728b)
Start importing Assets/Prefabs/Items/ShoulderPads/ShoulderPads 2/3 ShoulderPads 1 blue.prefab using Guid(c43cfd10c1765624a8a6ace35bb54e39) Importer(815301076,1909f56bfc062723c751e8b465ee728b)  -> (artifact id: 'eac4041165b9e464d9df766d2117eef9') in 0.003246 seconds
Number of updated asset objects reloaded before import = 0
Number of asset objects unloaded after import = 25
========================================================================
Received Import Request.
  Time since last request: 0.000014 seconds.
  path: Assets/Prefabs/Items/ShoulderPads/ShoulderPads 2/5 ShoulderPads 1 red.prefab
  artifactKey: Guid(95f9645f01f9c50498239ce2e89cf0e9) Importer(815301076,1909f56bfc062723c751e8b465ee728b)
Start importing Assets/Prefabs/Items/ShoulderPads/ShoulderPads 2/5 ShoulderPads 1 red.prefab using Guid(95f9645f01f9c50498239ce2e89cf0e9) Importer(815301076,1909f56bfc062723c751e8b465ee728b)  -> (artifact id: '6e0a1536bc43665ab484de33c76a86ad') in 0.003081 seconds
Number of updated asset objects reloaded before import = 0
Number of asset objects unloaded after import = 25
========================================================================
Received Import Request.
  Time since last request: 11.623989 seconds.
  path: Assets/Prefabs/Items/ShoulderPads/ShoulderPads 2/1 Shoulder 2 white.prefab
  artifactKey: Guid(29d91dd3265152549803620eea3baad1) Importer(815301076,1909f56bfc062723c751e8b465ee728b)
Start importing Assets/Prefabs/Items/ShoulderPads/ShoulderPads 2/1 Shoulder 2 white.prefab using Guid(29d91dd3265152549803620eea3baad1) Importer(815301076,1909f56bfc062723c751e8b465ee728b)  -> (artifact id: '7d576c3661e1fe622022df12edb4d781') in 0.002708 seconds
Number of updated asset objects reloaded before import = 0
Number of asset objects unloaded after import = 25
========================================================================
Received Import Request.
  Time since last request: 8.388188 seconds.
  path: Assets/Prefabs/Items/ShoulderPads/ShoulderPads 2/2 Shoulder 2 green.prefab
  artifactKey: Guid(5fd0c9db5a419b54fbcc27a19c568b2b) Importer(815301076,1909f56bfc062723c751e8b465ee728b)
Start importing Assets/Prefabs/Items/ShoulderPads/ShoulderPads 2/2 Shoulder 2 green.prefab using Guid(5fd0c9db5a419b54fbcc27a19c568b2b) Importer(815301076,1909f56bfc062723c751e8b465ee728b)  -> (artifact id: 'ea47aef7cc828a6b9fbd4771dc6d4f16') in 0.002236 seconds
Number of updated asset objects reloaded before import = 0
Number of asset objects unloaded after import = 25
========================================================================
Received Import Request.
  Time since last request: 9.815585 seconds.
  path: Assets/Prefabs/Items/ShoulderPads/ShoulderPads 2/3 Shoulder 2 blue.prefab
  artifactKey: Guid(c43cfd10c1765624a8a6ace35bb54e39) Importer(815301076,1909f56bfc062723c751e8b465ee728b)
Start importing Assets/Prefabs/Items/ShoulderPads/ShoulderPads 2/3 Shoulder 2 blue.prefab using Guid(c43cfd10c1765624a8a6ace35bb54e39) Importer(815301076,1909f56bfc062723c751e8b465ee728b)  -> (artifact id: '71de9d288e6c7863974cc2c7d4ef7397') in 0.002195 seconds
Number of updated asset objects reloaded before import = 0
Number of asset objects unloaded after import = 25
========================================================================
Received Import Request.
  Time since last request: 9.224946 seconds.
  path: Assets/Prefabs/Items/ShoulderPads/ShoulderPads 2/4 Shoulder 2 violet.prefab
  artifactKey: Guid(6db76b3ab4d025f478f7a9c005014fb3) Importer(815301076,1909f56bfc062723c751e8b465ee728b)
Start importing Assets/Prefabs/Items/ShoulderPads/ShoulderPads 2/4 Shoulder 2 violet.prefab using Guid(6db76b3ab4d025f478f7a9c005014fb3) Importer(815301076,1909f56bfc062723c751e8b465ee728b)  -> (artifact id: '50f47e0d4e683b0100fc01af459169f5') in 0.003055 seconds
Number of updated asset objects reloaded before import = 0
Number of asset objects unloaded after import = 25
========================================================================
Received Import Request.
  Time since last request: 9.182494 seconds.
  path: Assets/Prefabs/Items/ShoulderPads/ShoulderPads 2/5 Shoulder 2 red.prefab
  artifactKey: Guid(95f9645f01f9c50498239ce2e89cf0e9) Importer(815301076,1909f56bfc062723c751e8b465ee728b)
Start importing Assets/Prefabs/Items/ShoulderPads/ShoulderPads 2/5 Shoulder 2 red.prefab using Guid(95f9645f01f9c50498239ce2e89cf0e9) Importer(815301076,1909f56bfc062723c751e8b465ee728b)  -> (artifact id: '4d6a26b7a476b2a7187ce84a9a099ace') in 0.002876 seconds
Number of updated asset objects reloaded before import = 0
Number of asset objects unloaded after import = 25
========================================================================
Received Import Request.
  Time since last request: 5.302723 seconds.
  path: Assets/Prefabs/Items/ShoulderPads/ShoulderPads 2/1 Shoulder 2 white.prefab
  artifactKey: Guid(29d91dd3265152549803620eea3baad1) Importer(815301076,1909f56bfc062723c751e8b465ee728b)
Start importing Assets/Prefabs/Items/ShoulderPads/ShoulderPads 2/1 Shoulder 2 white.prefab using Guid(29d91dd3265152549803620eea3baad1) Importer(815301076,1909f56bfc062723c751e8b465ee728b)  -> (artifact id: '95776ab521a43f92e8e2187a709e55fb') in 0.002623 seconds
Number of updated asset objects reloaded before import = 0
Number of asset objects unloaded after import = 27
========================================================================
Received Import Request.
  Time since last request: 2.760416 seconds.
  path: Assets/Prefabs/Items/ShoulderPads/ShoulderPads 2/2 Shoulder 2 green.prefab
  artifactKey: Guid(5fd0c9db5a419b54fbcc27a19c568b2b) Importer(815301076,1909f56bfc062723c751e8b465ee728b)
Start importing Assets/Prefabs/Items/ShoulderPads/ShoulderPads 2/2 Shoulder 2 green.prefab using Guid(5fd0c9db5a419b54fbcc27a19c568b2b) Importer(815301076,1909f56bfc062723c751e8b465ee728b)  -> (artifact id: '5f27dc0700ede6f07664f1ef19d21c8c') in 0.002663 seconds
Number of updated asset objects reloaded before import = 0
Number of asset objects unloaded after import = 27
========================================================================
Received Import Request.
  Time since last request: 4.879810 seconds.
  path: Assets/Prefabs/Items/ShoulderPads/ShoulderPads 2/3 Shoulder 2 blue.prefab
  artifactKey: Guid(c43cfd10c1765624a8a6ace35bb54e39) Importer(815301076,1909f56bfc062723c751e8b465ee728b)
Start importing Assets/Prefabs/Items/ShoulderPads/ShoulderPads 2/3 Shoulder 2 blue.prefab using Guid(c43cfd10c1765624a8a6ace35bb54e39) Importer(815301076,1909f56bfc062723c751e8b465ee728b)  -> (artifact id: 'a7305f2832bd2db3e1d1bebfaf53cd63') in 0.002535 seconds
Number of updated asset objects reloaded before import = 0
Number of asset objects unloaded after import = 27
========================================================================
Received Import Request.
  Time since last request: 3.359020 seconds.
  path: Assets/Prefabs/Items/ShoulderPads/ShoulderPads 2/4 Shoulder 2 violet.prefab
  artifactKey: Guid(6db76b3ab4d025f478f7a9c005014fb3) Importer(815301076,1909f56bfc062723c751e8b465ee728b)
Start importing Assets/Prefabs/Items/ShoulderPads/ShoulderPads 2/4 Shoulder 2 violet.prefab using Guid(6db76b3ab4d025f478f7a9c005014fb3) Importer(815301076,1909f56bfc062723c751e8b465ee728b)  -> (artifact id: '8d523967169611bd6da4e5bad56bb053') in 0.002569 seconds
Number of updated asset objects reloaded before import = 0
Number of asset objects unloaded after import = 27
========================================================================
Received Import Request.
  Time since last request: 3.928418 seconds.
  path: Assets/Prefabs/Items/ShoulderPads/ShoulderPads 2/4 Shoulder 2 violet.prefab
  artifactKey: Guid(6db76b3ab4d025f478f7a9c005014fb3) Importer(815301076,1909f56bfc062723c751e8b465ee728b)
Start importing Assets/Prefabs/Items/ShoulderPads/ShoulderPads 2/4 Shoulder 2 violet.prefab using Guid(6db76b3ab4d025f478f7a9c005014fb3) Importer(815301076,1909f56bfc062723c751e8b465ee728b)  -> (artifact id: '996765fd3519e32ab5ba2ef7f7c723f3') in 0.002623 seconds
Number of updated asset objects reloaded before import = 0
Number of asset objects unloaded after import = 27
========================================================================
Received Import Request.
  Time since last request: 2.564925 seconds.
  path: Assets/Prefabs/Items/ShoulderPads/ShoulderPads 2/5 Shoulder 2 red.prefab
  artifactKey: Guid(95f9645f01f9c50498239ce2e89cf0e9) Importer(815301076,1909f56bfc062723c751e8b465ee728b)
Start importing Assets/Prefabs/Items/ShoulderPads/ShoulderPads 2/5 Shoulder 2 red.prefab using Guid(95f9645f01f9c50498239ce2e89cf0e9) Importer(815301076,1909f56bfc062723c751e8b465ee728b)  -> (artifact id: '7334ef27c484f88af21b0c4509bb771e') in 0.002391 seconds
Number of updated asset objects reloaded before import = 0
Number of asset objects unloaded after import = 27
========================================================================
Received Import Request.
  Time since last request: 29.370700 seconds.
  path: Assets/Craft Items/RIng/RIng 4/1 RIng 4 white.asset
  artifactKey: Guid(d2e1f22cdde128844bf6b594a6d3723f) Importer(815301076,1909f56bfc062723c751e8b465ee728b)
Start importing Assets/Craft Items/RIng/RIng 4/1 RIng 4 white.asset using Guid(d2e1f22cdde128844bf6b594a6d3723f) Importer(815301076,1909f56bfc062723c751e8b465ee728b)  -> (artifact id: 'cc3ada8e50bf15b5488daddef3a3a3f2') in 0.003059 seconds
Number of updated asset objects reloaded before import = 0
Number of asset objects unloaded after import = 15
========================================================================
Received Import Request.
  Time since last request: 0.000025 seconds.
  path: Assets/Craft Items/ShoulderPads/ShoulderPads 1/1 ShoulderPads 1 white.asset
  artifactKey: Guid(0d5fadac9bd65eb46a4c22cc602d4776) Importer(815301076,1909f56bfc062723c751e8b465ee728b)
Start importing Assets/Craft Items/ShoulderPads/ShoulderPads 1/1 ShoulderPads 1 white.asset using Guid(0d5fadac9bd65eb46a4c22cc602d4776) Importer(815301076,1909f56bfc062723c751e8b465ee728b)  -> (artifact id: '15504e76e96e79936fd97b42242e8939') in 0.002188 seconds
Number of updated asset objects reloaded before import = 0
Number of asset objects unloaded after import = 15
========================================================================
Received Import Request.
  Time since last request: 0.847175 seconds.
  path: Assets/Craft Items/ShoulderPads/ShoulderPads 2/2 Shoulder 2 green.asset
  artifactKey: Guid(4d4d931c08d2d354f87ed80c920e204f) Importer(815301076,1909f56bfc062723c751e8b465ee728b)
Start importing Assets/Craft Items/ShoulderPads/ShoulderPads 2/2 Shoulder 2 green.asset using Guid(4d4d931c08d2d354f87ed80c920e204f) Importer(815301076,1909f56bfc062723c751e8b465ee728b)  -> (artifact id: 'ffb12a70ccbdd3c90f76b7c27ec674fd') in 0.003431 seconds
Number of updated asset objects reloaded before import = 0
Number of asset objects unloaded after import = 17
========================================================================
Received Import Request.
  Time since last request: 0.000019 seconds.
  path: Assets/Craft Items/ShoulderPads/ShoulderPads 2/3 Shoulder 2 blue.asset
  artifactKey: Guid(795b7b81e6c02cd4ba94a3eed87f4a80) Importer(815301076,1909f56bfc062723c751e8b465ee728b)
Start importing Assets/Craft Items/ShoulderPads/ShoulderPads 2/3 Shoulder 2 blue.asset using Guid(795b7b81e6c02cd4ba94a3eed87f4a80) Importer(815301076,1909f56bfc062723c751e8b465ee728b)  -> (artifact id: 'ccb9d5c7edc578e9277bfa40e197abd9') in 0.002325 seconds
Number of updated asset objects reloaded before import = 0
Number of asset objects unloaded after import = 17
========================================================================
Received Import Request.
  Time since last request: 1.872112 seconds.
  path: Assets/Prefabs/Items/ShoulderPads/ShoulderPads 2/1 Shoulder 2 white.prefab
  artifactKey: Guid(29d91dd3265152549803620eea3baad1) Importer(815301076,1909f56bfc062723c751e8b465ee728b)
Start importing Assets/Prefabs/Items/ShoulderPads/ShoulderPads 2/1 Shoulder 2 white.prefab using Guid(29d91dd3265152549803620eea3baad1) Importer(815301076,1909f56bfc062723c751e8b465ee728b)  -> (artifact id: '2ccabed150070d561e88645eff385896') in 0.002786 seconds
Number of updated asset objects reloaded before import = 0
Number of asset objects unloaded after import = 28
========================================================================
Received Import Request.
  Time since last request: 8.647441 seconds.
  path: Assets/Craft Items/RIng/RIng 4/2 RIng 4 green.asset
  artifactKey: Guid(61b08b999409d314ba2e9a4e0b595991) Importer(815301076,1909f56bfc062723c751e8b465ee728b)
Start importing Assets/Craft Items/RIng/RIng 4/2 RIng 4 green.asset using Guid(61b08b999409d314ba2e9a4e0b595991) Importer(815301076,1909f56bfc062723c751e8b465ee728b)  -> (artifact id: '854f41bb7b8f0d07111fd4bfb9d736d9') in 0.002168 seconds
Number of updated asset objects reloaded before import = 0
Number of asset objects unloaded after import = 15
========================================================================
Received Import Request.
  Time since last request: 3.336620 seconds.
  path: Assets/Prefabs/Items/ShoulderPads/ShoulderPads 2/2 Shoulder 2 green.prefab
  artifactKey: Guid(5fd0c9db5a419b54fbcc27a19c568b2b) Importer(815301076,1909f56bfc062723c751e8b465ee728b)
Start importing Assets/Prefabs/Items/ShoulderPads/ShoulderPads 2/2 Shoulder 2 green.prefab using Guid(5fd0c9db5a419b54fbcc27a19c568b2b) Importer(815301076,1909f56bfc062723c751e8b465ee728b)  -> (artifact id: '5b468814cec86c09dbda9615c6bd1b71') in 0.003242 seconds
Number of updated asset objects reloaded before import = 0
Number of asset objects unloaded after import = 28
========================================================================
Received Import Request.
  Time since last request: 5.743530 seconds.
  path: Assets/Craft Items/RIng/RIng 4/3 RIng 4 blue.asset
  artifactKey: Guid(67c3d5eca63c196409e23d2479958c74) Importer(815301076,1909f56bfc062723c751e8b465ee728b)
Start importing Assets/Craft Items/RIng/RIng 4/3 RIng 4 blue.asset using Guid(67c3d5eca63c196409e23d2479958c74) Importer(815301076,1909f56bfc062723c751e8b465ee728b)  -> (artifact id: 'b766386d34a2e1160db94bc700505f90') in 0.002043 seconds
Number of updated asset objects reloaded before import = 0
Number of asset objects unloaded after import = 15
========================================================================
Received Import Request.
  Time since last request: 2.664412 seconds.
  path: Assets/Prefabs/Items/ShoulderPads/ShoulderPads 2/3 Shoulder 2 blue.prefab
  artifactKey: Guid(c43cfd10c1765624a8a6ace35bb54e39) Importer(815301076,1909f56bfc062723c751e8b465ee728b)
Start importing Assets/Prefabs/Items/ShoulderPads/ShoulderPads 2/3 Shoulder 2 blue.prefab using Guid(c43cfd10c1765624a8a6ace35bb54e39) Importer(815301076,1909f56bfc062723c751e8b465ee728b)  -> (artifact id: 'ed90790e0285f076fa17d8a73d3f33df') in 0.002515 seconds
Number of updated asset objects reloaded before import = 0
Number of asset objects unloaded after import = 28
========================================================================
Received Import Request.
  Time since last request: 4.880589 seconds.
  path: Assets/Craft Items/RIng/RIng 4/4 RIng 4 violet.asset
  artifactKey: Guid(3aac2dca2bc8b2f45847c4a68621bbb6) Importer(815301076,1909f56bfc062723c751e8b465ee728b)
Start importing Assets/Craft Items/RIng/RIng 4/4 RIng 4 violet.asset using Guid(3aac2dca2bc8b2f45847c4a68621bbb6) Importer(815301076,1909f56bfc062723c751e8b465ee728b)  -> (artifact id: '07f0b9bb40f70daf9377244a29ad6a89') in 0.002444 seconds
Number of updated asset objects reloaded before import = 0
Number of asset objects unloaded after import = 15
========================================================================
Received Import Request.
  Time since last request: 1.976405 seconds.
  path: Assets/Prefabs/Items/ShoulderPads/ShoulderPads 2/4 Shoulder 2 violet.prefab
  artifactKey: Guid(6db76b3ab4d025f478f7a9c005014fb3) Importer(815301076,1909f56bfc062723c751e8b465ee728b)
Start importing Assets/Prefabs/Items/ShoulderPads/ShoulderPads 2/4 Shoulder 2 violet.prefab using Guid(6db76b3ab4d025f478f7a9c005014fb3) Importer(815301076,1909f56bfc062723c751e8b465ee728b)  -> (artifact id: 'da7cc41938d3897a44980157577c921c') in 0.002732 seconds
Number of updated asset objects reloaded before import = 0
Number of asset objects unloaded after import = 28
========================================================================
Received Import Request.
  Time since last request: 1.876134 seconds.
  path: Assets/Craft Items/RIng/RIng 4/5 RIng 4 red.asset
  artifactKey: Guid(3cce71409a6016e4bb06ae19755aae36) Importer(815301076,1909f56bfc062723c751e8b465ee728b)
Start importing Assets/Craft Items/RIng/RIng 4/5 RIng 4 red.asset using Guid(3cce71409a6016e4bb06ae19755aae36) Importer(815301076,1909f56bfc062723c751e8b465ee728b)  -> (artifact id: '8b8bb55773e5e80018751b7bc9bb5686') in 0.002361 seconds
Number of updated asset objects reloaded before import = 0
Number of asset objects unloaded after import = 15
========================================================================
Received Import Request.
  Time since last request: 1.427517 seconds.
  path: Assets/Prefabs/Items/ShoulderPads/ShoulderPads 2/5 Shoulder 2 red.prefab
  artifactKey: Guid(95f9645f01f9c50498239ce2e89cf0e9) Importer(815301076,1909f56bfc062723c751e8b465ee728b)
Start importing Assets/Prefabs/Items/ShoulderPads/ShoulderPads 2/5 Shoulder 2 red.prefab using Guid(95f9645f01f9c50498239ce2e89cf0e9) Importer(815301076,1909f56bfc062723c751e8b465ee728b)  -> (artifact id: 'a5ff652e10b9ed54d9b7cbd0a5cc9317') in 0.002543 seconds
Number of updated asset objects reloaded before import = 0
Number of asset objects unloaded after import = 28
========================================================================
Received Import Request.
  Time since last request: 36.580357 seconds.
  path: Assets/Craft Items/ShoulderPads/ShoulderPads 3/1 Shoulder 2 white.asset
  artifactKey: Guid(257a6d8943e1bf94eab8a24a047fcf0b) Importer(815301076,1909f56bfc062723c751e8b465ee728b)
Start importing Assets/Craft Items/ShoulderPads/ShoulderPads 3/1 Shoulder 2 white.asset using Guid(257a6d8943e1bf94eab8a24a047fcf0b) Importer(815301076,1909f56bfc062723c751e8b465ee728b)  -> (artifact id: '99dd08195031caf16fc48291615149c6') in 0.003821 seconds
Number of updated asset objects reloaded before import = 0
Number of asset objects unloaded after import = 16
========================================================================
Received Import Request.
  Time since last request: 0.000024 seconds.
  path: Assets/Craft Items/ShoulderPads/ShoulderPads 3/5 Shoulder 2 red.asset
  artifactKey: Guid(1badbee65360e9f488849d3035a6980c) Importer(815301076,1909f56bfc062723c751e8b465ee728b)
Start importing Assets/Craft Items/ShoulderPads/ShoulderPads 3/5 Shoulder 2 red.asset using Guid(1badbee65360e9f488849d3035a6980c) Importer(815301076,1909f56bfc062723c751e8b465ee728b)  -> (artifact id: 'fddee58e40d683c0a050c319e2f449be') in 0.002886 seconds
Number of updated asset objects reloaded before import = 0
Number of asset objects unloaded after import = 16
========================================================================
Received Import Request.
  Time since last request: 0.000016 seconds.
  path: Assets/Craft Items/ShoulderPads/ShoulderPads 3/4 Shoulder 2 violet.asset
  artifactKey: Guid(c2e76933aa1e96a499703e241be5426c) Importer(815301076,1909f56bfc062723c751e8b465ee728b)
Start importing Assets/Craft Items/ShoulderPads/ShoulderPads 3/4 Shoulder 2 violet.asset using Guid(c2e76933aa1e96a499703e241be5426c) Importer(815301076,1909f56bfc062723c751e8b465ee728b)  -> (artifact id: 'aa80d1d24c2a3db017da2cb7d68a0525') in 0.002928 seconds
Number of updated asset objects reloaded before import = 0
Number of asset objects unloaded after import = 16
========================================================================
Received Import Request.
  Time since last request: 6.160819 seconds.
  path: Assets/Craft Items/ShoulderPads/ShoulderPads 3/1 Shoulder 3 white.asset
  artifactKey: Guid(257a6d8943e1bf94eab8a24a047fcf0b) Importer(815301076,1909f56bfc062723c751e8b465ee728b)
Start importing Assets/Craft Items/ShoulderPads/ShoulderPads 3/1 Shoulder 3 white.asset using Guid(257a6d8943e1bf94eab8a24a047fcf0b) Importer(815301076,1909f56bfc062723c751e8b465ee728b)  -> (artifact id: '6cc759f689ecb6134edbf781d22aefa2') in 0.002416 seconds
Number of updated asset objects reloaded before import = 0
Number of asset objects unloaded after import = 16
========================================================================
Received Import Request.
  Time since last request: 3.603486 seconds.
  path: Assets/Craft Items/ShoulderPads/ShoulderPads 3/2 Shoulder 3 green.asset
  artifactKey: Guid(ea3f8aa10d8303e4ab5ec4c93f3c76d3) Importer(815301076,1909f56bfc062723c751e8b465ee728b)
Start importing Assets/Craft Items/ShoulderPads/ShoulderPads 3/2 Shoulder 3 green.asset using Guid(ea3f8aa10d8303e4ab5ec4c93f3c76d3) Importer(815301076,1909f56bfc062723c751e8b465ee728b)  -> (artifact id: '138591d28c37835477ecde5a1cf79d26') in 0.002118 seconds
Number of updated asset objects reloaded before import = 0
Number of asset objects unloaded after import = 16
========================================================================
Received Import Request.
  Time since last request: 4.205357 seconds.
  path: Assets/Craft Items/ShoulderPads/ShoulderPads 3/3 Shoulder 3 blue.asset
  artifactKey: Guid(482587dbef2e422449be0ddb842ceae3) Importer(815301076,1909f56bfc062723c751e8b465ee728b)
Start importing Assets/Craft Items/ShoulderPads/ShoulderPads 3/3 Shoulder 3 blue.asset using Guid(482587dbef2e422449be0ddb842ceae3) Importer(815301076,1909f56bfc062723c751e8b465ee728b)  -> (artifact id: '129371ea1d827e2878e795aaf9a4f33a') in 0.002174 seconds
Number of updated asset objects reloaded before import = 0
Number of asset objects unloaded after import = 16
========================================================================
Received Import Request.
  Time since last request: 2.813878 seconds.
  path: Assets/Craft Items/ShoulderPads/ShoulderPads 3/4 Shoulder 3 violet.asset
  artifactKey: Guid(c2e76933aa1e96a499703e241be5426c) Importer(815301076,1909f56bfc062723c751e8b465ee728b)
Start importing Assets/Craft Items/ShoulderPads/ShoulderPads 3/4 Shoulder 3 violet.asset using Guid(c2e76933aa1e96a499703e241be5426c) Importer(815301076,1909f56bfc062723c751e8b465ee728b)  -> (artifact id: 'b7aaee947f7bee137d272790cb450e18') in 0.002422 seconds
Number of updated asset objects reloaded before import = 0
Number of asset objects unloaded after import = 16
========================================================================
Received Import Request.
  Time since last request: 3.669571 seconds.
  path: Assets/Craft Items/ShoulderPads/ShoulderPads 3/5 Shoulder 3 red.asset
  artifactKey: Guid(1badbee65360e9f488849d3035a6980c) Importer(815301076,1909f56bfc062723c751e8b465ee728b)
Start importing Assets/Craft Items/ShoulderPads/ShoulderPads 3/5 Shoulder 3 red.asset using Guid(1badbee65360e9f488849d3035a6980c) Importer(815301076,1909f56bfc062723c751e8b465ee728b)  -> (artifact id: '74a5f0ba445dbe15d76ce94b60342255') in 0.002203 seconds
Number of updated asset objects reloaded before import = 0
Number of asset objects unloaded after import = 16
========================================================================
Received Import Request.
  Time since last request: 24.829591 seconds.
  path: Assets/Sprites/Inventory/ShoulderPads/ShoulderPads 3
  artifactKey: Guid(0e79d3080f62280498b07f3f6a8ff2de) Importer(815301076,1909f56bfc062723c751e8b465ee728b)
Start importing Assets/Sprites/Inventory/ShoulderPads/ShoulderPads 3 using Guid(0e79d3080f62280498b07f3f6a8ff2de) Importer(815301076,1909f56bfc062723c751e8b465ee728b)  -> (artifact id: '4cde01043cd47f8fbb3bb32e127aad17') in 0.000486 seconds
Number of updated asset objects reloaded before import = 0
Number of asset objects unloaded after import = 0
========================================================================
Received Import Request.
  Time since last request: 144.563809 seconds.
  path: Assets/Sprites/Inventory/ShoulderPads/ShoulderPads 3/Shoulder 3 blue.png
  artifactKey: Guid(28c76c979d47e1a4f8055784ae5caccc) Importer(815301076,1909f56bfc062723c751e8b465ee728b)
Start importing Assets/Sprites/Inventory/ShoulderPads/ShoulderPads 3/Shoulder 3 blue.png using Guid(28c76c979d47e1a4f8055784ae5caccc) Importer(815301076,1909f56bfc062723c751e8b465ee728b)  -> (artifact id: '3af90372060f00fe1e94ad7d77770e2e') in 0.002825 seconds
Number of updated asset objects reloaded before import = 0
Number of asset objects unloaded after import = 2
========================================================================
Received Import Request.
  Time since last request: 0.000027 seconds.
  path: Assets/Sprites/Inventory/ShoulderPads/ShoulderPads 3/Shoulder 3 violet.png
  artifactKey: Guid(d70c69f492a169947bfe699b2cface64) Importer(815301076,1909f56bfc062723c751e8b465ee728b)
Start importing Assets/Sprites/Inventory/ShoulderPads/ShoulderPads 3/Shoulder 3 violet.png using Guid(d70c69f492a169947bfe699b2cface64) Importer(815301076,1909f56bfc062723c751e8b465ee728b)  -> (artifact id: 'd444100281cea95a79f667ecf4bf6064') in 0.002288 seconds
Number of updated asset objects reloaded before import = 0
Number of asset objects unloaded after import = 2
========================================================================
Received Import Request.
  Time since last request: 0.000018 seconds.
  path: Assets/Sprites/Inventory/ShoulderPads/ShoulderPads 3/Shoulder 3 red.png
  artifactKey: Guid(467ef0d599a3c164c905074a06a089f1) Importer(815301076,1909f56bfc062723c751e8b465ee728b)
Start importing Assets/Sprites/Inventory/ShoulderPads/ShoulderPads 3/Shoulder 3 red.png using Guid(467ef0d599a3c164c905074a06a089f1) Importer(815301076,1909f56bfc062723c751e8b465ee728b)  -> (artifact id: '75ff674c32025b7fdab4c8511a6caa40') in 0.003187 seconds
Number of updated asset objects reloaded before import = 0
Number of asset objects unloaded after import = 2
========================================================================
Received Import Request.
  Time since last request: 0.000039 seconds.
  path: Assets/Sprites/Inventory/ShoulderPads/ShoulderPads 3/Shoulder 3 white.png
  artifactKey: Guid(f4477639e2513774788d54854ffb605a) Importer(815301076,1909f56bfc062723c751e8b465ee728b)
Start importing Assets/Sprites/Inventory/ShoulderPads/ShoulderPads 3/Shoulder 3 white.png using Guid(f4477639e2513774788d54854ffb605a) Importer(815301076,1909f56bfc062723c751e8b465ee728b)  -> (artifact id: 'c3dd958c3e4bcb3c1a62dc474d47249a') in 0.001928 seconds
Number of updated asset objects reloaded before import = 0
Number of asset objects unloaded after import = 2
========================================================================
Received Import Request.
  Time since last request: 3.510725 seconds.
  path: Assets/Sprites/Inventory/ShoulderPads/ShoulderPads 3/Shoulder 3 blue.png
  artifactKey: Guid(28c76c979d47e1a4f8055784ae5caccc) Importer(815301076,1909f56bfc062723c751e8b465ee728b)
Start importing Assets/Sprites/Inventory/ShoulderPads/ShoulderPads 3/Shoulder 3 blue.png using Guid(28c76c979d47e1a4f8055784ae5caccc) Importer(815301076,1909f56bfc062723c751e8b465ee728b)  -> (artifact id: '336f7880f27fb469e25d15937ccfbd0d') in 0.001470 seconds
Number of updated asset objects reloaded before import = 0
Number of asset objects unloaded after import = 2
========================================================================
Received Import Request.
  Time since last request: 0.000013 seconds.
  path: Assets/Sprites/Inventory/ShoulderPads/ShoulderPads 3/Shoulder 3 red.png
  artifactKey: Guid(467ef0d599a3c164c905074a06a089f1) Importer(815301076,1909f56bfc062723c751e8b465ee728b)
Start importing Assets/Sprites/Inventory/ShoulderPads/ShoulderPads 3/Shoulder 3 red.png using Guid(467ef0d599a3c164c905074a06a089f1) Importer(815301076,1909f56bfc062723c751e8b465ee728b)  -> (artifact id: '052ffc5840de53ac3e44cf1b9abb397d') in 0.001856 seconds
Number of updated asset objects reloaded before import = 0
Number of asset objects unloaded after import = 2
========================================================================
Received Import Request.
  Time since last request: 0.000020 seconds.
  path: Assets/Sprites/Inventory/ShoulderPads/ShoulderPads 3/Shoulder 3 white.png
  artifactKey: Guid(f4477639e2513774788d54854ffb605a) Importer(815301076,1909f56bfc062723c751e8b465ee728b)
Start importing Assets/Sprites/Inventory/ShoulderPads/ShoulderPads 3/Shoulder 3 white.png using Guid(f4477639e2513774788d54854ffb605a) Importer(815301076,1909f56bfc062723c751e8b465ee728b)  -> (artifact id: '1edc80ea8c58a72a13fba353c859e738') in 0.001799 seconds
Number of updated asset objects reloaded before import = 0
Number of asset objects unloaded after import = 2
========================================================================
Received Import Request.
  Time since last request: 4.513841 seconds.
  path: Assets/Prefabs/Items/ShoulderPads/ShoulderPads 3/1 Shoulder 2 white.prefab
  artifactKey: Guid(85b6373c773229947b6e3d66655526a1) Importer(815301076,1909f56bfc062723c751e8b465ee728b)
Start importing Assets/Prefabs/Items/ShoulderPads/ShoulderPads 3/1 Shoulder 2 white.prefab using Guid(85b6373c773229947b6e3d66655526a1) Importer(815301076,1909f56bfc062723c751e8b465ee728b)  -> (artifact id: 'b0e63b13405bcbadc6cebed8e5fb0bb7') in 0.003645 seconds
Number of updated asset objects reloaded before import = 0
Number of asset objects unloaded after import = 25
========================================================================
Received Import Request.
  Time since last request: 0.000013 seconds.
  path: Assets/Prefabs/Items/ShoulderPads/ShoulderPads 3/5 Shoulder 2 red.prefab
  artifactKey: Guid(2e7ea921d91d4084e93ea60ebe6cdbd4) Importer(815301076,1909f56bfc062723c751e8b465ee728b)
Start importing Assets/Prefabs/Items/ShoulderPads/ShoulderPads 3/5 Shoulder 2 red.prefab using Guid(2e7ea921d91d4084e93ea60ebe6cdbd4) Importer(815301076,1909f56bfc062723c751e8b465ee728b)  -> (artifact id: '49a4d13a68da13a85194ab77c32be78f') in 0.003819 seconds
Number of updated asset objects reloaded before import = 0
Number of asset objects unloaded after import = 25
========================================================================
Received Import Request.
  Time since last request: 6.835157 seconds.
  path: Assets/Prefabs/Items/ShoulderPads/ShoulderPads 3/1 Shoulder 3 white.prefab
  artifactKey: Guid(85b6373c773229947b6e3d66655526a1) Importer(815301076,1909f56bfc062723c751e8b465ee728b)
Start importing Assets/Prefabs/Items/ShoulderPads/ShoulderPads 3/1 Shoulder 3 white.prefab using Guid(85b6373c773229947b6e3d66655526a1) Importer(815301076,1909f56bfc062723c751e8b465ee728b)  -> (artifact id: '7aa133b85a7b7e4da93ad539085cfb33') in 0.002729 seconds
Number of updated asset objects reloaded before import = 0
Number of asset objects unloaded after import = 25
========================================================================
Received Import Request.
  Time since last request: 5.909987 seconds.
  path: Assets/Prefabs/Items/ShoulderPads/ShoulderPads 3/2 Shoulder 3 green.prefab
  artifactKey: Guid(76257c649dd0be24f9c7b963eb6c310d) Importer(815301076,1909f56bfc062723c751e8b465ee728b)
Start importing Assets/Prefabs/Items/ShoulderPads/ShoulderPads 3/2 Shoulder 3 green.prefab using Guid(76257c649dd0be24f9c7b963eb6c310d) Importer(815301076,1909f56bfc062723c751e8b465ee728b)  -> (artifact id: '1444e2dd6692f4951f6e70c57b1eac4d') in 0.003064 seconds
Number of updated asset objects reloaded before import = 0
Number of asset objects unloaded after import = 25
========================================================================
Received Import Request.
  Time since last request: 4.591814 seconds.
  path: Assets/Prefabs/Items/ShoulderPads/ShoulderPads 3/3 Shoulder 3 blue.prefab
  artifactKey: Guid(ae753588c7c379e4d970b778ef558507) Importer(815301076,1909f56bfc062723c751e8b465ee728b)
Start importing Assets/Prefabs/Items/ShoulderPads/ShoulderPads 3/3 Shoulder 3 blue.prefab using Guid(ae753588c7c379e4d970b778ef558507) Importer(815301076,1909f56bfc062723c751e8b465ee728b)  -> (artifact id: '2645af5f215d4fb44dc6f94fbea303cc') in 0.002296 seconds
Number of updated asset objects reloaded before import = 0
Number of asset objects unloaded after import = 25
========================================================================
Received Import Request.
  Time since last request: 3.444986 seconds.
  path: Assets/Prefabs/Items/ShoulderPads/ShoulderPads 3/4 Shoulder 3 violet.prefab
  artifactKey: Guid(491d3780b9a2f5e4fb79e3f36a4c9ca2) Importer(815301076,1909f56bfc062723c751e8b465ee728b)
Start importing Assets/Prefabs/Items/ShoulderPads/ShoulderPads 3/4 Shoulder 3 violet.prefab using Guid(491d3780b9a2f5e4fb79e3f36a4c9ca2) Importer(815301076,1909f56bfc062723c751e8b465ee728b)  -> (artifact id: 'fa33a2d3fd59726cb36b840a80b2575a') in 0.002240 seconds
Number of updated asset objects reloaded before import = 0
Number of asset objects unloaded after import = 25
========================================================================
Received Import Request.
  Time since last request: 2.803152 seconds.
  path: Assets/Prefabs/Items/ShoulderPads/ShoulderPads 3/5 Shoulder 3 red.prefab
  artifactKey: Guid(2e7ea921d91d4084e93ea60ebe6cdbd4) Importer(815301076,1909f56bfc062723c751e8b465ee728b)
Start importing Assets/Prefabs/Items/ShoulderPads/ShoulderPads 3/5 Shoulder 3 red.prefab using Guid(2e7ea921d91d4084e93ea60ebe6cdbd4) Importer(815301076,1909f56bfc062723c751e8b465ee728b)  -> (artifact id: '0934739979501b359284002b66b93701') in 0.002214 seconds
Number of updated asset objects reloaded before import = 0
Number of asset objects unloaded after import = 25
========================================================================
Received Import Request.
  Time since last request: 10.730755 seconds.
  path: Assets/Prefabs/Items/ShoulderPads/ShoulderPads 3/1 Shoulder 3 white.prefab
  artifactKey: Guid(85b6373c773229947b6e3d66655526a1) Importer(815301076,1909f56bfc062723c751e8b465ee728b)
Start importing Assets/Prefabs/Items/ShoulderPads/ShoulderPads 3/1 Shoulder 3 white.prefab using Guid(85b6373c773229947b6e3d66655526a1) Importer(815301076,1909f56bfc062723c751e8b465ee728b)  -> (artifact id: '13582e203bcdfa5c755cc544e277fd87') in 0.002956 seconds
Number of updated asset objects reloaded before import = 0
Number of asset objects unloaded after import = 27
========================================================================
Received Import Request.
  Time since last request: 3.041015 seconds.
  path: Assets/Prefabs/Items/ShoulderPads/ShoulderPads 3/2 Shoulder 3 green.prefab
  artifactKey: Guid(76257c649dd0be24f9c7b963eb6c310d) Importer(815301076,1909f56bfc062723c751e8b465ee728b)
Start importing Assets/Prefabs/Items/ShoulderPads/ShoulderPads 3/2 Shoulder 3 green.prefab using Guid(76257c649dd0be24f9c7b963eb6c310d) Importer(815301076,1909f56bfc062723c751e8b465ee728b)  -> (artifact id: '793a90a48d4bcd95e34032d7b0b29378') in 0.003188 seconds
Number of updated asset objects reloaded before import = 0
Number of asset objects unloaded after import = 27
========================================================================
Received Import Request.
  Time since last request: 3.314954 seconds.
  path: Assets/Prefabs/Items/ShoulderPads/ShoulderPads 3/3 Shoulder 3 blue.prefab
  artifactKey: Guid(ae753588c7c379e4d970b778ef558507) Importer(815301076,1909f56bfc062723c751e8b465ee728b)
Start importing Assets/Prefabs/Items/ShoulderPads/ShoulderPads 3/3 Shoulder 3 blue.prefab using Guid(ae753588c7c379e4d970b778ef558507) Importer(815301076,1909f56bfc062723c751e8b465ee728b)  -> (artifact id: '8b66c3aecf3a581276d613b3c436d797') in 0.002817 seconds
Number of updated asset objects reloaded before import = 0
Number of asset objects unloaded after import = 27
========================================================================
Received Import Request.
  Time since last request: 2.669759 seconds.
  path: Assets/Prefabs/Items/ShoulderPads/ShoulderPads 3/4 Shoulder 3 violet.prefab
  artifactKey: Guid(491d3780b9a2f5e4fb79e3f36a4c9ca2) Importer(815301076,1909f56bfc062723c751e8b465ee728b)
Start importing Assets/Prefabs/Items/ShoulderPads/ShoulderPads 3/4 Shoulder 3 violet.prefab using Guid(491d3780b9a2f5e4fb79e3f36a4c9ca2) Importer(815301076,1909f56bfc062723c751e8b465ee728b)  -> (artifact id: 'b64a3865779a869585354b460c270442') in 0.002700 seconds
Number of updated asset objects reloaded before import = 0
Number of asset objects unloaded after import = 27
========================================================================
Received Import Request.
  Time since last request: 2.493006 seconds.
  path: Assets/Prefabs/Items/ShoulderPads/ShoulderPads 3/5 Shoulder 3 red.prefab
  artifactKey: Guid(2e7ea921d91d4084e93ea60ebe6cdbd4) Importer(815301076,1909f56bfc062723c751e8b465ee728b)
Start importing Assets/Prefabs/Items/ShoulderPads/ShoulderPads 3/5 Shoulder 3 red.prefab using Guid(2e7ea921d91d4084e93ea60ebe6cdbd4) Importer(815301076,1909f56bfc062723c751e8b465ee728b)  -> (artifact id: 'c4a8a97673284aa005e613c91467f209') in 0.002962 seconds
Number of updated asset objects reloaded before import = 0
Number of asset objects unloaded after import = 27
========================================================================
Received Import Request.
  Time since last request: 1.388470 seconds.
  path: Assets/Prefabs/Items/ShoulderPads/ShoulderPads 3/5 Shoulder 3 red.prefab
  artifactKey: Guid(2e7ea921d91d4084e93ea60ebe6cdbd4) Importer(815301076,1909f56bfc062723c751e8b465ee728b)
Start importing Assets/Prefabs/Items/ShoulderPads/ShoulderPads 3/5 Shoulder 3 red.prefab using Guid(2e7ea921d91d4084e93ea60ebe6cdbd4) Importer(815301076,1909f56bfc062723c751e8b465ee728b)  -> (artifact id: 'ef57e797311c6c2c4015cb36eb550bf9') in 0.002904 seconds
Number of updated asset objects reloaded before import = 0
Number of asset objects unloaded after import = 27
========================================================================
Received Import Request.
  Time since last request: 7.401564 seconds.
  path: Assets/Craft Items/ShoulderPads/ShoulderPads 3/1 Shoulder 3 white.asset
  artifactKey: Guid(257a6d8943e1bf94eab8a24a047fcf0b) Importer(815301076,1909f56bfc062723c751e8b465ee728b)
Start importing Assets/Craft Items/ShoulderPads/ShoulderPads 3/1 Shoulder 3 white.asset using Guid(257a6d8943e1bf94eab8a24a047fcf0b) Importer(815301076,1909f56bfc062723c751e8b465ee728b)  -> (artifact id: '65275abd1ac0ec3ed114313200dd742b') in 0.003262 seconds
Number of updated asset objects reloaded before import = 0
Number of asset objects unloaded after import = 16
========================================================================
Received Import Request.
  Time since last request: 0.000020 seconds.
  path: Assets/Craft Items/ShoulderPads/ShoulderPads 3/5 Shoulder 3 red.asset
  artifactKey: Guid(1badbee65360e9f488849d3035a6980c) Importer(815301076,1909f56bfc062723c751e8b465ee728b)
Start importing Assets/Craft Items/ShoulderPads/ShoulderPads 3/5 Shoulder 3 red.asset using Guid(1badbee65360e9f488849d3035a6980c) Importer(815301076,1909f56bfc062723c751e8b465ee728b)  -> (artifact id: '77a60d4c8abbdef2cdf1ba9627a2db32') in 0.002457 seconds
Number of updated asset objects reloaded before import = 0
Number of asset objects unloaded after import = 16
========================================================================
Received Import Request.
  Time since last request: 49.514364 seconds.
  path: Assets/Craft Items/ShoulderPads/ShoulderPads 2/1 Shoulder 2 white.asset
  artifactKey: Guid(233354078bb77c740a81a25c4b574887) Importer(815301076,1909f56bfc062723c751e8b465ee728b)
Start importing Assets/Craft Items/ShoulderPads/ShoulderPads 2/1 Shoulder 2 white.asset using Guid(233354078bb77c740a81a25c4b574887) Importer(815301076,1909f56bfc062723c751e8b465ee728b)  -> (artifact id: '148fcacf1713d55f595e7176f5f39226') in 0.002278 seconds
Number of updated asset objects reloaded before import = 0
Number of asset objects unloaded after import = 15
========================================================================
Received Import Request.
  Time since last request: 0.732622 seconds.
  path: Assets/Craft Items/ShoulderPads/ShoulderPads 2/3 Shoulder 2 blue.asset
  artifactKey: Guid(795b7b81e6c02cd4ba94a3eed87f4a80) Importer(815301076,1909f56bfc062723c751e8b465ee728b)
Start importing Assets/Craft Items/ShoulderPads/ShoulderPads 2/3 Shoulder 2 blue.asset using Guid(795b7b81e6c02cd4ba94a3eed87f4a80) Importer(815301076,1909f56bfc062723c751e8b465ee728b)  -> (artifact id: 'e2f76b3c56b8682c2ddfc4887fab7a9f') in 0.002729 seconds
Number of updated asset objects reloaded before import = 0
Number of asset objects unloaded after import = 15
========================================================================
Received Import Request.
  Time since last request: 1.356734 seconds.
  path: Assets/Prefabs/Items/ShoulderPads/ShoulderPads 3/1 Shoulder 3 white.prefab
  artifactKey: Guid(85b6373c773229947b6e3d66655526a1) Importer(815301076,1909f56bfc062723c751e8b465ee728b)
Start importing Assets/Prefabs/Items/ShoulderPads/ShoulderPads 3/1 Shoulder 3 white.prefab using Guid(85b6373c773229947b6e3d66655526a1) Importer(815301076,1909f56bfc062723c751e8b465ee728b)  -> (artifact id: '40db2a19c0b9ac477f615b16b3a39487') in 0.003084 seconds
Number of updated asset objects reloaded before import = 0
Number of asset objects unloaded after import = 28
========================================================================
Received Import Request.
  Time since last request: 1.819400 seconds.
  path: Assets/Craft Items/ShoulderPads/ShoulderPads 2/2 Shoulder 2 green.asset
  artifactKey: Guid(4d4d931c08d2d354f87ed80c920e204f) Importer(815301076,1909f56bfc062723c751e8b465ee728b)
Start importing Assets/Craft Items/ShoulderPads/ShoulderPads 2/2 Shoulder 2 green.asset using Guid(4d4d931c08d2d354f87ed80c920e204f) Importer(815301076,1909f56bfc062723c751e8b465ee728b)  -> (artifact id: '8abb8bb9de4e1573fc9cfdd942ee8184') in 0.002456 seconds
Number of updated asset objects reloaded before import = 0
Number of asset objects unloaded after import = 15
========================================================================
Received Import Request.
  Time since last request: 1.592719 seconds.
  path: Assets/Prefabs/Items/ShoulderPads/ShoulderPads 3/2 Shoulder 3 green.prefab
  artifactKey: Guid(76257c649dd0be24f9c7b963eb6c310d) Importer(815301076,1909f56bfc062723c751e8b465ee728b)
Start importing Assets/Prefabs/Items/ShoulderPads/ShoulderPads 3/2 Shoulder 3 green.prefab using Guid(76257c649dd0be24f9c7b963eb6c310d) Importer(815301076,1909f56bfc062723c751e8b465ee728b)  -> (artifact id: 'b0168f9a9efecaf172fb0189d27e2595') in 0.002976 seconds
Number of updated asset objects reloaded before import = 0
Number of asset objects unloaded after import = 28
========================================================================
Received Import Request.
  Time since last request: 5.183832 seconds.
  path: Assets/Prefabs/Items/ShoulderPads/ShoulderPads 3/3 Shoulder 3 blue.prefab
  artifactKey: Guid(ae753588c7c379e4d970b778ef558507) Importer(815301076,1909f56bfc062723c751e8b465ee728b)
Start importing Assets/Prefabs/Items/ShoulderPads/ShoulderPads 3/3 Shoulder 3 blue.prefab using Guid(ae753588c7c379e4d970b778ef558507) Importer(815301076,1909f56bfc062723c751e8b465ee728b)  -> (artifact id: '87b8b6489ec709ac1fe59826c4e8d5f3') in 0.002866 seconds
Number of updated asset objects reloaded before import = 0
Number of asset objects unloaded after import = 28
========================================================================
Received Import Request.
  Time since last request: 3.867627 seconds.
  path: Assets/Craft Items/ShoulderPads/ShoulderPads 2/4 Shoulder 2 violet.asset
  artifactKey: Guid(ccf48a22f86542b45b88b64aa2a81798) Importer(815301076,1909f56bfc062723c751e8b465ee728b)
Start importing Assets/Craft Items/ShoulderPads/ShoulderPads 2/4 Shoulder 2 violet.asset using Guid(ccf48a22f86542b45b88b64aa2a81798) Importer(815301076,1909f56bfc062723c751e8b465ee728b)  -> (artifact id: '3fa6a740fc4cdf31da4aa970d32b51c1') in 0.002221 seconds
Number of updated asset objects reloaded before import = 0
Number of asset objects unloaded after import = 15
========================================================================
Received Import Request.
  Time since last request: 3.119678 seconds.
  path: Assets/Prefabs/Items/ShoulderPads/ShoulderPads 3/4 Shoulder 3 violet.prefab
  artifactKey: Guid(491d3780b9a2f5e4fb79e3f36a4c9ca2) Importer(815301076,1909f56bfc062723c751e8b465ee728b)
Start importing Assets/Prefabs/Items/ShoulderPads/ShoulderPads 3/4 Shoulder 3 violet.prefab using Guid(491d3780b9a2f5e4fb79e3f36a4c9ca2) Importer(815301076,1909f56bfc062723c751e8b465ee728b)  -> (artifact id: '45f7d6e4d158c0f96d03f757e02055ec') in 0.003191 seconds
Number of updated asset objects reloaded before import = 0
Number of asset objects unloaded after import = 28
========================================================================
Received Import Request.
  Time since last request: 3.197378 seconds.
  path: Assets/Craft Items/ShoulderPads/ShoulderPads 2/5 Shoulder 2 red.asset
  artifactKey: Guid(8ff1bf18f2b61aa478a0f39849f03b4b) Importer(815301076,1909f56bfc062723c751e8b465ee728b)
Start importing Assets/Craft Items/ShoulderPads/ShoulderPads 2/5 Shoulder 2 red.asset using Guid(8ff1bf18f2b61aa478a0f39849f03b4b) Importer(815301076,1909f56bfc062723c751e8b465ee728b)  -> (artifact id: '7958e6aaa092f6eb8f1b84d19c8b9512') in 0.002286 seconds
Number of updated asset objects reloaded before import = 0
Number of asset objects unloaded after import = 15
========================================================================
Received Import Request.
  Time since last request: 2.326831 seconds.
  path: Assets/Prefabs/Items/ShoulderPads/ShoulderPads 3/5 Shoulder 3 red.prefab
  artifactKey: Guid(2e7ea921d91d4084e93ea60ebe6cdbd4) Importer(815301076,1909f56bfc062723c751e8b465ee728b)
Start importing Assets/Prefabs/Items/ShoulderPads/ShoulderPads 3/5 Shoulder 3 red.prefab using Guid(2e7ea921d91d4084e93ea60ebe6cdbd4) Importer(815301076,1909f56bfc062723c751e8b465ee728b)  -> (artifact id: '632a29a75f6b0baf4d1d253aee63a858') in 0.003096 seconds
Number of updated asset objects reloaded before import = 0
Number of asset objects unloaded after import = 28
========================================================================
Received Prepare
Begin MonoManager ReloadAssembly
Symbol file LoadedFromMemory doesn't match image D:\Github\RogueLike_1\RogueLike\Library\PackageCache\com.unity.visualscripting@1.8.0\Editor\VisualScripting.Core\Dependencies\YamlDotNet\Unity.VisualScripting.YamlDotNet.dll
Symbol file LoadedFromMemory doesn't match image D:\Github\RogueLike_1\RogueLike\Library\PackageCache\com.unity.visualscripting@1.8.0\Editor\VisualScripting.Core\Dependencies\DotNetZip\Unity.VisualScripting.IonicZip.dll
- Loaded All Assemblies, in  0.535 seconds
Refreshing native plugins compatible for Editor in 3.19 ms, found 4 plugins.
Native extension for WindowsStandalone target not found
Native extension for Android target not found
Native extension for WebGL target not found
Mono: successfully reloaded assembly
- Finished resetting the current domain, in  1.386 seconds
Domain Reload Profiling: 1922ms
	BeginReloadAssembly (198ms)
		ExecutionOrderSort (0ms)
		DisableScriptedObjects (10ms)
		BackupInstance (0ms)
		ReleaseScriptingObjects (0ms)
		CreateAndSetChildDomain (53ms)
	RebuildCommonClasses (44ms)
	RebuildNativeTypeToScriptingClass (10ms)
	initialDomainReloadingComplete (26ms)
	LoadAllAssembliesAndSetupDomain (257ms)
		LoadAssemblies (336ms)
		RebuildTransferFunctionScriptingTraits (0ms)
		AnalyzeDomain (28ms)
			TypeCache.Refresh (8ms)
				TypeCache.ScanAssembly (0ms)
			ScanForSourceGeneratedMonoScriptInfo (0ms)
			ResolveRequiredComponents (19ms)
	FinalizeReload (1387ms)
		ReleaseScriptCaches (0ms)
		RebuildScriptCaches (0ms)
		SetupLoadedEditorAssemblies (696ms)
			LogAssemblyErrors (0ms)
			InitializePlatformSupportModulesInManaged (32ms)
			SetLoadedEditorAssemblies (5ms)
			RefreshPlugins (0ms)
			BeforeProcessingInitializeOnLoad (96ms)
			ProcessInitializeOnLoadAttributes (465ms)
			ProcessInitializeOnLoadMethodAttributes (94ms)
			AfterProcessingInitializeOnLoad (4ms)
			EditorAssembliesLoaded (0ms)
		ExecutionOrderSort2 (0ms)
		AwakeInstancesAfterBackupRestoration (16ms)
Refreshing native plugins compatible for Editor in 2.95 ms, found 4 plugins.
Preloading 0 native plugins for Editor in 0.00 ms.
Unloading 6380 Unused Serialized files (Serialized files now loaded: 0)
Unloading 61 unused Assets / (1.6 MB). Loaded Objects now: 7094.
Memory consumption went from 239.4 MB to 237.8 MB.
Total: 4.298300 ms (FindLiveObjects: 0.438500 ms CreateObjectMapping: 0.255700 ms MarkObjects: 3.354700 ms  DeleteObjects: 0.248200 ms)

Prepare: number of updated asset objects reloaded= 0
AssetImportParameters requested are different than current active one (requested -> active):
  custom:container-demuxer-ogg: 62fdf1f143b41e24485cea50d1cbac27 -> 
  custom:framework-win-MediaFoundation: 216162199b28c13a410421893ffa2e32 -> 
  custom:container-muxer-webm: aa71ff27fc2769a1b78a27578f13a17b -> 
  custom:video-decoder-webm-vp8: 9c59270c3fd7afecdb556c50c9e8de78 -> 
  custom:SearchIndexIgnoredProperties: e643bd26f0fe6173181afceb89e7c659 -> 
  custom:AudioImporter_EditorPlatform: d09bf68614088b80899f8185d706f6e7 -> 
  custom:audio-decoder-ogg-vorbis: bf7c407c2cedff20999df2af8eb42d56 -> 
  custom:audio-encoder-webm-vorbis: bf7c407c2cedff20999df2af8eb42d56 -> 
  custom:video-decoder-ogg-theora: a1e56fd34408186e4bbccfd4996cb3dc -> 
  custom:CustomObjectIndexerAttribute: d54d2f2da18e7612c182cf67624b6b12 -> 
  custom:container-demuxer-webm: 4f35f7cbe854078d1ac9338744f61a02 -> 
  custom:video-encoder-webm-vp8: eb34c28f22e8b96e1ab97ce403110664 -> 
========================================================================
Received Import Request.
  Time since last request: 539.249762 seconds.
  path: Assets/Craft Items/Neck/Neck 3/1 Neck 3 white.asset
  artifactKey: Guid(63c83d16d383bdd4ab0aeda3fb9abcfe) Importer(815301076,1909f56bfc062723c751e8b465ee728b)
Start importing Assets/Craft Items/Neck/Neck 3/1 Neck 3 white.asset using Guid(63c83d16d383bdd4ab0aeda3fb9abcfe) Importer(815301076,1909f56bfc062723c751e8b465ee728b)  -> (artifact id: 'e474956233c22ff61b1294eecf2f777e') in 0.047327 seconds
Number of updated asset objects reloaded before import = 0
Number of asset objects unloaded after import = 15
========================================================================
Received Import Request.
  Time since last request: 0.000028 seconds.
  path: Assets/Craft Items/Neck/Neck 3/4 Neck 3 violet.asset
  artifactKey: Guid(45ece10895d7a494dbf5526d7a00f820) Importer(815301076,1909f56bfc062723c751e8b465ee728b)
Start importing Assets/Craft Items/Neck/Neck 3/4 Neck 3 violet.asset using Guid(45ece10895d7a494dbf5526d7a00f820) Importer(815301076,1909f56bfc062723c751e8b465ee728b)  -> (artifact id: 'a98098056691171ab6a7e0ff526ef4b0') in 0.002918 seconds
Number of updated asset objects reloaded before import = 0
Number of asset objects unloaded after import = 15
Editor requested this worker to shutdown with reason: Scaling down because of idle timeout
TcpMessagingSession - receive error: operation aborted. errorcode: 995, details:  /   -       .
AssetImportWorker is now disconnected from the server
Process exiting
Exiting without the bug reporter. Application will terminate with return code 0